#
# There is insufficient memory for the Java Runtime Environment to continue.
# Native memory allocation (mmap) failed to map 87031808 bytes. Error detail: G1 virtual space
# Possible reasons:
#   The system is out of physical RAM or swap space
#   This process is running with CompressedOops enabled, and the Java Heap may be blocking the growth of the native heap
# Possible solutions:
#   Reduce memory load on the system
#   Increase physical memory or swap space
#   Check if swap backing store is full
#   Decrease Java heap size (-Xmx/-Xms)
#   Decrease number of Java threads
#   Decrease Java thread stack sizes (-Xss)
#   Set larger code cache with -XX:ReservedCodeCacheSize=
#   JVM is running with Unscaled Compressed Oops mode in which the Java heap is
#     placed in the first 4GB address space. The Java Heap base address is the
#     maximum limit for the native heap growth. Please use -XX:HeapBaseMinAddress
#     to set the Java Heap base and to place the Java Heap above 4GB virtual address.
# This output file may be truncated or incomplete.
#
#  Out of Memory Error (os_windows.cpp:3825), pid=7296, tid=8920
#
# JRE version: OpenJDK Runtime Environment (17.0.11) (build 17.0.11+0--11852314)
# Java VM: OpenJDK 64-Bit Server VM (17.0.11+0--11852314, mixed mode, tiered, compressed oops, compressed class ptrs, g1 gc, windows-amd64)
# No core dump will be written. Minidumps are not enabled by default on client versions of Windows
#

---------------  S U M M A R Y ------------

Command Line: org.jetbrains.kotlin.cli.jvm.K2JVMCompiler @C:\Users\Public\AttendanceProject\app\build\20250318_7318926443404890172.compiler.options

Host: Intel(R) Core(TM) i3-6100U CPU @ 2.30GHz, 4 cores, 7G,  Windows 10 , 64 bit Build 19041 (10.0.19041.5438)
Time: Tue Mar 18 11:49:21 2025 Pakistan Standard Time elapsed time: 15.628023 seconds (0d 0h 0m 15s)

---------------  T H R E A D  ---------------

Current thread (0x000001e632964010):  VMThread "VM Thread" [stack: 0x000000c1c5a00000,0x000000c1c5b00000] [id=8920]

Stack: [0x000000c1c5a00000,0x000000c1c5b00000]
Native frames: (J=compiled Java code, j=interpreted, Vv=VM code, C=native code)
V  [jvm.dll+0x687bb9]
V  [jvm.dll+0x84142a]
V  [jvm.dll+0x8430ae]
V  [jvm.dll+0x843713]
V  [jvm.dll+0x24a35f]
V  [jvm.dll+0x684989]
V  [jvm.dll+0x67923a]
V  [jvm.dll+0x30af0b]
V  [jvm.dll+0x3123b6]
V  [jvm.dll+0x361dfe]
V  [jvm.dll+0x36202f]
V  [jvm.dll+0x2e0d38]
V  [jvm.dll+0x2df144]
V  [jvm.dll+0x2de74c]
V  [jvm.dll+0x32305b]
V  [jvm.dll+0x847e0b]
V  [jvm.dll+0x848b42]
V  [jvm.dll+0x84905d]
V  [jvm.dll+0x849434]
V  [jvm.dll+0x849500]
V  [jvm.dll+0x7efa4a]
V  [jvm.dll+0x686a35]
C  [ucrtbase.dll+0x21bb2]
C  [KERNEL32.DLL+0x17374]
C  [ntdll.dll+0x4cc91]

VM_Operation (0x000000c1c54fbcf0): G1CollectForAllocation, mode: safepoint, requested by thread 0x000001e6199027e0


---------------  P R O C E S S  ---------------

Threads class SMR info:
_java_thread_list=0x000001e6384769b0, length=13, elements={
0x000001e6199027e0, 0x000001e632950480, 0x000001e632951100, 0x000001e632990970,
0x000001e632991240, 0x000001e632992210, 0x000001e632992fe0, 0x000001e632bff510,
0x000001e632c01a40, 0x000001e632c02a50, 0x000001e632d5b530, 0x000001e632d6e130,
0x000001e6386e5020
}

Java Threads: ( => current thread )
  0x000001e6199027e0 JavaThread "main" [_thread_blocked, id=1804, stack(0x000000c1c5400000,0x000000c1c5500000)]
  0x000001e632950480 JavaThread "Reference Handler" daemon [_thread_blocked, id=5184, stack(0x000000c1c5b00000,0x000000c1c5c00000)]
  0x000001e632951100 JavaThread "Finalizer" daemon [_thread_blocked, id=8844, stack(0x000000c1c5c00000,0x000000c1c5d00000)]
  0x000001e632990970 JavaThread "Signal Dispatcher" daemon [_thread_blocked, id=1184, stack(0x000000c1c5d00000,0x000000c1c5e00000)]
  0x000001e632991240 JavaThread "Attach Listener" daemon [_thread_blocked, id=3684, stack(0x000000c1c5e00000,0x000000c1c5f00000)]
  0x000001e632992210 JavaThread "Service Thread" daemon [_thread_blocked, id=12020, stack(0x000000c1c5f00000,0x000000c1c6000000)]
  0x000001e632992fe0 JavaThread "Monitor Deflation Thread" daemon [_thread_blocked, id=6196, stack(0x000000c1c6000000,0x000000c1c6100000)]
  0x000001e632bff510 JavaThread "C2 CompilerThread0" daemon [_thread_blocked, id=2964, stack(0x000000c1c6100000,0x000000c1c6200000)]
  0x000001e632c01a40 JavaThread "C1 CompilerThread0" daemon [_thread_blocked, id=4292, stack(0x000000c1c6200000,0x000000c1c6300000)]
  0x000001e632c02a50 JavaThread "Sweeper thread" daemon [_thread_blocked, id=1244, stack(0x000000c1c6300000,0x000000c1c6400000)]
  0x000001e632d5b530 JavaThread "Notification Thread" daemon [_thread_blocked, id=9056, stack(0x000000c1c6400000,0x000000c1c6500000)]
  0x000001e632d6e130 JavaThread "Common-Cleaner" daemon [_thread_blocked, id=3440, stack(0x000000c1c6600000,0x000000c1c6700000)]
  0x000001e6386e5020 JavaThread "C2 CompilerThread1" daemon [_thread_blocked, id=5836, stack(0x000000c1c6a00000,0x000000c1c6b00000)]

Other Threads:
=>0x000001e632964010 VMThread "VM Thread" [stack: 0x000000c1c5a00000,0x000000c1c5b00000] [id=8920]
  0x000001e632d5de30 WatcherThread [stack: 0x000000c1c6500000,0x000000c1c6600000] [id=4896]
  0x000001e6199542f0 GCTaskThread "GC Thread#0" [stack: 0x000000c1c5500000,0x000000c1c5600000] [id=4728]
  0x000001e637195030 GCTaskThread "GC Thread#1" [stack: 0x000000c1c6700000,0x000000c1c6800000] [id=2252]
  0x000001e6371bab00 GCTaskThread "GC Thread#2" [stack: 0x000000c1c6800000,0x000000c1c6900000] [id=9600]
  0x000001e6371e1860 GCTaskThread "GC Thread#3" [stack: 0x000000c1c6900000,0x000000c1c6a00000] [id=7596]
  0x000001e619963f00 ConcurrentGCThread "G1 Main Marker" [stack: 0x000000c1c5600000,0x000000c1c5700000] [id=11732]
  0x000001e6199660d0 ConcurrentGCThread "G1 Conc#0" [stack: 0x000000c1c5700000,0x000000c1c5800000] [id=8624]
  0x000001e6327b40b0 ConcurrentGCThread "G1 Refine#0" [stack: 0x000000c1c5800000,0x000000c1c5900000] [id=4424]
  0x000001e63a15dcf0 ConcurrentGCThread "G1 Refine#1" [stack: 0x000000c1c6b00000,0x000000c1c6c00000] [id=9348]
  0x000001e6327b4ae0 ConcurrentGCThread "G1 Service" [stack: 0x000000c1c5900000,0x000000c1c5a00000] [id=3076]

Threads with active compile tasks:

VM state: at safepoint (normal execution)

VM Mutex/Monitor currently owned by a thread:  ([mutex/lock_event])
[0x000001e6198fe8a0] Threads_lock - owner thread: 0x000001e632964010
[0x000001e6198fed20] Heap_lock - owner thread: 0x000001e6199027e0

Heap address: 0x0000000089a00000, size: 1894 MB, Compressed Oops mode: 32-bit

CDS archive(s) not mapped
Compressed class space mapped at: 0x0000000100000000-0x0000000140000000, reserved size: 1073741824
Narrow klass base: 0x0000000000000000, Narrow klass shift: 3, Narrow klass range: 0x140000000

GC Precious Log:
 CPUs: 4 total, 4 available
 Memory: 7571M
 Large Page Support: Disabled
 NUMA Support: Disabled
 Compressed Oops: Enabled (32-bit)
 Heap Region Size: 1M
 Heap Min Capacity: 8M
 Heap Initial Capacity: 120M
 Heap Max Capacity: 1894M
 Pre-touch: Disabled
 Parallel Workers: 4
 Concurrent Workers: 1
 Concurrent Refinement Workers: 4
 Periodic GC: Disabled

Heap:
 garbage-first heap   total 122880K, used 56562K [0x0000000089a00000, 0x0000000100000000)
  region size 1024K, 2 young (2048K), 2 survivors (2048K)
 Metaspace       used 62130K, committed 62400K, reserved 1114112K
  class space    used 7014K, committed 7168K, reserved 1048576K

Heap Regions: E=young(eden), S=young(survivor), O=old, HS=humongous(starts), HC=humongous(continues), CS=collection set, F=free, OA=open archive, CA=closed archive, TAMS=top-at-mark-start (previous, next)
|   0|0x0000000089a00000, 0x0000000089b00000, 0x0000000089b00000|100%|HS|  |TAMS 0x0000000089b00000, 0x0000000089b00000| Complete 
|   1|0x0000000089b00000, 0x0000000089c00000, 0x0000000089c00000|100%|HC|  |TAMS 0x0000000089c00000, 0x0000000089c00000| Complete 
|   2|0x0000000089c00000, 0x0000000089d00000, 0x0000000089d00000|100%|HC|  |TAMS 0x0000000089d00000, 0x0000000089d00000| Complete 
|   3|0x0000000089d00000, 0x0000000089e00000, 0x0000000089e00000|100%|HC|  |TAMS 0x0000000089e00000, 0x0000000089e00000| Complete 
|   4|0x0000000089e00000, 0x0000000089f00000, 0x0000000089f00000|100%| O|  |TAMS 0x0000000089f00000, 0x0000000089f00000| Untracked 
|   5|0x0000000089f00000, 0x000000008a000000, 0x000000008a000000|100%| O|  |TAMS 0x000000008a000000, 0x000000008a000000| Untracked 
|   6|0x000000008a000000, 0x000000008a100000, 0x000000008a100000|100%| O|  |TAMS 0x000000008a100000, 0x000000008a100000| Untracked 
|   7|0x000000008a100000, 0x000000008a200000, 0x000000008a200000|100%| O|  |TAMS 0x000000008a200000, 0x000000008a200000| Untracked 
|   8|0x000000008a200000, 0x000000008a300000, 0x000000008a300000|100%| O|  |TAMS 0x000000008a300000, 0x000000008a300000| Untracked 
|   9|0x000000008a300000, 0x000000008a400000, 0x000000008a400000|100%| O|  |TAMS 0x000000008a400000, 0x000000008a400000| Untracked 
|  10|0x000000008a400000, 0x000000008a500000, 0x000000008a500000|100%| O|  |TAMS 0x000000008a400000, 0x000000008a500000| Untracked 
|  11|0x000000008a500000, 0x000000008a600000, 0x000000008a600000|100%| O|  |TAMS 0x000000008a600000, 0x000000008a600000| Untracked 
|  12|0x000000008a600000, 0x000000008a700000, 0x000000008a700000|100%| O|  |TAMS 0x000000008a700000, 0x000000008a700000| Untracked 
|  13|0x000000008a700000, 0x000000008a800000, 0x000000008a800000|100%| O|  |TAMS 0x000000008a800000, 0x000000008a800000| Untracked 
|  14|0x000000008a800000, 0x000000008a900000, 0x000000008a900000|100%| O|  |TAMS 0x000000008a900000, 0x000000008a900000| Untracked 
|  15|0x000000008a900000, 0x000000008aa00000, 0x000000008aa00000|100%| O|  |TAMS 0x000000008aa00000, 0x000000008aa00000| Untracked 
|  16|0x000000008aa00000, 0x000000008ab00000, 0x000000008ab00000|100%| O|  |TAMS 0x000000008ab00000, 0x000000008ab00000| Untracked 
|  17|0x000000008ab00000, 0x000000008ac00000, 0x000000008ac00000|100%| O|  |TAMS 0x000000008ac00000, 0x000000008ac00000| Untracked 
|  18|0x000000008ac00000, 0x000000008ad00000, 0x000000008ad00000|100%| O|  |TAMS 0x000000008ad00000, 0x000000008ad00000| Untracked 
|  19|0x000000008ad00000, 0x000000008ae00000, 0x000000008ae00000|100%| O|  |TAMS 0x000000008ae00000, 0x000000008ae00000| Untracked 
|  20|0x000000008ae00000, 0x000000008af00000, 0x000000008af00000|100%| O|  |TAMS 0x000000008af00000, 0x000000008af00000| Untracked 
|  21|0x000000008af00000, 0x000000008b000000, 0x000000008b000000|100%| O|  |TAMS 0x000000008b000000, 0x000000008b000000| Untracked 
|  22|0x000000008b000000, 0x000000008b100000, 0x000000008b100000|100%|HS|  |TAMS 0x000000008b100000, 0x000000008b100000| Complete 
|  23|0x000000008b100000, 0x000000008b200000, 0x000000008b200000|100%|HC|  |TAMS 0x000000008b200000, 0x000000008b200000| Complete 
|  24|0x000000008b200000, 0x000000008b300000, 0x000000008b300000|100%| O|  |TAMS 0x000000008b300000, 0x000000008b300000| Untracked 
|  25|0x000000008b300000, 0x000000008b400000, 0x000000008b400000|100%| O|  |TAMS 0x000000008b400000, 0x000000008b400000| Untracked 
|  26|0x000000008b400000, 0x000000008b500000, 0x000000008b500000|100%| O|  |TAMS 0x000000008b500000, 0x000000008b500000| Untracked 
|  27|0x000000008b500000, 0x000000008b600000, 0x000000008b600000|100%| O|  |TAMS 0x000000008b600000, 0x000000008b600000| Untracked 
|  28|0x000000008b600000, 0x000000008b700000, 0x000000008b700000|100%| O|  |TAMS 0x000000008b700000, 0x000000008b700000| Untracked 
|  29|0x000000008b700000, 0x000000008b800000, 0x000000008b800000|100%| O|  |TAMS 0x000000008b800000, 0x000000008b800000| Untracked 
|  30|0x000000008b800000, 0x000000008b900000, 0x000000008b900000|100%| O|  |TAMS 0x000000008b900000, 0x000000008b900000| Untracked 
|  31|0x000000008b900000, 0x000000008ba00000, 0x000000008ba00000|100%| O|  |TAMS 0x000000008ba00000, 0x000000008ba00000| Untracked 
|  32|0x000000008ba00000, 0x000000008bb00000, 0x000000008bb00000|100%| O|  |TAMS 0x000000008bb00000, 0x000000008bb00000| Untracked 
|  33|0x000000008bb00000, 0x000000008bc00000, 0x000000008bc00000|100%| O|  |TAMS 0x000000008bc00000, 0x000000008bc00000| Untracked 
|  34|0x000000008bc00000, 0x000000008bd00000, 0x000000008bd00000|100%| O|  |TAMS 0x000000008bd00000, 0x000000008bd00000| Untracked 
|  35|0x000000008bd00000, 0x000000008be00000, 0x000000008be00000|100%| O|  |TAMS 0x000000008be00000, 0x000000008be00000| Untracked 
|  36|0x000000008be00000, 0x000000008bf00000, 0x000000008bf00000|100%| O|  |TAMS 0x000000008bf00000, 0x000000008bf00000| Untracked 
|  37|0x000000008bf00000, 0x000000008c000000, 0x000000008c000000|100%| O|  |TAMS 0x000000008c000000, 0x000000008c000000| Untracked 
|  38|0x000000008c000000, 0x000000008c100000, 0x000000008c100000|100%| O|  |TAMS 0x000000008c100000, 0x000000008c100000| Untracked 
|  39|0x000000008c100000, 0x000000008c100000, 0x000000008c200000|  0%| F|  |TAMS 0x000000008c100000, 0x000000008c100000| Untracked 
|  40|0x000000008c200000, 0x000000008c300000, 0x000000008c300000|100%| O|  |TAMS 0x000000008c300000, 0x000000008c300000| Untracked 
|  41|0x000000008c300000, 0x000000008c400000, 0x000000008c400000|100%| O|  |TAMS 0x000000008c400000, 0x000000008c400000| Untracked 
|  42|0x000000008c400000, 0x000000008c500000, 0x000000008c500000|100%| O|  |TAMS 0x000000008c500000, 0x000000008c500000| Untracked 
|  43|0x000000008c500000, 0x000000008c600000, 0x000000008c600000|100%| O|  |TAMS 0x000000008c600000, 0x000000008c600000| Untracked 
|  44|0x000000008c600000, 0x000000008c700000, 0x000000008c700000|100%| O|  |TAMS 0x000000008c700000, 0x000000008c700000| Untracked 
|  45|0x000000008c700000, 0x000000008c800000, 0x000000008c800000|100%| O|  |TAMS 0x000000008c800000, 0x000000008c800000| Untracked 
|  46|0x000000008c800000, 0x000000008c900000, 0x000000008c900000|100%| O|  |TAMS 0x000000008c900000, 0x000000008c900000| Untracked 
|  47|0x000000008c900000, 0x000000008ca00000, 0x000000008ca00000|100%| O|  |TAMS 0x000000008ca00000, 0x000000008ca00000| Untracked 
|  48|0x000000008ca00000, 0x000000008cb00000, 0x000000008cb00000|100%| O|  |TAMS 0x000000008cabf800, 0x000000008cb00000| Untracked 
|  49|0x000000008cb00000, 0x000000008cc00000, 0x000000008cc00000|100%| O|  |TAMS 0x000000008cb00000, 0x000000008cc00000| Untracked 
|  50|0x000000008cc00000, 0x000000008cd00000, 0x000000008cd00000|100%| O|  |TAMS 0x000000008cc00000, 0x000000008cd00000| Untracked 
|  51|0x000000008cd00000, 0x000000008ce00000, 0x000000008ce00000|100%| O|  |TAMS 0x000000008cd00000, 0x000000008ce00000| Untracked 
|  52|0x000000008ce00000, 0x000000008cf00000, 0x000000008cf00000|100%| O|  |TAMS 0x000000008ce00000, 0x000000008cf00000| Untracked 
|  53|0x000000008cf00000, 0x000000008d000000, 0x000000008d000000|100%| O|  |TAMS 0x000000008cf00000, 0x000000008d000000| Untracked 
|  54|0x000000008d000000, 0x000000008d03c800, 0x000000008d100000| 23%| O|  |TAMS 0x000000008d000000, 0x000000008d03c800| Untracked 
|  55|0x000000008d100000, 0x000000008d100000, 0x000000008d200000|  0%| F|  |TAMS 0x000000008d100000, 0x000000008d100000| Untracked 
|  56|0x000000008d200000, 0x000000008d200000, 0x000000008d300000|  0%| F|  |TAMS 0x000000008d200000, 0x000000008d200000| Untracked 
|  57|0x000000008d300000, 0x000000008d300000, 0x000000008d400000|  0%| F|  |TAMS 0x000000008d300000, 0x000000008d300000| Untracked 
|  58|0x000000008d400000, 0x000000008d400000, 0x000000008d500000|  0%| F|  |TAMS 0x000000008d400000, 0x000000008d400000| Untracked 
|  59|0x000000008d500000, 0x000000008d500000, 0x000000008d600000|  0%| F|  |TAMS 0x000000008d500000, 0x000000008d500000| Untracked 
|  60|0x000000008d600000, 0x000000008d600000, 0x000000008d700000|  0%| F|  |TAMS 0x000000008d600000, 0x000000008d600000| Untracked 
|  61|0x000000008d700000, 0x000000008d700000, 0x000000008d800000|  0%| F|  |TAMS 0x000000008d700000, 0x000000008d700000| Untracked 
|  62|0x000000008d800000, 0x000000008d800000, 0x000000008d900000|  0%| F|  |TAMS 0x000000008d800000, 0x000000008d800000| Untracked 
|  63|0x000000008d900000, 0x000000008d900000, 0x000000008da00000|  0%| F|  |TAMS 0x000000008d900000, 0x000000008d900000| Untracked 
|  64|0x000000008da00000, 0x000000008da00000, 0x000000008db00000|  0%| F|  |TAMS 0x000000008da00000, 0x000000008da00000| Untracked 
|  65|0x000000008db00000, 0x000000008db00000, 0x000000008dc00000|  0%| F|  |TAMS 0x000000008db00000, 0x000000008db00000| Untracked 
|  66|0x000000008dc00000, 0x000000008dc00000, 0x000000008dd00000|  0%| F|  |TAMS 0x000000008dc00000, 0x000000008dc00000| Untracked 
|  67|0x000000008dd00000, 0x000000008dd00000, 0x000000008de00000|  0%| F|  |TAMS 0x000000008dd00000, 0x000000008dd00000| Untracked 
|  68|0x000000008de00000, 0x000000008de00000, 0x000000008df00000|  0%| F|  |TAMS 0x000000008de00000, 0x000000008de00000| Untracked 
|  69|0x000000008df00000, 0x000000008df00000, 0x000000008e000000|  0%| F|  |TAMS 0x000000008df00000, 0x000000008df00000| Untracked 
|  70|0x000000008e000000, 0x000000008e000000, 0x000000008e100000|  0%| F|  |TAMS 0x000000008e000000, 0x000000008e000000| Untracked 
|  71|0x000000008e100000, 0x000000008e100000, 0x000000008e200000|  0%| F|  |TAMS 0x000000008e100000, 0x000000008e100000| Untracked 
|  72|0x000000008e200000, 0x000000008e300000, 0x000000008e300000|100%| S|CS|TAMS 0x000000008e200000, 0x000000008e200000| Complete 
|  73|0x000000008e300000, 0x000000008e400000, 0x000000008e400000|100%| S|CS|TAMS 0x000000008e300000, 0x000000008e300000| Complete 
|  74|0x000000008e400000, 0x000000008e400000, 0x000000008e500000|  0%| F|  |TAMS 0x000000008e400000, 0x000000008e400000| Untracked 
|  75|0x000000008e500000, 0x000000008e500000, 0x000000008e600000|  0%| F|  |TAMS 0x000000008e500000, 0x000000008e500000| Untracked 
|  76|0x000000008e600000, 0x000000008e600000, 0x000000008e700000|  0%| F|  |TAMS 0x000000008e600000, 0x000000008e600000| Untracked 
|  77|0x000000008e700000, 0x000000008e700000, 0x000000008e800000|  0%| F|  |TAMS 0x000000008e700000, 0x000000008e700000| Untracked 
|  78|0x000000008e800000, 0x000000008e800000, 0x000000008e900000|  0%| F|  |TAMS 0x000000008e800000, 0x000000008e800000| Untracked 
|  79|0x000000008e900000, 0x000000008e900000, 0x000000008ea00000|  0%| F|  |TAMS 0x000000008e900000, 0x000000008e900000| Untracked 
|  80|0x000000008ea00000, 0x000000008ea00000, 0x000000008eb00000|  0%| F|  |TAMS 0x000000008ea00000, 0x000000008ea00000| Untracked 
|  81|0x000000008eb00000, 0x000000008eb00000, 0x000000008ec00000|  0%| F|  |TAMS 0x000000008eb00000, 0x000000008eb00000| Untracked 
|  82|0x000000008ec00000, 0x000000008ec00000, 0x000000008ed00000|  0%| F|  |TAMS 0x000000008ec00000, 0x000000008ec00000| Untracked 
|  83|0x000000008ed00000, 0x000000008ed00000, 0x000000008ee00000|  0%| F|  |TAMS 0x000000008ed00000, 0x000000008ed00000| Untracked 
|  84|0x000000008ee00000, 0x000000008ee00000, 0x000000008ef00000|  0%| F|  |TAMS 0x000000008ee00000, 0x000000008ee00000| Untracked 
|  85|0x000000008ef00000, 0x000000008ef00000, 0x000000008f000000|  0%| F|  |TAMS 0x000000008ef00000, 0x000000008ef00000| Untracked 
|  86|0x000000008f000000, 0x000000008f000000, 0x000000008f100000|  0%| F|  |TAMS 0x000000008f000000, 0x000000008f000000| Untracked 
|  87|0x000000008f100000, 0x000000008f100000, 0x000000008f200000|  0%| F|  |TAMS 0x000000008f100000, 0x000000008f100000| Untracked 
|  88|0x000000008f200000, 0x000000008f200000, 0x000000008f300000|  0%| F|  |TAMS 0x000000008f200000, 0x000000008f200000| Untracked 
|  89|0x000000008f300000, 0x000000008f300000, 0x000000008f400000|  0%| F|  |TAMS 0x000000008f300000, 0x000000008f300000| Untracked 
|  90|0x000000008f400000, 0x000000008f400000, 0x000000008f500000|  0%| F|  |TAMS 0x000000008f400000, 0x000000008f400000| Untracked 
|  91|0x000000008f500000, 0x000000008f500000, 0x000000008f600000|  0%| F|  |TAMS 0x000000008f500000, 0x000000008f500000| Untracked 
|  92|0x000000008f600000, 0x000000008f600000, 0x000000008f700000|  0%| F|  |TAMS 0x000000008f600000, 0x000000008f600000| Untracked 
|  93|0x000000008f700000, 0x000000008f700000, 0x000000008f800000|  0%| F|  |TAMS 0x000000008f700000, 0x000000008f700000| Untracked 
|  94|0x000000008f800000, 0x000000008f800000, 0x000000008f900000|  0%| F|  |TAMS 0x000000008f800000, 0x000000008f800000| Untracked 
|  95|0x000000008f900000, 0x000000008f900000, 0x000000008fa00000|  0%| F|  |TAMS 0x000000008f900000, 0x000000008f900000| Untracked 
|  96|0x000000008fa00000, 0x000000008fa00000, 0x000000008fb00000|  0%| F|  |TAMS 0x000000008fa00000, 0x000000008fa00000| Untracked 
|  97|0x000000008fb00000, 0x000000008fb00000, 0x000000008fc00000|  0%| F|  |TAMS 0x000000008fb00000, 0x000000008fb00000| Untracked 
|  98|0x000000008fc00000, 0x000000008fc00000, 0x000000008fd00000|  0%| F|  |TAMS 0x000000008fc00000, 0x000000008fc00000| Untracked 
|  99|0x000000008fd00000, 0x000000008fd00000, 0x000000008fe00000|  0%| F|  |TAMS 0x000000008fd00000, 0x000000008fd00000| Untracked 
| 100|0x000000008fe00000, 0x000000008fe00000, 0x000000008ff00000|  0%| F|  |TAMS 0x000000008fe00000, 0x000000008fe00000| Untracked 
| 101|0x000000008ff00000, 0x000000008ff00000, 0x0000000090000000|  0%| F|  |TAMS 0x000000008ff00000, 0x000000008ff00000| Untracked 
| 102|0x0000000090000000, 0x0000000090000000, 0x0000000090100000|  0%| F|  |TAMS 0x0000000090000000, 0x0000000090000000| Untracked 
| 103|0x0000000090100000, 0x0000000090100000, 0x0000000090200000|  0%| F|  |TAMS 0x0000000090100000, 0x0000000090100000| Untracked 
| 104|0x0000000090200000, 0x0000000090200000, 0x0000000090300000|  0%| F|  |TAMS 0x0000000090200000, 0x0000000090200000| Untracked 
| 105|0x0000000090300000, 0x0000000090300000, 0x0000000090400000|  0%| F|  |TAMS 0x0000000090300000, 0x0000000090300000| Untracked 
| 106|0x0000000090400000, 0x0000000090400000, 0x0000000090500000|  0%| F|  |TAMS 0x0000000090400000, 0x0000000090400000| Untracked 
| 107|0x0000000090500000, 0x0000000090500000, 0x0000000090600000|  0%| F|  |TAMS 0x0000000090500000, 0x0000000090500000| Untracked 
| 108|0x0000000090600000, 0x0000000090600000, 0x0000000090700000|  0%| F|  |TAMS 0x0000000090600000, 0x0000000090600000| Untracked 
| 109|0x0000000090700000, 0x0000000090700000, 0x0000000090800000|  0%| F|  |TAMS 0x0000000090700000, 0x0000000090700000| Untracked 
| 110|0x0000000090800000, 0x0000000090800000, 0x0000000090900000|  0%| F|  |TAMS 0x0000000090800000, 0x0000000090800000| Untracked 
| 111|0x0000000090900000, 0x0000000090900000, 0x0000000090a00000|  0%| F|  |TAMS 0x0000000090900000, 0x0000000090900000| Untracked 
| 112|0x0000000090a00000, 0x0000000090a00000, 0x0000000090b00000|  0%| F|  |TAMS 0x0000000090a00000, 0x0000000090a00000| Untracked 
| 113|0x0000000090b00000, 0x0000000090b00000, 0x0000000090c00000|  0%| F|  |TAMS 0x0000000090b00000, 0x0000000090b00000| Untracked 
| 114|0x0000000090c00000, 0x0000000090c00000, 0x0000000090d00000|  0%| F|  |TAMS 0x0000000090c00000, 0x0000000090c00000| Untracked 
| 115|0x0000000090d00000, 0x0000000090d00000, 0x0000000090e00000|  0%| F|  |TAMS 0x0000000090d00000, 0x0000000090d00000| Untracked 
| 116|0x0000000090e00000, 0x0000000090e00000, 0x0000000090f00000|  0%| F|  |TAMS 0x0000000090e00000, 0x0000000090e00000| Untracked 
| 117|0x0000000090f00000, 0x0000000090f00000, 0x0000000091000000|  0%| F|  |TAMS 0x0000000090f00000, 0x0000000090f00000| Untracked 
| 118|0x0000000091000000, 0x0000000091000000, 0x0000000091100000|  0%| F|  |TAMS 0x0000000091000000, 0x0000000091000000| Untracked 
| 119|0x0000000091100000, 0x0000000091100000, 0x0000000091200000|  0%| F|  |TAMS 0x0000000091100000, 0x0000000091100000| Untracked 

Card table byte_map: [0x000001e62c1a0000,0x000001e62c560000] _byte_map_base: 0x000001e62bd53000

Marking Bits (Prev, Next): (CMBitMap*) 0x000001e619954950, (CMBitMap*) 0x000001e619954910
 Prev Bits: [0x000001e62e6c0000, 0x000001e630458000)
 Next Bits: [0x000001e62c920000, 0x000001e62e6b8000)

Polling page: 0x000001e617840000

Metaspace:

Usage:
  Non-class:     53.82 MB used.
      Class:      6.85 MB used.
       Both:     60.67 MB used.

Virtual space:
  Non-class space:       64.00 MB reserved,      53.94 MB ( 84%) committed,  1 nodes.
      Class space:        1.00 GB reserved,       7.00 MB ( <1%) committed,  1 nodes.
             Both:        1.06 GB reserved,      60.94 MB (  6%) committed. 

Chunk freelists:
   Non-Class:  9.39 MB
       Class:  9.00 MB
        Both:  18.39 MB

MaxMetaspaceSize: unlimited
CompressedClassSpaceSize: 1.00 GB
Initial GC threshold: 21.00 MB
Current GC threshold: 98.12 MB
CDS: off
MetaspaceReclaimPolicy: balanced
 - commit_granule_bytes: 65536.
 - commit_granule_words: 8192.
 - virtual_space_node_default_size: 8388608.
 - enlarge_chunks_in_place: 1.
 - new_chunks_are_fully_committed: 0.
 - uncommit_free_chunks: 1.
 - use_allocation_guard: 0.
 - handle_deallocations: 1.


Internal statistics:

num_allocs_failed_limit: 6.
num_arena_births: 278.
num_arena_deaths: 0.
num_vsnodes_births: 2.
num_vsnodes_deaths: 0.
num_space_committed: 973.
num_space_uncommitted: 0.
num_chunks_returned_to_freelist: 6.
num_chunks_taken_from_freelist: 2259.
num_chunk_merges: 6.
num_chunk_splits: 1791.
num_chunks_enlarged: 1567.
num_inconsistent_stats: 0.

CodeHeap 'non-profiled nmethods': size=120000Kb used=4345Kb max_used=4596Kb free=115654Kb
 bounds [0x000001e6248b0000, 0x000001e624d40000, 0x000001e62bde0000]
CodeHeap 'profiled nmethods': size=120000Kb used=26267Kb max_used=27562Kb free=93732Kb
 bounds [0x000001e61cde0000, 0x000001e61e8d0000, 0x000001e624310000]
CodeHeap 'non-nmethods': size=5760Kb used=1297Kb max_used=1389Kb free=4462Kb
 bounds [0x000001e624310000, 0x000001e624580000, 0x000001e6248b0000]
 total_blobs=9146 nmethods=8541 adapters=515
 compilation: enabled
              stopped_count=0, restarted_count=0
 full_count=0

Compilation events (20 events):
Event: 15.597 Thread 0x000001e632c01a40 nmethod 10057 0x000001e61d587910 code [0x000001e61d587ae0, 0x000001e61d587e78]
Event: 15.597 Thread 0x000001e632c01a40 10058       3       org.jetbrains.kotlin.psi.KtVisitorVoid::visitKtElement (16 bytes)
Event: 15.598 Thread 0x000001e632c01a40 nmethod 10058 0x000001e61d3f4c10 code [0x000001e61d3f4dc0, 0x000001e61d3f5018]
Event: 15.598 Thread 0x000001e632bff510 nmethod 10056 0x000001e624bf3890 code [0x000001e624bf3a20, 0x000001e624bf3b18]
Event: 15.602 Thread 0x000001e632c01a40 10059       3       kotlin.sequences.SequencesKt___SequencesKt$flatMap$2::invoke (9 bytes)
Event: 15.602 Thread 0x000001e632bff510 10061       4       kotlin.sequences.FlatteningSequence$iterator$1::ensureItemIterator (112 bytes)
Event: 15.603 Thread 0x000001e632c01a40 nmethod 10059 0x000001e61d672390 code [0x000001e61d6725c0, 0x000001e61d672d68]
Event: 15.603 Thread 0x000001e632c01a40 10060       3       kotlin.sequences.SequencesKt___SequencesKt$flatMap$2::invoke (13 bytes)
Event: 15.603 Thread 0x000001e632c01a40 nmethod 10060 0x000001e61d82ea90 code [0x000001e61d82eca0, 0x000001e61d82f2e8]
Event: 15.604 Thread 0x000001e6386e5020 10062       4       org.jetbrains.kotlin.resolve.deprecation.DescriptorBasedDeprecationInfoKt::getDEPRECATED_FUNCTION_KEY (4 bytes)
Event: 15.604 Thread 0x000001e6386e5020 nmethod 10062 0x000001e624bf3590 code [0x000001e624bf3700, 0x000001e624bf3758]
Event: 15.604 Thread 0x000001e632c01a40 10064       3       org.jetbrains.kotlin.resolve.jvm.checkers.BadInheritedJavaSignaturesCheckerKt::findFirstBadJavaSignatureOverridden (90 bytes)
Event: 15.605 Thread 0x000001e632c01a40 nmethod 10064 0x000001e61d4af690 code [0x000001e61d4af900, 0x000001e61d4b0618]
Event: 15.605 Thread 0x000001e632c01a40 10063       3       org.jetbrains.kotlin.resolve.jvm.checkers.BadInheritedJavaSignaturesCheckerKt::access$findFirstBadJavaSignatureOverridden (5 bytes)
Event: 15.605 Thread 0x000001e632c01a40 nmethod 10063 0x000001e61d3b8390 code [0x000001e61d3b8520, 0x000001e61d3b8628]
Event: 15.611 Thread 0x000001e632c01a40 10065       3       org.jetbrains.kotlin.psi.KtTypeParameterListOwnerStub::getNameIdentifier (5 bytes)
Event: 15.611 Thread 0x000001e632bff510 nmethod 10061 0x000001e624aa2790 code [0x000001e624aa2920, 0x000001e624aa2c98]
Event: 15.611 Thread 0x000001e632c01a40 nmethod 10065 0x000001e61d69b090 code [0x000001e61d69b260, 0x000001e61d69b728]
Event: 15.615 Thread 0x000001e632c01a40 10066       1       org.jetbrains.kotlin.resolve.ModifiersChecker::access$000 (5 bytes)
Event: 15.615 Thread 0x000001e632c01a40 nmethod 10066 0x000001e624bf3290 code [0x000001e624bf3420, 0x000001e624bf34d8]

GC Heap History (20 events):
Event: 6.610 GC heap after
{Heap after GC invocations=15 (full 0):
 garbage-first heap   total 72704K, used 32935K [0x0000000089a00000, 0x0000000100000000)
  region size 1024K, 3 young (3072K), 3 survivors (3072K)
 Metaspace       used 51576K, committed 51776K, reserved 1114112K
  class space    used 6202K, committed 6272K, reserved 1048576K
}
Event: 7.113 GC heap before
{Heap before GC invocations=15 (full 0):
 garbage-first heap   total 72704K, used 56487K [0x0000000089a00000, 0x0000000100000000)
  region size 1024K, 26 young (26624K), 3 survivors (3072K)
 Metaspace       used 52555K, committed 52800K, reserved 1114112K
  class space    used 6308K, committed 6400K, reserved 1048576K
}
Event: 7.130 GC heap after
{Heap after GC invocations=16 (full 0):
 garbage-first heap   total 72704K, used 36256K [0x0000000089a00000, 0x0000000100000000)
  region size 1024K, 4 young (4096K), 4 survivors (4096K)
 Metaspace       used 52555K, committed 52800K, reserved 1114112K
  class space    used 6308K, committed 6400K, reserved 1048576K
}
Event: 8.203 GC heap before
{Heap before GC invocations=16 (full 0):
 garbage-first heap   total 72704K, used 56736K [0x0000000089a00000, 0x0000000100000000)
  region size 1024K, 24 young (24576K), 4 survivors (4096K)
 Metaspace       used 53893K, committed 54080K, reserved 1114112K
  class space    used 6367K, committed 6464K, reserved 1048576K
}
Event: 8.228 GC heap after
{Heap after GC invocations=17 (full 0):
 garbage-first heap   total 72704K, used 40098K [0x0000000089a00000, 0x0000000100000000)
  region size 1024K, 3 young (3072K), 3 survivors (3072K)
 Metaspace       used 53893K, committed 54080K, reserved 1114112K
  class space    used 6367K, committed 6464K, reserved 1048576K
}
Event: 8.683 GC heap before
{Heap before GC invocations=18 (full 0):
 garbage-first heap   total 73728K, used 56482K [0x0000000089a00000, 0x0000000100000000)
  region size 1024K, 19 young (19456K), 3 survivors (3072K)
 Metaspace       used 54551K, committed 54784K, reserved 1114112K
  class space    used 6442K, committed 6528K, reserved 1048576K
}
Event: 8.700 GC heap after
{Heap after GC invocations=19 (full 0):
 garbage-first heap   total 73728K, used 43401K [0x0000000089a00000, 0x0000000100000000)
  region size 1024K, 3 young (3072K), 3 survivors (3072K)
 Metaspace       used 54551K, committed 54784K, reserved 1114112K
  class space    used 6442K, committed 6528K, reserved 1048576K
}
Event: 9.549 GC heap before
{Heap before GC invocations=19 (full 0):
 garbage-first heap   total 73728K, used 57737K [0x0000000089a00000, 0x0000000100000000)
  region size 1024K, 17 young (17408K), 3 survivors (3072K)
 Metaspace       used 55540K, committed 55808K, reserved 1114112K
  class space    used 6535K, committed 6656K, reserved 1048576K
}
Event: 9.564 GC heap after
{Heap after GC invocations=20 (full 0):
 garbage-first heap   total 102400K, used 45641K [0x0000000089a00000, 0x0000000100000000)
  region size 1024K, 3 young (3072K), 3 survivors (3072K)
 Metaspace       used 55540K, committed 55808K, reserved 1114112K
  class space    used 6535K, committed 6656K, reserved 1048576K
}
Event: 11.085 GC heap before
{Heap before GC invocations=21 (full 0):
 garbage-first heap   total 102400K, used 76361K [0x0000000089a00000, 0x0000000100000000)
  region size 1024K, 33 young (33792K), 3 survivors (3072K)
 Metaspace       used 58465K, committed 58752K, reserved 1114112K
  class space    used 6814K, committed 6912K, reserved 1048576K
}
Event: 11.107 GC heap after
{Heap after GC invocations=22 (full 0):
 garbage-first heap   total 102400K, used 49667K [0x0000000089a00000, 0x0000000100000000)
  region size 1024K, 5 young (5120K), 5 survivors (5120K)
 Metaspace       used 58465K, committed 58752K, reserved 1114112K
  class space    used 6814K, committed 6912K, reserved 1048576K
}
Event: 11.214 GC heap before
{Heap before GC invocations=22 (full 0):
 garbage-first heap   total 102400K, used 50691K [0x0000000089a00000, 0x0000000100000000)
  region size 1024K, 6 young (6144K), 5 survivors (5120K)
 Metaspace       used 58571K, committed 58816K, reserved 1114112K
  class space    used 6814K, committed 6912K, reserved 1048576K
}
Event: 11.233 GC heap after
{Heap after GC invocations=23 (full 0):
 garbage-first heap   total 102400K, used 49676K [0x0000000089a00000, 0x0000000100000000)
  region size 1024K, 1 young (1024K), 1 survivors (1024K)
 Metaspace       used 58571K, committed 58816K, reserved 1114112K
  class space    used 6814K, committed 6912K, reserved 1048576K
}
Event: 13.031 GC heap before
{Heap before GC invocations=23 (full 0):
 garbage-first heap   total 102400K, used 78348K [0x0000000089a00000, 0x0000000100000000)
  region size 1024K, 29 young (29696K), 1 survivors (1024K)
 Metaspace       used 59853K, committed 60224K, reserved 1114112K
  class space    used 6860K, committed 7040K, reserved 1048576K
}
Event: 13.046 GC heap after
{Heap after GC invocations=24 (full 0):
 garbage-first heap   total 102400K, used 51886K [0x0000000089a00000, 0x0000000100000000)
  region size 1024K, 3 young (3072K), 3 survivors (3072K)
 Metaspace       used 59853K, committed 60224K, reserved 1114112K
  class space    used 6860K, committed 7040K, reserved 1048576K
}
Event: 14.564 GC heap before
{Heap before GC invocations=25 (full 0):
 garbage-first heap   total 102400K, used 80558K [0x0000000089a00000, 0x0000000100000000)
  region size 1024K, 31 young (31744K), 3 survivors (3072K)
 Metaspace       used 60655K, committed 60928K, reserved 1114112K
  class space    used 6891K, committed 7040K, reserved 1048576K
}
Event: 14.585 GC heap after
{Heap after GC invocations=26 (full 0):
 garbage-first heap   total 102400K, used 55228K [0x0000000089a00000, 0x0000000100000000)
  region size 1024K, 4 young (4096K), 4 survivors (4096K)
 Metaspace       used 60655K, committed 60928K, reserved 1114112K
  class space    used 6891K, committed 7040K, reserved 1048576K
}
Event: 14.608 GC heap before
{Heap before GC invocations=26 (full 0):
 garbage-first heap   total 102400K, used 56252K [0x0000000089a00000, 0x0000000100000000)
  region size 1024K, 5 young (5120K), 4 survivors (4096K)
 Metaspace       used 60712K, committed 60992K, reserved 1114112K
  class space    used 6897K, committed 7040K, reserved 1048576K
}
Event: 14.621 GC heap after
{Heap after GC invocations=27 (full 0):
 garbage-first heap   total 102400K, used 55092K [0x0000000089a00000, 0x0000000100000000)
  region size 1024K, 1 young (1024K), 1 survivors (1024K)
 Metaspace       used 60712K, committed 60992K, reserved 1114112K
  class space    used 6897K, committed 7040K, reserved 1048576K
}
Event: 15.615 GC heap before
{Heap before GC invocations=27 (full 0):
 garbage-first heap   total 102400K, used 80692K [0x0000000089a00000, 0x0000000100000000)
  region size 1024K, 26 young (26624K), 1 survivors (1024K)
 Metaspace       used 62130K, committed 62400K, reserved 1114112K
  class space    used 7014K, committed 7168K, reserved 1048576K
}

Dll operation events (2 events):
Event: 0.011 Loaded shared library C:\Program Files\Android\Android Studio\jbr\bin\java.dll
Event: 2.752 Loaded shared library C:\Program Files\Android\Android Studio\jbr\bin\verify.dll

Deoptimization events (20 events):
Event: 15.295 Thread 0x000001e6199027e0 Uncommon trap: trap_request=0xffffffc6 fr.pc=0x000001e624c3b830 relative=0x0000000000000090
Event: 15.295 Thread 0x000001e6199027e0 Uncommon trap: reason=bimorphic_or_optimized_type_check action=maybe_recompile pc=0x000001e624c3b830 method=kotlin.collections.ReversedList.getSize()I @ 4 c2
Event: 15.295 Thread 0x000001e6199027e0 DEOPT PACKING pc=0x000001e624c3b830 sp=0x000000c1c54fc470
Event: 15.295 Thread 0x000001e6199027e0 DEOPT UNPACKING pc=0x000001e6243669a3 sp=0x000000c1c54fc398 mode 2
Event: 15.303 Thread 0x000001e6199027e0 Uncommon trap: trap_request=0xffffffc6 fr.pc=0x000001e624c3d19c relative=0x000000000000007c
Event: 15.303 Thread 0x000001e6199027e0 Uncommon trap: reason=bimorphic_or_optimized_type_check action=maybe_recompile pc=0x000001e624c3d19c method=kotlin.collections.ReversedList.getSize()I @ 4 c2
Event: 15.303 Thread 0x000001e6199027e0 DEOPT PACKING pc=0x000001e624c3d19c sp=0x000000c1c54fd010
Event: 15.303 Thread 0x000001e6199027e0 DEOPT UNPACKING pc=0x000001e6243669a3 sp=0x000000c1c54fcfa0 mode 2
Event: 15.329 Thread 0x000001e6199027e0 Uncommon trap: trap_request=0xffffff45 fr.pc=0x000001e624aab974 relative=0x0000000000000714
Event: 15.329 Thread 0x000001e6199027e0 Uncommon trap: reason=unstable_if action=reinterpret pc=0x000001e624aab974 method=org.jetbrains.kotlin.psi.psiUtil.KtPsiUtilKt.getQualifiedElementSelector(Lorg/jetbrains/kotlin/psi/KtElement;)Lorg/jetbrains/kotlin/psi/KtElement; @ 12 c2
Event: 15.329 Thread 0x000001e6199027e0 DEOPT PACKING pc=0x000001e624aab974 sp=0x000000c1c54fa890
Event: 15.329 Thread 0x000001e6199027e0 DEOPT UNPACKING pc=0x000001e6243669a3 sp=0x000000c1c54fa840 mode 2
Event: 15.353 Thread 0x000001e6199027e0 Uncommon trap: trap_request=0xffffffde fr.pc=0x000001e624bc8570 relative=0x00000000000008b0
Event: 15.358 Thread 0x000001e6199027e0 Uncommon trap: reason=class_check action=maybe_recompile pc=0x000001e624bc8570 method=kotlin.collections.CollectionsKt__MutableCollectionsKt.addAll(Ljava/util/Collection;Ljava/lang/Iterable;)Z @ 59 c2
Event: 15.358 Thread 0x000001e6199027e0 DEOPT PACKING pc=0x000001e624bc8570 sp=0x000000c1c54fd750
Event: 15.358 Thread 0x000001e6199027e0 DEOPT UNPACKING pc=0x000001e6243669a3 sp=0x000000c1c54fd740 mode 2
Event: 15.361 Thread 0x000001e6199027e0 Uncommon trap: trap_request=0xffffffde fr.pc=0x000001e624bc8570 relative=0x00000000000008b0
Event: 15.361 Thread 0x000001e6199027e0 Uncommon trap: reason=class_check action=maybe_recompile pc=0x000001e624bc8570 method=kotlin.collections.CollectionsKt__MutableCollectionsKt.addAll(Ljava/util/Collection;Ljava/lang/Iterable;)Z @ 59 c2
Event: 15.361 Thread 0x000001e6199027e0 DEOPT PACKING pc=0x000001e624bc8570 sp=0x000000c1c54fd430
Event: 15.361 Thread 0x000001e6199027e0 DEOPT UNPACKING pc=0x000001e6243669a3 sp=0x000000c1c54fd420 mode 2

Classes unloaded (0 events):
No events

Classes redefined (0 events):
No events

Internal exceptions (20 events):
Event: 5.187 Thread 0x000001e6199027e0 Exception <a 'java/lang/NoSuchMethodError'{0x000000008cac2bf8}: 'java.lang.Object java.lang.invoke.Invokers$Holder.linkToTargetMethod(java.lang.Object, java.lang.Object, int, java.lang.Object)'> (0x000000008cac2bf8) 
thrown [s\src\hotspot\share\interpreter\linkResolver.cpp, line 771]
Event: 6.640 Thread 0x000001e6199027e0 Exception <a 'java/lang/NoSuchMethodError'{0x00000000911c9b48}: 'java.lang.Object java.lang.invoke.DirectMethodHandle$Holder.newInvokeSpecial(java.lang.Object, java.lang.Object, java.lang.Object, java.lang.Object, java.lang.Object, java.lang.Object)'> (0x00000000911c9b48) 
thrown [s\src\hotspot\share\interpreter\linkResolver.cpp, line 771]
Event: 6.647 Thread 0x000001e6199027e0 Implicit null exception at 0x000001e624a2acef to 0x000001e624a2aedc
Event: 6.831 Thread 0x000001e6199027e0 Implicit null exception at 0x000001e6248f886f to 0x000001e6248f8a4c
Event: 7.347 Thread 0x000001e6199027e0 Exception <a 'java/lang/NoSuchMethodError'{0x000000008f1a7640}: 'java.lang.Object java.lang.invoke.DirectMethodHandle$Holder.invokeStaticInit(java.lang.Object, java.lang.Object, java.lang.Object)'> (0x000000008f1a7640) 
thrown [s\src\hotspot\share\interpreter\linkResolver.cpp, line 771]
Event: 8.618 Thread 0x000001e6199027e0 Exception <a 'java/lang/NoSuchMethodError'{0x000000008d50da40}: 'int java.lang.invoke.DirectMethodHandle$Holder.invokeStaticInit(java.lang.Object, int)'> (0x000000008d50da40) 
thrown [s\src\hotspot\share\interpreter\linkResolver.cpp, line 771]
Event: 9.805 Thread 0x000001e6199027e0 Implicit null exception at 0x000001e6249a7794 to 0x000001e6249a788c
Event: 9.806 Thread 0x000001e6199027e0 Implicit null exception at 0x000001e6249159e0 to 0x000001e624915a7a
Event: 10.219 Thread 0x000001e6199027e0 Implicit null exception at 0x000001e624b464c0 to 0x000001e624b4654d
Event: 10.318 Thread 0x000001e6199027e0 Exception <a 'java/lang/NoSuchMethodError'{0x000000008edc3948}: 'java.lang.Object java.lang.invoke.DirectMethodHandle$Holder.invokeInterface(java.lang.Object, java.lang.Object, java.lang.Object)'> (0x000000008edc3948) 
thrown [s\src\hotspot\share\interpreter\linkResolver.cpp, line 771]
Event: 10.319 Thread 0x000001e6199027e0 Exception <a 'java/lang/IncompatibleClassChangeError'{0x000000008edc7560}: Found class java.lang.Object, but interface was expected> (0x000000008edc7560) 
thrown [s\src\hotspot\share\interpreter\linkResolver.cpp, line 838]
Event: 10.936 Thread 0x000001e6199027e0 Exception <a 'java/lang/NoSuchMethodError'{0x000000008e4ba068}: 'java.lang.Object java.lang.invoke.DirectMethodHandle$Holder.newInvokeSpecial(java.lang.Object, java.lang.Object, java.lang.Object, java.lang.Object, java.lang.Object, java.lang.Object, java.lang.Object)'> (0x000000008e4ba068) 
thrown [s\src\hotspot\share\interpreter\linkResolver.cpp, line 771]
Event: 10.937 Thread 0x000001e6199027e0 Exception <a 'java/lang/NoSuchMethodError'{0x000000008e4bec20}: 'java.lang.Object java.lang.invoke.Invokers$Holder.linkToTargetMethod(java.lang.Object, java.lang.Object, java.lang.Object, java.lang.Object, java.lang.Object, java.lang.Object, java.lang.Object)'> (0x000000008e4bec20) 
thrown [s\src\hotspot\share\interpreter\linkResolver.cpp, line 771]
Event: 11.007 Thread 0x000001e6199027e0 Exception <a 'java/lang/NoSuchMethodError'{0x000000008e184310}: 'java.lang.Object java.lang.invoke.DirectMethodHandle$Holder.newInvokeSpecial(java.lang.Object, int, java.lang.Object)'> (0x000000008e184310) 
thrown [s\src\hotspot\share\interpreter\linkResolver.cpp, line 771]
Event: 11.008 Thread 0x000001e6199027e0 Exception <a 'java/lang/NoSuchMethodError'{0x000000008e18ac10}: 'int java.lang.invoke.DirectMethodHandle$Holder.invokeInterface(java.lang.Object, java.lang.Object)'> (0x000000008e18ac10) 
thrown [s\src\hotspot\share\interpreter\linkResolver.cpp, line 771]
Event: 11.410 Thread 0x000001e6199027e0 Implicit null exception at 0x000001e624bf3f2c to 0x000001e624bf3ff4
Event: 11.869 Thread 0x000001e6199027e0 Implicit null exception at 0x000001e624c21700 to 0x000001e624c217d0
Event: 12.965 Thread 0x000001e6199027e0 Exception <a 'java/lang/NoSuchMethodError'{0x000000008e1ab920}: 'java.lang.Object java.lang.invoke.DirectMethodHandle$Holder.invokeStatic(java.lang.Object, int, java.lang.Object)'> (0x000000008e1ab920) 
thrown [s\src\hotspot\share\interpreter\linkResolver.cpp, line 771]
Event: 13.689 Thread 0x000001e6199027e0 Exception <a 'java/lang/NoSuchMethodError'{0x000000008f354cf8}: 'java.lang.Object java.lang.invoke.DirectMethodHandle$Holder.newInvokeSpecial(java.lang.Object, int, java.lang.Object, java.lang.Object)'> (0x000000008f354cf8) 
thrown [s\src\hotspot\share\interpreter\linkResolver.cpp, line 771]
Event: 15.231 Thread 0x000001e6199027e0 Implicit null exception at 0x000001e62494e36f to 0x000001e62494e544

VM Operations (20 events):
Event: 14.585 Executing VM operation: G1CollectForAllocation done
Event: 14.608 Executing VM operation: G1CollectForAllocation
Event: 14.621 Executing VM operation: G1CollectForAllocation done
Event: 14.761 Executing VM operation: ICBufferFull
Event: 14.761 Executing VM operation: ICBufferFull done
Event: 15.144 Executing VM operation: HandshakeAllThreads
Event: 15.144 Executing VM operation: HandshakeAllThreads done
Event: 15.215 Executing VM operation: ICBufferFull
Event: 15.216 Executing VM operation: ICBufferFull done
Event: 15.232 Executing VM operation: HandshakeAllThreads
Event: 15.232 Executing VM operation: HandshakeAllThreads done
Event: 15.270 Executing VM operation: HandshakeAllThreads
Event: 15.272 Executing VM operation: HandshakeAllThreads done
Event: 15.329 Executing VM operation: HandshakeAllThreads
Event: 15.330 Executing VM operation: HandshakeAllThreads done
Event: 15.360 Executing VM operation: HandshakeAllThreads
Event: 15.360 Executing VM operation: HandshakeAllThreads done
Event: 15.459 Executing VM operation: ICBufferFull
Event: 15.459 Executing VM operation: ICBufferFull done
Event: 15.615 Executing VM operation: G1CollectForAllocation

Events (20 events):
Event: 15.347 Thread 0x000001e632c02a50 flushing nmethod 0x000001e61dee3710
Event: 15.347 Thread 0x000001e632c02a50 flushing nmethod 0x000001e61def1990
Event: 15.347 Thread 0x000001e632c02a50 flushing nmethod 0x000001e61def4510
Event: 15.347 Thread 0x000001e632c02a50 flushing nmethod 0x000001e61df04a10
Event: 15.348 Thread 0x000001e632c02a50 flushing nmethod 0x000001e61df14910
Event: 15.348 Thread 0x000001e632c02a50 flushing nmethod 0x000001e61df2b390
Event: 15.348 Thread 0x000001e632c02a50 flushing nmethod 0x000001e61df93d10
Event: 15.348 Thread 0x000001e632c02a50 flushing nmethod 0x000001e61dfaf310
Event: 15.348 Thread 0x000001e632c02a50 flushing nmethod 0x000001e61e019510
Event: 15.349 Thread 0x000001e632c02a50 flushing nmethod 0x000001e61e0c1490
Event: 15.350 Thread 0x000001e632c02a50 flushing nmethod 0x000001e61e221d10
Event: 15.350 Thread 0x000001e632c02a50 flushing nmethod 0x000001e61e222890
Event: 15.351 Thread 0x000001e632c02a50 flushing nmethod 0x000001e61e2eed90
Event: 15.353 Thread 0x000001e632c02a50 flushing nmethod 0x000001e61e4f3d10
Event: 15.356 Thread 0x000001e632c02a50 flushing nmethod 0x000001e61e599990
Event: 15.356 Thread 0x000001e632c02a50 flushing nmethod 0x000001e61e59a810
Event: 15.356 Thread 0x000001e632c02a50 flushing nmethod 0x000001e61e5a1b90
Event: 15.357 Thread 0x000001e632c02a50 flushing nmethod 0x000001e61e6dd010
Event: 15.357 Thread 0x000001e632c02a50 flushing nmethod 0x000001e61e6e0190
Event: 15.357 Thread 0x000001e632c02a50 flushing nmethod 0x000001e61e742c10


Dynamic libraries:
0x00007ff6d3760000 - 0x00007ff6d376a000 	C:\Program Files\Android\Android Studio\jbr\bin\java.exe
0x00007ffb22d30000 - 0x00007ffb22f28000 	C:\Windows\SYSTEM32\ntdll.dll
0x00007ffb226e0000 - 0x00007ffb227a2000 	C:\Windows\System32\KERNEL32.DLL
0x00007ffb20970000 - 0x00007ffb20c6f000 	C:\Windows\System32\KERNELBASE.dll
0x00007ffb204f0000 - 0x00007ffb205f0000 	C:\Windows\System32\ucrtbase.dll
0x00007ffb1c640000 - 0x00007ffb1c65b000 	C:\Program Files\Android\Android Studio\jbr\bin\VCRUNTIME140.dll
0x00007ffaf5690000 - 0x00007ffaf56a7000 	C:\Program Files\Android\Android Studio\jbr\bin\jli.dll
0x00007ffb22a00000 - 0x00007ffb22b9d000 	C:\Windows\System32\USER32.dll
0x00007ffb20940000 - 0x00007ffb20962000 	C:\Windows\System32\win32u.dll
0x00007ffb0de50000 - 0x00007ffb0e0ea000 	C:\Windows\WinSxS\amd64_microsoft.windows.common-controls_6595b64144ccf1df_6.0.19041.4355_none_60b8b9eb71f62e16\COMCTL32.dll
0x00007ffb21880000 - 0x00007ffb218ab000 	C:\Windows\System32\GDI32.dll
0x00007ffb21630000 - 0x00007ffb216ce000 	C:\Windows\System32\msvcrt.dll
0x00007ffb203d0000 - 0x00007ffb204ea000 	C:\Windows\System32\gdi32full.dll
0x00007ffb20850000 - 0x00007ffb208ed000 	C:\Windows\System32\msvcp_win.dll
0x00007ffb20dd0000 - 0x00007ffb20dff000 	C:\Windows\System32\IMM32.DLL
0x00007ffb1c6b0000 - 0x00007ffb1c6bc000 	C:\Program Files\Android\Android Studio\jbr\bin\vcruntime140_1.dll
0x00007ffaf83c0000 - 0x00007ffaf844d000 	C:\Program Files\Android\Android Studio\jbr\bin\msvcp140.dll
0x00007ffa8c1b0000 - 0x00007ffa8ce33000 	C:\Program Files\Android\Android Studio\jbr\bin\server\jvm.dll
0x00007ffb217d0000 - 0x00007ffb2187f000 	C:\Windows\System32\ADVAPI32.dll
0x00007ffb22c50000 - 0x00007ffb22cef000 	C:\Windows\System32\sechost.dll
0x00007ffb22500000 - 0x00007ffb22623000 	C:\Windows\System32\RPCRT4.dll
0x00007ffb20c70000 - 0x00007ffb20c97000 	C:\Windows\System32\bcrypt.dll
0x00007ffb1f960000 - 0x00007ffb1f9ab000 	C:\Windows\SYSTEM32\POWRPROF.dll
0x00007ffb073b0000 - 0x00007ffb073b9000 	C:\Windows\SYSTEM32\WSOCK32.dll
0x00007ffb21760000 - 0x00007ffb217cb000 	C:\Windows\System32\WS2_32.dll
0x00007ffaffac0000 - 0x00007ffaffae7000 	C:\Windows\SYSTEM32\WINMM.dll
0x00007ffb18d30000 - 0x00007ffb18d3a000 	C:\Windows\SYSTEM32\VERSION.dll
0x00007ffb1f7d0000 - 0x00007ffb1f7e2000 	C:\Windows\SYSTEM32\UMPDC.dll
0x00007ffb1ee60000 - 0x00007ffb1ee72000 	C:\Windows\SYSTEM32\kernel.appcore.dll
0x00007ffb15aa0000 - 0x00007ffb15aaa000 	C:\Program Files\Android\Android Studio\jbr\bin\jimage.dll
0x00007ffaffe20000 - 0x00007ffb00004000 	C:\Windows\SYSTEM32\DBGHELP.DLL
0x00007ffaffde0000 - 0x00007ffaffe14000 	C:\Windows\SYSTEM32\dbgcore.DLL
0x00007ffb205f0000 - 0x00007ffb20672000 	C:\Windows\System32\bcryptPrimitives.dll
0x00007ffaf7120000 - 0x00007ffaf7145000 	C:\Program Files\Android\Android Studio\jbr\bin\java.dll
0x00007ffaf70a0000 - 0x00007ffaf70b8000 	C:\Program Files\Android\Android Studio\jbr\bin\zip.dll
0x00007ffb21d90000 - 0x00007ffb224fd000 	C:\Windows\System32\SHELL32.dll
0x00007ffb1e400000 - 0x00007ffb1eba4000 	C:\Windows\SYSTEM32\windows.storage.dll
0x00007ffb218b0000 - 0x00007ffb21c05000 	C:\Windows\System32\combase.dll
0x00007ffb1fe00000 - 0x00007ffb1fe2b000 	C:\Windows\SYSTEM32\Wldp.dll
0x00007ffb21560000 - 0x00007ffb2162d000 	C:\Windows\System32\OLEAUT32.dll
0x00007ffb22ba0000 - 0x00007ffb22c4d000 	C:\Windows\System32\SHCORE.dll
0x00007ffb22940000 - 0x00007ffb22995000 	C:\Windows\System32\shlwapi.dll
0x00007ffb20300000 - 0x00007ffb20325000 	C:\Windows\SYSTEM32\profapi.dll
0x00007ffaf6e60000 - 0x00007ffaf6e79000 	C:\Program Files\Android\Android Studio\jbr\bin\net.dll
0x00007ffb18150000 - 0x00007ffb1825a000 	C:\Windows\SYSTEM32\WINHTTP.dll
0x00007ffb1fb60000 - 0x00007ffb1fbcc000 	C:\Windows\system32\mswsock.dll
0x00007ffaf6b50000 - 0x00007ffaf6b66000 	C:\Program Files\Android\Android Studio\jbr\bin\nio.dll
0x00007ffaf5ed0000 - 0x00007ffaf5ee0000 	C:\Program Files\Android\Android Studio\jbr\bin\verify.dll

dbghelp: loaded successfully - version: 4.0.5 - missing functions: none
symbol engine: initialized successfully - sym options: 0x614 - pdb path: .;C:\Program Files\Android\Android Studio\jbr\bin;C:\Windows\SYSTEM32;C:\Windows\WinSxS\amd64_microsoft.windows.common-controls_6595b64144ccf1df_6.0.19041.4355_none_60b8b9eb71f62e16;C:\Program Files\Android\Android Studio\jbr\bin\server

VM Arguments:
java_command: org.jetbrains.kotlin.cli.jvm.K2JVMCompiler @C:\Users\Public\AttendanceProject\app\build\20250318_7318926443404890172.compiler.options
java_class_path (initial): C:\Users\L E N O V O\.gradle\caches\modules-2\files-2.1\org.jetbrains.kotlin\kotlin-compiler-embeddable\1.9.0\2c8c3a7402becca891f12739b3e9fd2dc2adbd7a\kotlin-compiler-embeddable-1.9.0.jar;C:\Users\L E N O V O\.gradle\caches\modules-2\files-2.1\org.jetbrains.kotlin\kotlin-stdlib\1.9.0\8ee15ef0c67dc83d874f412d84378d7f0eb50b63\kotlin-stdlib-1.9.0.jar;C:\Users\L E N O V O\.gradle\caches\modules-2\files-2.1\org.jetbrains.kotlin\kotlin-script-runtime\1.9.0\4b3102cbbb7e1b58d9d1adf89563f00069ffa7d1\kotlin-script-runtime-1.9.0.jar;C:\Users\L E N O V O\.gradle\caches\modules-2\files-2.1\org.jetbrains.kotlin\kotlin-reflect\1.6.10\1cbe9c92c12a94eea200d23c2bbaedaf3daf5132\kotlin-reflect-1.6.10.jar;C:\Users\L E N O V O\.gradle\caches\modules-2\files-2.1\org.jetbrains.kotlin\kotlin-daemon-embeddable\1.9.0\186543f5e28cf8d9a0290fecc2cf34301c40a65c\kotlin-daemon-embeddable-1.9.0.jar;C:\Users\L E N O V O\.gradle\caches\modules-2\files-2.1\org.jetbrains.intellij.deps\trove4j\1.0.20200330\3afb14d5f9ceb459d724e907a21145e8ff394f02\trove4j-1.0.20200330.jar;C:\Users\L E N O V O\.gradle\caches\modules-2\files-2.1\org.jetbrains.kotlin\kotlin-stdlib-common\1.9.0\cd65c21cfd1eec4d44ef09f9f52b6d9f8a720636\kotlin-stdlib-common-1.9.0.jar;C:\Users\L E N O V O\.gradle\caches\modules-2\files-2.1\org.jetbrains\annotations\13.0\919f0dfe192fb4e063e7dacadee7f8bb9a2672a9\annotations-13.0.jar
Launcher Type: SUN_STANDARD

[Global flags]
     intx CICompilerCount                          = 3                                         {product} {ergonomic}
     uint ConcGCThreads                            = 1                                         {product} {ergonomic}
     uint G1ConcRefinementThreads                  = 4                                         {product} {ergonomic}
   size_t G1HeapRegionSize                         = 1048576                                   {product} {ergonomic}
    uintx GCDrainStackTargetSize                   = 64                                        {product} {ergonomic}
   size_t InitialHeapSize                          = 125829120                                 {product} {ergonomic}
   size_t MarkStackSize                            = 4194304                                   {product} {ergonomic}
   size_t MaxHeapSize                              = 1986002944                                {product} {ergonomic}
   size_t MaxNewSize                               = 1191182336                                {product} {ergonomic}
   size_t MinHeapDeltaBytes                        = 1048576                                   {product} {ergonomic}
   size_t MinHeapSize                              = 8388608                                   {product} {ergonomic}
    uintx NonNMethodCodeHeapSize                   = 5832780                                {pd product} {ergonomic}
    uintx NonProfiledCodeHeapSize                  = 122912730                              {pd product} {ergonomic}
    uintx ProfiledCodeHeapSize                     = 122912730                              {pd product} {ergonomic}
    uintx ReservedCodeCacheSize                    = 251658240                              {pd product} {ergonomic}
     bool SegmentedCodeCache                       = true                                      {product} {ergonomic}
   size_t SoftMaxHeapSize                          = 1986002944                             {manageable} {ergonomic}
     bool UseCompressedClassPointers               = true                           {product lp64_product} {ergonomic}
     bool UseCompressedOops                        = true                           {product lp64_product} {ergonomic}
     bool UseG1GC                                  = true                                      {product} {ergonomic}
     bool UseLargePagesIndividualAllocation        = false                                  {pd product} {ergonomic}

Logging:
Log output configuration:
 #0: stdout all=warning uptime,level,tags
 #1: stderr all=off uptime,level,tags

Environment Variables:
PATH=C:\Windows\system32;C:\Windows;C:\Windows\System32\Wbem;C:\Windows\System32\WindowsPowerShell\v1.0\;C:\Windows\System32\OpenSSH\;C:\Program Files (x86)\Microsoft SQL Server\160\Tools\Binn\;C:\Program Files\Microsoft SQL Server\160\Tools\Binn\;C:\Program Files\Microsoft SQL Server\Client SDK\ODBC\170\Tools\Binn\;C:\Program Files\Microsoft SQL Server\160\DTS\Binn\;C:\xampp\php;C:\ProgramData\ComposerSetup\bin;C:\Program Files\Git\cmd;C:\Users\L E N O V O\AppData\Local\Microsoft\WindowsApps;C:\Users\L E N O V O\AppData\Local\Programs\Microsoft VS Code\bin;C:\Users\L E N O V O\AppData\Roaming\Composer\vendor\bin
USERNAME=L E N O V O
OS=Windows_NT
PROCESSOR_IDENTIFIER=Intel64 Family 6 Model 78 Stepping 3, GenuineIntel
TMP=C:\Users\LENOVO~1\AppData\Local\Temp
TEMP=C:\Users\LENOVO~1\AppData\Local\Temp



Periodic native trim disabled

JNI global refs:
JNI global refs: 8, weak refs: 0

JNI global refs memory usage: 843, weak refs: 841

Process memory usage:
Resident Set Size: 269796K (3% of 7753512K total physical memory with 388980K free physical memory)

OOME stack traces (most recent first):
Classloader memory used:
Loader jdk.internal.loader.ClassLoaders$AppClassLoader                                 : 6350K
Loader bootstrap                                                                       : 1341K
Loader java.net.URLClassLoader                                                         : 56652B
Loader jdk.internal.reflect.DelegatingClassLoader                                      : 19381B


---------------  S Y S T E M  ---------------

OS:
 Windows 10 , 64 bit Build 19041 (10.0.19041.5438)
OS uptime: 0 days 2:27 hours

CPU: total 4 (initial active 4) (2 cores per cpu, 2 threads per core) family 6 model 78 stepping 3 microcode 0xcc, cx8, cmov, fxsr, ht, mmx, 3dnowpref, sse, sse2, sse3, ssse3, sse4.1, sse4.2, popcnt, lzcnt, tsc, tscinvbit, avx, avx2, aes, erms, clmul, bmi1, bmi2, rtm, adx, fma, vzeroupper, clflush, clflushopt
Processor Information for all 4 processors :
  Max Mhz: 2304, Current Mhz: 801, Mhz Limit: 783

Memory: 4k page, system-wide physical 7571M (379M free)
TotalPageFile size 8851M (AvailPageFile size 30M)
current process WorkingSet (physical memory assigned to process): 263M, peak: 289M
current process commit charge ("private bytes"): 312M, peak: 396M

vm_info: OpenJDK 64-Bit Server VM (17.0.11+0--11852314) for windows-amd64 JRE (17.0.11+0--11852314), built on May 16 2024 21:29:20 by "androidbuild" with MS VC++ 16.10 / 16.11 (VS2019)

END.
