#
# There is insufficient memory for the Java Runtime Environment to continue.
# Native memory allocation (mmap) failed to map 125829120 bytes. Error detail: G1 virtual space
# Possible reasons:
#   The system is out of physical RAM or swap space
#   This process is running with CompressedOops enabled, and the Java Heap may be blocking the growth of the native heap
# Possible solutions:
#   Reduce memory load on the system
#   Increase physical memory or swap space
#   Check if swap backing store is full
#   Decrease Java heap size (-Xmx/-Xms)
#   Decrease number of Java threads
#   Decrease Java thread stack sizes (-Xss)
#   Set larger code cache with -XX:ReservedCodeCacheSize=
#   JVM is running with Unscaled Compressed Oops mode in which the Java heap is
#     placed in the first 4GB address space. The Java Heap base address is the
#     maximum limit for the native heap growth. Please use -XX:HeapBaseMinAddress
#     to set the Java Heap base and to place the Java Heap above 4GB virtual address.
# This output file may be truncated or incomplete.
#
#  Out of Memory Error (os_windows.cpp:3825), pid=1376, tid=3704
#
# JRE version:  (17.0.11) (build )
# Java VM: OpenJDK 64-Bit Server VM (17.0.11+0--11852314, mixed mode, sharing, tiered, compressed oops, compressed class ptrs, g1 gc, windows-amd64)
# No core dump will be written. Minidumps are not enabled by default on client versions of Windows
#

---------------  S U M M A R Y ------------

Command Line: org.jetbrains.kotlin.cli.jvm.K2JVMCompiler @C:\Users\Public\AttendanceProject\app\build\20250318_14757197298552334564.compiler.options

Host: Intel(R) Core(TM) i3-6100U CPU @ 2.30GHz, 4 cores, 7G,  Windows 10 , 64 bit Build 19041 (10.0.19041.5438)
Time: Tue Mar 18 21:34:04 2025 Pakistan Standard Time elapsed time: 0.018151 seconds (0d 0h 0m 0s)

---------------  T H R E A D  ---------------

Current thread (0x000002a5445dd450):  JavaThread "Unknown thread" [_thread_in_vm, id=3704, stack(0x000000a6abd00000,0x000000a6abe00000)]

Stack: [0x000000a6abd00000,0x000000a6abe00000]
Native frames: (J=compiled Java code, j=interpreted, Vv=VM code, C=native code)
V  [jvm.dll+0x687bb9]
V  [jvm.dll+0x84142a]
V  [jvm.dll+0x8430ae]
V  [jvm.dll+0x843713]
V  [jvm.dll+0x24a35f]
V  [jvm.dll+0x684989]
V  [jvm.dll+0x67923a]
V  [jvm.dll+0x30af0b]
V  [jvm.dll+0x3123b6]
V  [jvm.dll+0x361dfe]
V  [jvm.dll+0x36202f]
V  [jvm.dll+0x2e0d38]
V  [jvm.dll+0x2e1ca4]
V  [jvm.dll+0x811f21]
V  [jvm.dll+0x36fb68]
V  [jvm.dll+0x7f0896]
V  [jvm.dll+0x3f3d2f]
V  [jvm.dll+0x3f58e1]
C  [jli.dll+0x528f]
C  [ucrtbase.dll+0x21bb2]
C  [KERNEL32.DLL+0x17374]
C  [ntdll.dll+0x4cc91]


---------------  P R O C E S S  ---------------

Threads class SMR info:
_java_thread_list=0x00007ffae066efd8, length=0, elements={
}

Java Threads: ( => current thread )

Other Threads:
  0x000002a544634a70 GCTaskThread "GC Thread#0" [stack: 0x000000a6abe00000,0x000000a6abf00000] [id=7152]
  0x000002a544644e20 ConcurrentGCThread "G1 Main Marker" [stack: 0x000000a6abf00000,0x000000a6ac000000] [id=9160]
  0x000002a544645840 ConcurrentGCThread "G1 Conc#0" [stack: 0x000000a6ac000000,0x000000a6ac100000] [id=5756]

[error occurred during error reporting (printing all threads), id 0xc0000005, EXCEPTION_ACCESS_VIOLATION (0xc0000005) at pc=0x00007ffadfe21907]

VM state: not at safepoint (not fully initialized)

VM Mutex/Monitor currently owned by a thread:  ([mutex/lock_event])
[0x000002a5445d96f0] Heap_lock - owner thread: 0x000002a5445dd450

Heap address: 0x0000000089a00000, size: 1894 MB, Compressed Oops mode: 32-bit

CDS archive(s) mapped at: [0x0000000000000000-0x0000000000000000-0x0000000000000000), size 0, SharedBaseAddress: 0x0000000800000000, ArchiveRelocationMode: 1.
Narrow klass base: 0x0000000000000000, Narrow klass shift: 0, Narrow klass range: 0x0

GC Precious Log:
<Empty>

Heap:
 garbage-first heap   total 0K, used 0K [0x0000000089a00000, 0x0000000100000000)
  region size 1024K, 0 young (0K), 0 survivors (0K)
 Metaspace       used 0K, committed 0K, reserved 0K
  class space    used 0K, committed 0K, reserved 0K

Heap Regions: E=young(eden), S=young(survivor), O=old, HS=humongous(starts), HC=humongous(continues), CS=collection set, F=free, OA=open archive, CA=closed archive, TAMS=top-at-mark-start (previous, next)

Card table byte_map: [0x000002a556e80000,0x000002a557240000] _byte_map_base: 0x000002a556a33000

Marking Bits (Prev, Next): (CMBitMap*) 0x000002a544635090, (CMBitMap*) 0x000002a5446350d0
 Prev Bits: [0x000002a557600000, 0x000002a559398000)
 Next Bits: [0x000002a5593a0000, 0x000002a55b138000)

GC Heap History (0 events):
No events

Dll operation events (1 events):
Event: 0.012 Loaded shared library C:\Program Files\Android\Android Studio\jbr\bin\java.dll

Deoptimization events (0 events):
No events

Classes unloaded (0 events):
No events

Classes redefined (0 events):
No events

Internal exceptions (0 events):
No events

VM Operations (0 events):
No events

Events (0 events):
No events


Dynamic libraries:
0x00007ff7c5490000 - 0x00007ff7c549a000 	C:\Program Files\Android\Android Studio\jbr\bin\java.exe
0x00007ffb740d0000 - 0x00007ffb742c8000 	C:\Windows\SYSTEM32\ntdll.dll
0x00007ffb73ad0000 - 0x00007ffb73b92000 	C:\Windows\System32\KERNEL32.DLL
0x00007ffb71a00000 - 0x00007ffb71cff000 	C:\Windows\System32\KERNELBASE.dll
0x00007ffb71f00000 - 0x00007ffb72000000 	C:\Windows\System32\ucrtbase.dll
0x00007ffb39d20000 - 0x00007ffb39d37000 	C:\Program Files\Android\Android Studio\jbr\bin\jli.dll
0x00007ffb6ca10000 - 0x00007ffb6ca2b000 	C:\Program Files\Android\Android Studio\jbr\bin\VCRUNTIME140.dll
0x00007ffb72240000 - 0x00007ffb723dd000 	C:\Windows\System32\USER32.dll
0x00007ffb71ed0000 - 0x00007ffb71ef2000 	C:\Windows\System32\win32u.dll
0x00007ffb72e80000 - 0x00007ffb72eab000 	C:\Windows\System32\GDI32.dll
0x00007ffb5f500000 - 0x00007ffb5f79a000 	C:\Windows\WinSxS\amd64_microsoft.windows.common-controls_6595b64144ccf1df_6.0.19041.4355_none_60b8b9eb71f62e16\COMCTL32.dll
0x00007ffb71770000 - 0x00007ffb7188a000 	C:\Windows\System32\gdi32full.dll
0x00007ffb73a30000 - 0x00007ffb73ace000 	C:\Windows\System32\msvcrt.dll
0x00007ffb72050000 - 0x00007ffb720ed000 	C:\Windows\System32\msvcp_win.dll
0x00007ffb73980000 - 0x00007ffb739af000 	C:\Windows\System32\IMM32.DLL
0x00007ffb6d9e0000 - 0x00007ffb6d9ec000 	C:\Program Files\Android\Android Studio\jbr\bin\vcruntime140_1.dll
0x00007ffb4b4d0000 - 0x00007ffb4b55d000 	C:\Program Files\Android\Android Studio\jbr\bin\msvcp140.dll
0x00007ffadfb30000 - 0x00007ffae07b3000 	C:\Program Files\Android\Android Studio\jbr\bin\server\jvm.dll
0x00007ffb720f0000 - 0x00007ffb7219f000 	C:\Windows\System32\ADVAPI32.dll
0x00007ffb721a0000 - 0x00007ffb7223f000 	C:\Windows\System32\sechost.dll
0x00007ffb728f0000 - 0x00007ffb72a13000 	C:\Windows\System32\RPCRT4.dll
0x00007ffb71920000 - 0x00007ffb71947000 	C:\Windows\System32\bcrypt.dll
0x00007ffb70d00000 - 0x00007ffb70d4b000 	C:\Windows\SYSTEM32\POWRPROF.dll
0x00007ffb57850000 - 0x00007ffb57859000 	C:\Windows\SYSTEM32\WSOCK32.dll
0x00007ffb72e10000 - 0x00007ffb72e7b000 	C:\Windows\System32\WS2_32.dll
0x00007ffb4e000000 - 0x00007ffb4e027000 	C:\Windows\SYSTEM32\WINMM.dll
0x00007ffb69870000 - 0x00007ffb6987a000 	C:\Windows\SYSTEM32\VERSION.dll
0x00007ffb70b70000 - 0x00007ffb70b82000 	C:\Windows\SYSTEM32\UMPDC.dll
0x00007ffb6ffe0000 - 0x00007ffb6fff2000 	C:\Windows\SYSTEM32\kernel.appcore.dll
0x00007ffb44c80000 - 0x00007ffb44c8a000 	C:\Program Files\Android\Android Studio\jbr\bin\jimage.dll
0x00007ffb51b80000 - 0x00007ffb51d64000 	C:\Windows\SYSTEM32\DBGHELP.DLL
0x00007ffb51b40000 - 0x00007ffb51b74000 	C:\Windows\SYSTEM32\dbgcore.DLL
0x00007ffb71890000 - 0x00007ffb71912000 	C:\Windows\System32\bcryptPrimitives.dll
0x00007ffb3d920000 - 0x00007ffb3d945000 	C:\Program Files\Android\Android Studio\jbr\bin\java.dll

dbghelp: loaded successfully - version: 4.0.5 - missing functions: none
symbol engine: initialized successfully - sym options: 0x614 - pdb path: .;C:\Program Files\Android\Android Studio\jbr\bin;C:\Windows\SYSTEM32;C:\Windows\WinSxS\amd64_microsoft.windows.common-controls_6595b64144ccf1df_6.0.19041.4355_none_60b8b9eb71f62e16;C:\Program Files\Android\Android Studio\jbr\bin\server

VM Arguments:
java_command: org.jetbrains.kotlin.cli.jvm.K2JVMCompiler @C:\Users\Public\AttendanceProject\app\build\20250318_14757197298552334564.compiler.options
java_class_path (initial): C:\Users\L E N O V O\.gradle\caches\modules-2\files-2.1\org.jetbrains.kotlin\kotlin-compiler-embeddable\1.9.0\2c8c3a7402becca891f12739b3e9fd2dc2adbd7a\kotlin-compiler-embeddable-1.9.0.jar;C:\Users\L E N O V O\.gradle\caches\modules-2\files-2.1\org.jetbrains.kotlin\kotlin-stdlib\1.9.0\8ee15ef0c67dc83d874f412d84378d7f0eb50b63\kotlin-stdlib-1.9.0.jar;C:\Users\L E N O V O\.gradle\caches\modules-2\files-2.1\org.jetbrains.kotlin\kotlin-script-runtime\1.9.0\4b3102cbbb7e1b58d9d1adf89563f00069ffa7d1\kotlin-script-runtime-1.9.0.jar;C:\Users\L E N O V O\.gradle\caches\modules-2\files-2.1\org.jetbrains.kotlin\kotlin-reflect\1.6.10\1cbe9c92c12a94eea200d23c2bbaedaf3daf5132\kotlin-reflect-1.6.10.jar;C:\Users\L E N O V O\.gradle\caches\modules-2\files-2.1\org.jetbrains.kotlin\kotlin-daemon-embeddable\1.9.0\186543f5e28cf8d9a0290fecc2cf34301c40a65c\kotlin-daemon-embeddable-1.9.0.jar;C:\Users\L E N O V O\.gradle\caches\modules-2\files-2.1\org.jetbrains.intellij.deps\trove4j\1.0.20200330\3afb14d5f9ceb459d724e907a21145e8ff394f02\trove4j-1.0.20200330.jar;C:\Users\L E N O V O\.gradle\caches\modules-2\files-2.1\org.jetbrains.kotlin\kotlin-stdlib-common\1.9.0\cd65c21cfd1eec4d44ef09f9f52b6d9f8a720636\kotlin-stdlib-common-1.9.0.jar;C:\Users\L E N O V O\.gradle\caches\modules-2\files-2.1\org.jetbrains\annotations\13.0\919f0dfe192fb4e063e7dacadee7f8bb9a2672a9\annotations-13.0.jar
Launcher Type: SUN_STANDARD

[Global flags]
     intx CICompilerCount                          = 3                                         {product} {ergonomic}
     uint ConcGCThreads                            = 1                                         {product} {ergonomic}
     uint G1ConcRefinementThreads                  = 4                                         {product} {ergonomic}
   size_t G1HeapRegionSize                         = 1048576                                   {product} {ergonomic}
    uintx GCDrainStackTargetSize                   = 64                                        {product} {ergonomic}
   size_t InitialHeapSize                          = 125829120                                 {product} {ergonomic}
   size_t MarkStackSize                            = 4194304                                   {product} {ergonomic}
   size_t MaxHeapSize                              = 1986002944                                {product} {ergonomic}
   size_t MinHeapDeltaBytes                        = 1048576                                   {product} {ergonomic}
   size_t MinHeapSize                              = 8388608                                   {product} {ergonomic}
    uintx NonNMethodCodeHeapSize                   = 5832780                                {pd product} {ergonomic}
    uintx NonProfiledCodeHeapSize                  = 122912730                              {pd product} {ergonomic}
    uintx ProfiledCodeHeapSize                     = 122912730                              {pd product} {ergonomic}
    uintx ReservedCodeCacheSize                    = 251658240                              {pd product} {ergonomic}
     bool SegmentedCodeCache                       = true                                      {product} {ergonomic}
   size_t SoftMaxHeapSize                          = 1986002944                             {manageable} {ergonomic}
     bool UseCompressedClassPointers               = true                           {product lp64_product} {ergonomic}
     bool UseCompressedOops                        = true                           {product lp64_product} {ergonomic}
     bool UseG1GC                                  = true                                      {product} {ergonomic}
     bool UseLargePagesIndividualAllocation        = false                                  {pd product} {ergonomic}

Logging:
Log output configuration:
 #0: stdout all=warning uptime,level,tags
 #1: stderr all=off uptime,level,tags

Environment Variables:
PATH=C:\Windows\system32;C:\Windows;C:\Windows\System32\Wbem;C:\Windows\System32\WindowsPowerShell\v1.0\;C:\Windows\System32\OpenSSH\;C:\Program Files (x86)\Microsoft SQL Server\160\Tools\Binn\;C:\Program Files\Microsoft SQL Server\160\Tools\Binn\;C:\Program Files\Microsoft SQL Server\Client SDK\ODBC\170\Tools\Binn\;C:\Program Files\Microsoft SQL Server\160\DTS\Binn\;C:\xampp\php;C:\ProgramData\ComposerSetup\bin;C:\Program Files\Git\cmd;C:\Users\L E N O V O\AppData\Local\Microsoft\WindowsApps;C:\Users\L E N O V O\AppData\Local\Programs\Microsoft VS Code\bin;C:\Users\L E N O V O\AppData\Roaming\Composer\vendor\bin
USERNAME=L E N O V O
OS=Windows_NT
PROCESSOR_IDENTIFIER=Intel64 Family 6 Model 78 Stepping 3, GenuineIntel
TMP=C:\Users\LENOVO~1\AppData\Local\Temp
TEMP=C:\Users\LENOVO~1\AppData\Local\Temp



Periodic native trim disabled

JNI global refs:
JNI global refs: 0, weak refs: 0

JNI global refs memory usage: 0, weak refs: 0

Process memory usage:
Resident Set Size: 10748K (0% of 7753512K total physical memory with 320616K free physical memory)

OOME stack traces (most recent first):
Classloader memory used:


---------------  S Y S T E M  ---------------

OS:
 Windows 10 , 64 bit Build 19041 (10.0.19041.5438)
OS uptime: 0 days 0:43 hours

CPU: total 4 (initial active 4) (2 cores per cpu, 2 threads per core) family 6 model 78 stepping 3 microcode 0xcc, cx8, cmov, fxsr, ht, mmx, 3dnowpref, sse, sse2, sse3, ssse3, sse4.1, sse4.2, popcnt, lzcnt, tsc, tscinvbit, avx, avx2, aes, erms, clmul, bmi1, bmi2, rtm, adx, fma, vzeroupper, clflush, clflushopt
Processor Information for all 4 processors :
  Max Mhz: 2304, Current Mhz: 801, Mhz Limit: 783

Memory: 4k page, system-wide physical 7571M (313M free)
TotalPageFile size 8851M (AvailPageFile size 6M)
current process WorkingSet (physical memory assigned to process): 10M, peak: 10M
current process commit charge ("private bytes"): 51M, peak: 171M

vm_info: OpenJDK 64-Bit Server VM (17.0.11+0--11852314) for windows-amd64 JRE (17.0.11+0--11852314), built on May 16 2024 21:29:20 by "androidbuild" with MS VC++ 16.10 / 16.11 (VS2019)

END.
