#
# There is insufficient memory for the Java Runtime Environment to continue.
# Native memory allocation (mmap) failed to map 257949696 bytes. Error detail: G1 virtual space
# Possible reasons:
#   The system is out of physical RAM or swap space
#   This process is running with CompressedOops enabled, and the Java Heap may be blocking the growth of the native heap
# Possible solutions:
#   Reduce memory load on the system
#   Increase physical memory or swap space
#   Check if swap backing store is full
#   Decrease Java heap size (-Xmx/-Xms)
#   Decrease number of Java threads
#   Decrease Java thread stack sizes (-Xss)
#   Set larger code cache with -XX:ReservedCodeCacheSize=
#   JVM is running with Unscaled Compressed Oops mode in which the Java heap is
#     placed in the first 4GB address space. The Java Heap base address is the
#     maximum limit for the native heap growth. Please use -XX:HeapBaseMinAddress
#     to set the Java Heap base and to place the Java Heap above 4GB virtual address.
# This output file may be truncated or incomplete.
#
#  Out of Memory Error (os_windows.cpp:3825), pid=1764, tid=9220
#
# JRE version: OpenJDK Runtime Environment (17.0.11) (build 17.0.11+0--11852314)
# Java VM: OpenJDK 64-Bit Server VM (17.0.11+0--11852314, mixed mode, tiered, compressed oops, compressed class ptrs, g1 gc, windows-amd64)
# No core dump will be written. Minidumps are not enabled by default on client versions of Windows
#

---------------  S U M M A R Y ------------

Command Line: org.jetbrains.kotlin.cli.jvm.K2JVMCompiler @C:\Users\Public\AttendanceProject\app\build\20250316_1997283955004638888.compiler.options

Host: Intel(R) Core(TM) i3-6100U CPU @ 2.30GHz, 4 cores, 7G,  Windows 10 , 64 bit Build 19041 (10.0.19041.5438)
Time: Sun Mar 16 22:55:38 2025 Pakistan Standard Time elapsed time: 30.493456 seconds (0d 0h 0m 30s)

---------------  T H R E A D  ---------------

Current thread (0x000002bae69ca120):  VMThread "VM Thread" [stack: 0x000000e87bb00000,0x000000e87bc00000] [id=9220]

Stack: [0x000000e87bb00000,0x000000e87bc00000]
Native frames: (J=compiled Java code, j=interpreted, Vv=VM code, C=native code)
V  [jvm.dll+0x687bb9]
V  [jvm.dll+0x84142a]
V  [jvm.dll+0x8430ae]
V  [jvm.dll+0x843713]
V  [jvm.dll+0x24a35f]
V  [jvm.dll+0x684989]
V  [jvm.dll+0x67923a]
V  [jvm.dll+0x30af0b]
V  [jvm.dll+0x3123b6]
V  [jvm.dll+0x361dfe]
V  [jvm.dll+0x36202f]
V  [jvm.dll+0x2e0d38]
V  [jvm.dll+0x2df144]
V  [jvm.dll+0x2de74c]
V  [jvm.dll+0x32305b]
V  [jvm.dll+0x847e0b]
V  [jvm.dll+0x848b42]
V  [jvm.dll+0x84905d]
V  [jvm.dll+0x849434]
V  [jvm.dll+0x849500]
V  [jvm.dll+0x7efa4a]
V  [jvm.dll+0x686a35]
C  [ucrtbase.dll+0x21bb2]
C  [KERNEL32.DLL+0x17374]
C  [ntdll.dll+0x4cc91]

VM_Operation (0x000000e87b5fc4f0): G1CollectForAllocation, mode: safepoint, requested by thread 0x000002bacba82af0


---------------  P R O C E S S  ---------------

Threads class SMR info:
_java_thread_list=0x000002baeb836ff0, length=12, elements={
0x000002bacba82af0, 0x000002bae69cf150, 0x000002bae69cfdd0, 0x000002baeb02d390,
0x000002baeb02dc60, 0x000002baeb020eb0, 0x000002baeb021780, 0x000002baeb022380,
0x000002baeb084c60, 0x000002baeb028aa0, 0x000002baeb1924a0, 0x000002baeb1a5060
}

Java Threads: ( => current thread )
  0x000002bacba82af0 JavaThread "main" [_thread_blocked, id=9308, stack(0x000000e87b500000,0x000000e87b600000)]
  0x000002bae69cf150 JavaThread "Reference Handler" daemon [_thread_blocked, id=8672, stack(0x000000e87bc00000,0x000000e87bd00000)]
  0x000002bae69cfdd0 JavaThread "Finalizer" daemon [_thread_blocked, id=9172, stack(0x000000e87bd00000,0x000000e87be00000)]
  0x000002baeb02d390 JavaThread "Signal Dispatcher" daemon [_thread_blocked, id=2632, stack(0x000000e87be00000,0x000000e87bf00000)]
  0x000002baeb02dc60 JavaThread "Attach Listener" daemon [_thread_blocked, id=10968, stack(0x000000e87bf00000,0x000000e87c000000)]
  0x000002baeb020eb0 JavaThread "Service Thread" daemon [_thread_blocked, id=4472, stack(0x000000e87c000000,0x000000e87c100000)]
  0x000002baeb021780 JavaThread "Monitor Deflation Thread" daemon [_thread_blocked, id=10488, stack(0x000000e87c100000,0x000000e87c200000)]
  0x000002baeb022380 JavaThread "C2 CompilerThread0" daemon [_thread_blocked, id=2304, stack(0x000000e87c200000,0x000000e87c300000)]
  0x000002baeb084c60 JavaThread "C1 CompilerThread0" daemon [_thread_blocked, id=6340, stack(0x000000e87c300000,0x000000e87c400000)]
  0x000002baeb028aa0 JavaThread "Sweeper thread" daemon [_thread_blocked, id=8788, stack(0x000000e87c400000,0x000000e87c500000)]
  0x000002baeb1924a0 JavaThread "Notification Thread" daemon [_thread_blocked, id=7272, stack(0x000000e87c500000,0x000000e87c600000)]
  0x000002baeb1a5060 JavaThread "Common-Cleaner" daemon [_thread_blocked, id=4004, stack(0x000000e87c700000,0x000000e87c800000)]

Other Threads:
=>0x000002bae69ca120 VMThread "VM Thread" [stack: 0x000000e87bb00000,0x000000e87bc00000] [id=9220]
  0x000002baeb194da0 WatcherThread [stack: 0x000000e87c600000,0x000000e87c700000] [id=1672]
  0x000002bacbad6110 GCTaskThread "GC Thread#0" [stack: 0x000000e87b600000,0x000000e87b700000] [id=10364]
  0x000002baeb5826b0 GCTaskThread "GC Thread#1" [stack: 0x000000e87c800000,0x000000e87c900000] [id=6460]
  0x000002baeb5c2df0 GCTaskThread "GC Thread#2" [stack: 0x000000e87c900000,0x000000e87ca00000] [id=10984]
  0x000002baeb5c30b0 GCTaskThread "GC Thread#3" [stack: 0x000000e87ca00000,0x000000e87cb00000] [id=6760]
  0x000002bacbae6d30 ConcurrentGCThread "G1 Main Marker" [stack: 0x000000e87b700000,0x000000e87b800000] [id=804]
  0x000002bacbae7ef0 ConcurrentGCThread "G1 Conc#0" [stack: 0x000000e87b800000,0x000000e87b900000] [id=9572]
  0x000002bacbb3ddc0 ConcurrentGCThread "G1 Refine#0" [stack: 0x000000e87b900000,0x000000e87ba00000] [id=7684]
  0x000002baecfd1070 ConcurrentGCThread "G1 Refine#1" [stack: 0x000000e87cc00000,0x000000e87cd00000] [id=4860]
  0x000002bacbb3e7f0 ConcurrentGCThread "G1 Service" [stack: 0x000000e87ba00000,0x000000e87bb00000] [id=5328]

Threads with active compile tasks:
C2 CompilerThread0    30559 15681       4       org.jetbrains.kotlin.codegen.optimization.temporaryVals.TemporaryValsAnalyzer::analyze (1271 bytes)

VM state: at safepoint (normal execution)

VM Mutex/Monitor currently owned by a thread:  ([mutex/lock_event])
[0x000002bacba80830] Threads_lock - owner thread: 0x000002bae69ca120
[0x000002bacba81250] Heap_lock - owner thread: 0x000002bacba82af0

Heap address: 0x0000000089a00000, size: 1894 MB, Compressed Oops mode: 32-bit

CDS archive(s) not mapped
Compressed class space mapped at: 0x0000000100000000-0x0000000140000000, reserved size: 1073741824
Narrow klass base: 0x0000000000000000, Narrow klass shift: 3, Narrow klass range: 0x140000000

GC Precious Log:
 CPUs: 4 total, 4 available
 Memory: 7571M
 Large Page Support: Disabled
 NUMA Support: Disabled
 Compressed Oops: Enabled (32-bit)
 Heap Region Size: 1M
 Heap Min Capacity: 8M
 Heap Initial Capacity: 120M
 Heap Max Capacity: 1894M
 Pre-touch: Disabled
 Parallel Workers: 4
 Concurrent Workers: 1
 Concurrent Refinement Workers: 4
 Periodic GC: Disabled

Heap:
 garbage-first heap   total 145408K, used 79340K [0x0000000089a00000, 0x0000000100000000)
  region size 1024K, 4 young (4096K), 4 survivors (4096K)
 Metaspace       used 86644K, committed 87040K, reserved 1179648K
  class space    used 9359K, committed 9536K, reserved 1048576K

Heap Regions: E=young(eden), S=young(survivor), O=old, HS=humongous(starts), HC=humongous(continues), CS=collection set, F=free, OA=open archive, CA=closed archive, TAMS=top-at-mark-start (previous, next)
|   0|0x0000000089a00000, 0x0000000089b00000, 0x0000000089b00000|100%|HS|  |TAMS 0x0000000089b00000, 0x0000000089b00000| Complete 
|   1|0x0000000089b00000, 0x0000000089c00000, 0x0000000089c00000|100%|HC|  |TAMS 0x0000000089c00000, 0x0000000089c00000| Complete 
|   2|0x0000000089c00000, 0x0000000089d00000, 0x0000000089d00000|100%|HC|  |TAMS 0x0000000089d00000, 0x0000000089d00000| Complete 
|   3|0x0000000089d00000, 0x0000000089e00000, 0x0000000089e00000|100%|HC|  |TAMS 0x0000000089e00000, 0x0000000089e00000| Complete 
|   4|0x0000000089e00000, 0x0000000089f00000, 0x0000000089f00000|100%| O|  |TAMS 0x0000000089f00000, 0x0000000089f00000| Untracked 
|   5|0x0000000089f00000, 0x0000000089ff2400, 0x000000008a000000| 94%| O|  |TAMS 0x0000000089ff2400, 0x0000000089ff2400| Untracked 
|   6|0x000000008a000000, 0x000000008a100000, 0x000000008a100000|100%| O|  |TAMS 0x000000008a100000, 0x000000008a100000| Untracked 
|   7|0x000000008a100000, 0x000000008a200000, 0x000000008a200000|100%| O|  |TAMS 0x000000008a200000, 0x000000008a200000| Untracked 
|   8|0x000000008a200000, 0x000000008a300000, 0x000000008a300000|100%| O|  |TAMS 0x000000008a300000, 0x000000008a300000| Untracked 
|   9|0x000000008a300000, 0x000000008a300000, 0x000000008a400000|  0%| F|  |TAMS 0x000000008a300000, 0x000000008a300000| Untracked 
|  10|0x000000008a400000, 0x000000008a500000, 0x000000008a500000|100%| O|  |TAMS 0x000000008a500000, 0x000000008a500000| Untracked 
|  11|0x000000008a500000, 0x000000008a600000, 0x000000008a600000|100%| O|  |TAMS 0x000000008a600000, 0x000000008a600000| Untracked 
|  12|0x000000008a600000, 0x000000008a700000, 0x000000008a700000|100%| O|  |TAMS 0x000000008a700000, 0x000000008a700000| Untracked 
|  13|0x000000008a700000, 0x000000008a800000, 0x000000008a800000|100%| O|  |TAMS 0x000000008a800000, 0x000000008a800000| Untracked 
|  14|0x000000008a800000, 0x000000008a900000, 0x000000008a900000|100%| O|  |TAMS 0x000000008a900000, 0x000000008a900000| Untracked 
|  15|0x000000008a900000, 0x000000008aa00000, 0x000000008aa00000|100%| O|  |TAMS 0x000000008aa00000, 0x000000008aa00000| Untracked 
|  16|0x000000008aa00000, 0x000000008ab00000, 0x000000008ab00000|100%| O|  |TAMS 0x000000008ab00000, 0x000000008ab00000| Untracked 
|  17|0x000000008ab00000, 0x000000008ac00000, 0x000000008ac00000|100%| O|  |TAMS 0x000000008ac00000, 0x000000008ac00000| Untracked 
|  18|0x000000008ac00000, 0x000000008ad00000, 0x000000008ad00000|100%| O|  |TAMS 0x000000008ad00000, 0x000000008ad00000| Untracked 
|  19|0x000000008ad00000, 0x000000008ae00000, 0x000000008ae00000|100%| O|  |TAMS 0x000000008ae00000, 0x000000008ae00000| Untracked 
|  20|0x000000008ae00000, 0x000000008af00000, 0x000000008af00000|100%|HS|  |TAMS 0x000000008af00000, 0x000000008af00000| Complete 
|  21|0x000000008af00000, 0x000000008b000000, 0x000000008b000000|100%|HC|  |TAMS 0x000000008b000000, 0x000000008b000000| Complete 
|  22|0x000000008b000000, 0x000000008b100000, 0x000000008b100000|100%| O|  |TAMS 0x000000008b100000, 0x000000008b100000| Untracked 
|  23|0x000000008b100000, 0x000000008b200000, 0x000000008b200000|100%| O|  |TAMS 0x000000008b200000, 0x000000008b200000| Untracked 
|  24|0x000000008b200000, 0x000000008b300000, 0x000000008b300000|100%| O|  |TAMS 0x000000008b300000, 0x000000008b300000| Untracked 
|  25|0x000000008b300000, 0x000000008b400000, 0x000000008b400000|100%| O|  |TAMS 0x000000008b400000, 0x000000008b400000| Untracked 
|  26|0x000000008b400000, 0x000000008b500000, 0x000000008b500000|100%| O|  |TAMS 0x000000008b500000, 0x000000008b500000| Untracked 
|  27|0x000000008b500000, 0x000000008b600000, 0x000000008b600000|100%| O|  |TAMS 0x000000008b600000, 0x000000008b600000| Untracked 
|  28|0x000000008b600000, 0x000000008b700000, 0x000000008b700000|100%| O|  |TAMS 0x000000008b700000, 0x000000008b700000| Untracked 
|  29|0x000000008b700000, 0x000000008b800000, 0x000000008b800000|100%| O|  |TAMS 0x000000008b800000, 0x000000008b800000| Untracked 
|  30|0x000000008b800000, 0x000000008b900000, 0x000000008b900000|100%| O|  |TAMS 0x000000008b900000, 0x000000008b900000| Untracked 
|  31|0x000000008b900000, 0x000000008ba00000, 0x000000008ba00000|100%| O|  |TAMS 0x000000008ba00000, 0x000000008ba00000| Untracked 
|  32|0x000000008ba00000, 0x000000008bb00000, 0x000000008bb00000|100%| O|  |TAMS 0x000000008bb00000, 0x000000008bb00000| Untracked 
|  33|0x000000008bb00000, 0x000000008bc00000, 0x000000008bc00000|100%| O|  |TAMS 0x000000008bc00000, 0x000000008bc00000| Untracked 
|  34|0x000000008bc00000, 0x000000008bd00000, 0x000000008bd00000|100%| O|  |TAMS 0x000000008bd00000, 0x000000008bd00000| Untracked 
|  35|0x000000008bd00000, 0x000000008be00000, 0x000000008be00000|100%| O|  |TAMS 0x000000008be00000, 0x000000008be00000| Untracked 
|  36|0x000000008be00000, 0x000000008bf00000, 0x000000008bf00000|100%| O|  |TAMS 0x000000008bf00000, 0x000000008bf00000| Untracked 
|  37|0x000000008bf00000, 0x000000008c000000, 0x000000008c000000|100%| O|  |TAMS 0x000000008c000000, 0x000000008c000000| Untracked 
|  38|0x000000008c000000, 0x000000008c100000, 0x000000008c100000|100%| O|  |TAMS 0x000000008c100000, 0x000000008c100000| Untracked 
|  39|0x000000008c100000, 0x000000008c200000, 0x000000008c200000|100%| O|  |TAMS 0x000000008c200000, 0x000000008c200000| Untracked 
|  40|0x000000008c200000, 0x000000008c300000, 0x000000008c300000|100%| O|  |TAMS 0x000000008c300000, 0x000000008c300000| Untracked 
|  41|0x000000008c300000, 0x000000008c400000, 0x000000008c400000|100%| O|  |TAMS 0x000000008c400000, 0x000000008c400000| Untracked 
|  42|0x000000008c400000, 0x000000008c500000, 0x000000008c500000|100%| O|  |TAMS 0x000000008c500000, 0x000000008c500000| Untracked 
|  43|0x000000008c500000, 0x000000008c600000, 0x000000008c600000|100%| O|  |TAMS 0x000000008c600000, 0x000000008c600000| Untracked 
|  44|0x000000008c600000, 0x000000008c700000, 0x000000008c700000|100%| O|  |TAMS 0x000000008c700000, 0x000000008c700000| Untracked 
|  45|0x000000008c700000, 0x000000008c800000, 0x000000008c800000|100%| O|  |TAMS 0x000000008c800000, 0x000000008c800000| Untracked 
|  46|0x000000008c800000, 0x000000008c900000, 0x000000008c900000|100%| O|  |TAMS 0x000000008c900000, 0x000000008c900000| Untracked 
|  47|0x000000008c900000, 0x000000008ca00000, 0x000000008ca00000|100%| O|  |TAMS 0x000000008ca00000, 0x000000008ca00000| Untracked 
|  48|0x000000008ca00000, 0x000000008cb00000, 0x000000008cb00000|100%| O|  |TAMS 0x000000008cb00000, 0x000000008cb00000| Untracked 
|  49|0x000000008cb00000, 0x000000008cb00000, 0x000000008cc00000|  0%| F|  |TAMS 0x000000008cb00000, 0x000000008cb00000| Untracked 
|  50|0x000000008cc00000, 0x000000008cd00000, 0x000000008cd00000|100%| O|  |TAMS 0x000000008cd00000, 0x000000008cd00000| Untracked 
|  51|0x000000008cd00000, 0x000000008ce00000, 0x000000008ce00000|100%| O|  |TAMS 0x000000008ce00000, 0x000000008ce00000| Untracked 
|  52|0x000000008ce00000, 0x000000008cf00000, 0x000000008cf00000|100%| O|  |TAMS 0x000000008cf00000, 0x000000008cf00000| Untracked 
|  53|0x000000008cf00000, 0x000000008d000000, 0x000000008d000000|100%| O|  |TAMS 0x000000008d000000, 0x000000008d000000| Untracked 
|  54|0x000000008d000000, 0x000000008d100000, 0x000000008d100000|100%| O|  |TAMS 0x000000008d100000, 0x000000008d100000| Untracked 
|  55|0x000000008d100000, 0x000000008d200000, 0x000000008d200000|100%| O|  |TAMS 0x000000008d200000, 0x000000008d200000| Untracked 
|  56|0x000000008d200000, 0x000000008d300000, 0x000000008d300000|100%| O|  |TAMS 0x000000008d300000, 0x000000008d300000| Untracked 
|  57|0x000000008d300000, 0x000000008d400000, 0x000000008d400000|100%| O|  |TAMS 0x000000008d400000, 0x000000008d400000| Untracked 
|  58|0x000000008d400000, 0x000000008d500000, 0x000000008d500000|100%| O|  |TAMS 0x000000008d500000, 0x000000008d500000| Untracked 
|  59|0x000000008d500000, 0x000000008d600000, 0x000000008d600000|100%| O|  |TAMS 0x000000008d600000, 0x000000008d600000| Untracked 
|  60|0x000000008d600000, 0x000000008d700000, 0x000000008d700000|100%| O|  |TAMS 0x000000008d700000, 0x000000008d700000| Untracked 
|  61|0x000000008d700000, 0x000000008d800000, 0x000000008d800000|100%| O|  |TAMS 0x000000008d800000, 0x000000008d800000| Untracked 
|  62|0x000000008d800000, 0x000000008d900000, 0x000000008d900000|100%| O|  |TAMS 0x000000008d900000, 0x000000008d900000| Untracked 
|  63|0x000000008d900000, 0x000000008da00000, 0x000000008da00000|100%| O|  |TAMS 0x000000008d9a7400, 0x000000008da00000| Untracked 
|  64|0x000000008da00000, 0x000000008db00000, 0x000000008db00000|100%| O|  |TAMS 0x000000008da00000, 0x000000008db00000| Untracked 
|  65|0x000000008db00000, 0x000000008dc00000, 0x000000008dc00000|100%| O|  |TAMS 0x000000008db00000, 0x000000008dc00000| Untracked 
|  66|0x000000008dc00000, 0x000000008dd00000, 0x000000008dd00000|100%| O|  |TAMS 0x000000008dc00000, 0x000000008dd00000| Untracked 
|  67|0x000000008dd00000, 0x000000008de00000, 0x000000008de00000|100%| O|  |TAMS 0x000000008dd00000, 0x000000008de00000| Untracked 
|  68|0x000000008de00000, 0x000000008df00000, 0x000000008df00000|100%| O|  |TAMS 0x000000008de00000, 0x000000008df00000| Untracked 
|  69|0x000000008df00000, 0x000000008e000000, 0x000000008e000000|100%| O|  |TAMS 0x000000008df00000, 0x000000008e000000| Untracked 
|  70|0x000000008e000000, 0x000000008e100000, 0x000000008e100000|100%| O|  |TAMS 0x000000008e000000, 0x000000008e100000| Untracked 
|  71|0x000000008e100000, 0x000000008e200000, 0x000000008e200000|100%| O|  |TAMS 0x000000008e100000, 0x000000008e200000| Untracked 
|  72|0x000000008e200000, 0x000000008e300000, 0x000000008e300000|100%| O|  |TAMS 0x000000008e200000, 0x000000008e300000| Untracked 
|  73|0x000000008e300000, 0x000000008e400000, 0x000000008e400000|100%| O|  |TAMS 0x000000008e300000, 0x000000008e400000| Untracked 
|  74|0x000000008e400000, 0x000000008e439200, 0x000000008e500000| 22%| O|  |TAMS 0x000000008e400000, 0x000000008e439200| Untracked 
|  75|0x000000008e500000, 0x000000008e500000, 0x000000008e600000|  0%| F|  |TAMS 0x000000008e500000, 0x000000008e500000| Untracked 
|  76|0x000000008e600000, 0x000000008e600000, 0x000000008e700000|  0%| F|  |TAMS 0x000000008e600000, 0x000000008e600000| Untracked 
|  77|0x000000008e700000, 0x000000008e700000, 0x000000008e800000|  0%| F|  |TAMS 0x000000008e700000, 0x000000008e700000| Untracked 
|  78|0x000000008e800000, 0x000000008e800000, 0x000000008e900000|  0%| F|  |TAMS 0x000000008e800000, 0x000000008e800000| Untracked 
|  79|0x000000008e900000, 0x000000008e900000, 0x000000008ea00000|  0%| F|  |TAMS 0x000000008e900000, 0x000000008e900000| Untracked 
|  80|0x000000008ea00000, 0x000000008ea00000, 0x000000008eb00000|  0%| F|  |TAMS 0x000000008ea00000, 0x000000008ea00000| Untracked 
|  81|0x000000008eb00000, 0x000000008eb00000, 0x000000008ec00000|  0%| F|  |TAMS 0x000000008eb00000, 0x000000008eb00000| Untracked 
|  82|0x000000008ec00000, 0x000000008ec00000, 0x000000008ed00000|  0%| F|  |TAMS 0x000000008ec00000, 0x000000008ec00000| Untracked 
|  83|0x000000008ed00000, 0x000000008ed00000, 0x000000008ee00000|  0%| F|  |TAMS 0x000000008ed00000, 0x000000008ed00000| Untracked 
|  84|0x000000008ee00000, 0x000000008ee00000, 0x000000008ef00000|  0%| F|  |TAMS 0x000000008ee00000, 0x000000008ee00000| Untracked 
|  85|0x000000008ef00000, 0x000000008ef00000, 0x000000008f000000|  0%| F|  |TAMS 0x000000008ef00000, 0x000000008ef00000| Untracked 
|  86|0x000000008f000000, 0x000000008f000000, 0x000000008f100000|  0%| F|  |TAMS 0x000000008f000000, 0x000000008f000000| Untracked 
|  87|0x000000008f100000, 0x000000008f100000, 0x000000008f200000|  0%| F|  |TAMS 0x000000008f100000, 0x000000008f100000| Untracked 
|  88|0x000000008f200000, 0x000000008f200000, 0x000000008f300000|  0%| F|  |TAMS 0x000000008f200000, 0x000000008f200000| Untracked 
|  89|0x000000008f300000, 0x000000008f300000, 0x000000008f400000|  0%| F|  |TAMS 0x000000008f300000, 0x000000008f300000| Untracked 
|  90|0x000000008f400000, 0x000000008f400000, 0x000000008f500000|  0%| F|  |TAMS 0x000000008f400000, 0x000000008f400000| Untracked 
|  91|0x000000008f500000, 0x000000008f500000, 0x000000008f600000|  0%| F|  |TAMS 0x000000008f500000, 0x000000008f500000| Untracked 
|  92|0x000000008f600000, 0x000000008f600000, 0x000000008f700000|  0%| F|  |TAMS 0x000000008f600000, 0x000000008f600000| Untracked 
|  93|0x000000008f700000, 0x000000008f700000, 0x000000008f800000|  0%| F|  |TAMS 0x000000008f700000, 0x000000008f700000| Untracked 
|  94|0x000000008f800000, 0x000000008f800000, 0x000000008f900000|  0%| F|  |TAMS 0x000000008f800000, 0x000000008f800000| Untracked 
|  95|0x000000008f900000, 0x000000008f900000, 0x000000008fa00000|  0%| F|  |TAMS 0x000000008f900000, 0x000000008f900000| Untracked 
|  96|0x000000008fa00000, 0x000000008fa4fcd0, 0x000000008fb00000| 31%| S|CS|TAMS 0x000000008fa00000, 0x000000008fa00000| Complete 
|  97|0x000000008fb00000, 0x000000008fc00000, 0x000000008fc00000|100%| S|CS|TAMS 0x000000008fb00000, 0x000000008fb00000| Complete 
|  98|0x000000008fc00000, 0x000000008fd00000, 0x000000008fd00000|100%| S|CS|TAMS 0x000000008fc00000, 0x000000008fc00000| Complete 
|  99|0x000000008fd00000, 0x000000008fe00000, 0x000000008fe00000|100%| S|CS|TAMS 0x000000008fd00000, 0x000000008fd00000| Complete 
| 100|0x000000008fe00000, 0x000000008fe00000, 0x000000008ff00000|  0%| F|  |TAMS 0x000000008fe00000, 0x000000008fe00000| Untracked 
| 101|0x000000008ff00000, 0x000000008ff00000, 0x0000000090000000|  0%| F|  |TAMS 0x000000008ff00000, 0x000000008ff00000| Untracked 
| 102|0x0000000090000000, 0x0000000090000000, 0x0000000090100000|  0%| F|  |TAMS 0x0000000090000000, 0x0000000090000000| Untracked 
| 103|0x0000000090100000, 0x0000000090100000, 0x0000000090200000|  0%| F|  |TAMS 0x0000000090100000, 0x0000000090100000| Untracked 
| 104|0x0000000090200000, 0x0000000090200000, 0x0000000090300000|  0%| F|  |TAMS 0x0000000090200000, 0x0000000090200000| Untracked 
| 105|0x0000000090300000, 0x0000000090300000, 0x0000000090400000|  0%| F|  |TAMS 0x0000000090300000, 0x0000000090300000| Untracked 
| 106|0x0000000090400000, 0x0000000090400000, 0x0000000090500000|  0%| F|  |TAMS 0x0000000090400000, 0x0000000090400000| Untracked 
| 107|0x0000000090500000, 0x0000000090500000, 0x0000000090600000|  0%| F|  |TAMS 0x0000000090500000, 0x0000000090500000| Untracked 
| 108|0x0000000090600000, 0x0000000090600000, 0x0000000090700000|  0%| F|  |TAMS 0x0000000090600000, 0x0000000090600000| Untracked 
| 109|0x0000000090700000, 0x0000000090700000, 0x0000000090800000|  0%| F|  |TAMS 0x0000000090700000, 0x0000000090700000| Untracked 
| 110|0x0000000090800000, 0x0000000090800000, 0x0000000090900000|  0%| F|  |TAMS 0x0000000090800000, 0x0000000090800000| Untracked 
| 111|0x0000000090900000, 0x0000000090900000, 0x0000000090a00000|  0%| F|  |TAMS 0x0000000090900000, 0x0000000090900000| Untracked 
| 112|0x0000000090a00000, 0x0000000090a00000, 0x0000000090b00000|  0%| F|  |TAMS 0x0000000090a00000, 0x0000000090a00000| Untracked 
| 113|0x0000000090b00000, 0x0000000090b00000, 0x0000000090c00000|  0%| F|  |TAMS 0x0000000090b00000, 0x0000000090b00000| Untracked 
| 114|0x0000000090c00000, 0x0000000090c00000, 0x0000000090d00000|  0%| F|  |TAMS 0x0000000090c00000, 0x0000000090c00000| Untracked 
| 115|0x0000000090d00000, 0x0000000090d00000, 0x0000000090e00000|  0%| F|  |TAMS 0x0000000090d00000, 0x0000000090d00000| Untracked 
| 116|0x0000000090e00000, 0x0000000090e00000, 0x0000000090f00000|  0%| F|  |TAMS 0x0000000090e00000, 0x0000000090e00000| Untracked 
| 117|0x0000000090f00000, 0x0000000090f00000, 0x0000000091000000|  0%| F|  |TAMS 0x0000000090f00000, 0x0000000090f00000| Untracked 
| 118|0x0000000091000000, 0x0000000091000000, 0x0000000091100000|  0%| F|  |TAMS 0x0000000091000000, 0x0000000091000000| Untracked 
| 119|0x0000000091100000, 0x0000000091100000, 0x0000000091200000|  0%| F|  |TAMS 0x0000000091100000, 0x0000000091100000| Untracked 
| 120|0x0000000091200000, 0x0000000091200000, 0x0000000091300000|  0%| F|  |TAMS 0x0000000091200000, 0x0000000091200000| Untracked 
| 121|0x0000000091300000, 0x0000000091300000, 0x0000000091400000|  0%| F|  |TAMS 0x0000000091300000, 0x0000000091300000| Untracked 
| 122|0x0000000091400000, 0x0000000091400000, 0x0000000091500000|  0%| F|  |TAMS 0x0000000091400000, 0x0000000091400000| Untracked 
| 123|0x0000000091500000, 0x0000000091500000, 0x0000000091600000|  0%| F|  |TAMS 0x0000000091500000, 0x0000000091500000| Untracked 
| 124|0x0000000091600000, 0x0000000091600000, 0x0000000091700000|  0%| F|  |TAMS 0x0000000091600000, 0x0000000091600000| Untracked 
| 125|0x0000000091700000, 0x0000000091700000, 0x0000000091800000|  0%| F|  |TAMS 0x0000000091700000, 0x0000000091700000| Untracked 
| 126|0x0000000091800000, 0x0000000091800000, 0x0000000091900000|  0%| F|  |TAMS 0x0000000091800000, 0x0000000091800000| Untracked 
| 127|0x0000000091900000, 0x0000000091900000, 0x0000000091a00000|  0%| F|  |TAMS 0x0000000091900000, 0x0000000091900000| Untracked 
| 128|0x0000000091a00000, 0x0000000091a00000, 0x0000000091b00000|  0%| F|  |TAMS 0x0000000091a00000, 0x0000000091a00000| Untracked 
| 129|0x0000000091b00000, 0x0000000091b00000, 0x0000000091c00000|  0%| F|  |TAMS 0x0000000091b00000, 0x0000000091b00000| Untracked 
| 130|0x0000000091c00000, 0x0000000091c00000, 0x0000000091d00000|  0%| F|  |TAMS 0x0000000091c00000, 0x0000000091c00000| Untracked 
| 131|0x0000000091d00000, 0x0000000091d00000, 0x0000000091e00000|  0%| F|  |TAMS 0x0000000091d00000, 0x0000000091d00000| Untracked 
| 132|0x0000000091e00000, 0x0000000091e00000, 0x0000000091f00000|  0%| F|  |TAMS 0x0000000091e00000, 0x0000000091e00000| Untracked 
| 133|0x0000000091f00000, 0x0000000091f00000, 0x0000000092000000|  0%| F|  |TAMS 0x0000000091f00000, 0x0000000091f00000| Untracked 
| 134|0x0000000092000000, 0x0000000092000000, 0x0000000092100000|  0%| F|  |TAMS 0x0000000092000000, 0x0000000092000000| Untracked 
| 135|0x0000000092100000, 0x0000000092100000, 0x0000000092200000|  0%| F|  |TAMS 0x0000000092100000, 0x0000000092100000| Untracked 
| 136|0x0000000092200000, 0x0000000092200000, 0x0000000092300000|  0%| F|  |TAMS 0x0000000092200000, 0x0000000092200000| Untracked 
| 137|0x0000000092300000, 0x0000000092300000, 0x0000000092400000|  0%| F|  |TAMS 0x0000000092300000, 0x0000000092300000| Untracked 
| 138|0x0000000092400000, 0x0000000092400000, 0x0000000092500000|  0%| F|  |TAMS 0x0000000092400000, 0x0000000092400000| Untracked 
| 139|0x0000000092500000, 0x0000000092500000, 0x0000000092600000|  0%| F|  |TAMS 0x0000000092500000, 0x0000000092500000| Untracked 
|1892|0x00000000ffe00000, 0x00000000fff00000, 0x00000000fff00000|100%| O|  |TAMS 0x00000000fff00000, 0x00000000fff00000| Untracked 
|1893|0x00000000fff00000, 0x0000000100000000, 0x0000000100000000|100%| O|  |TAMS 0x0000000100000000, 0x0000000100000000| Untracked 

Card table byte_map: [0x000002bae0110000,0x000002bae04d0000] _byte_map_base: 0x000002badfcc3000

Marking Bits (Prev, Next): (CMBitMap*) 0x000002bacbad7740, (CMBitMap*) 0x000002bacbad7780
 Prev Bits: [0x000002bae0890000, 0x000002bae2628000)
 Next Bits: [0x000002bae2630000, 0x000002bae43c8000)

Polling page: 0x000002bacb8d0000

Metaspace:

Usage:
  Non-class:     75.47 MB used.
      Class:      9.14 MB used.
       Both:     84.61 MB used.

Virtual space:
  Non-class space:      128.00 MB reserved,      75.69 MB ( 59%) committed,  2 nodes.
      Class space:        1.00 GB reserved,       9.31 MB ( <1%) committed,  1 nodes.
             Both:        1.12 GB reserved,      85.00 MB (  7%) committed. 

Chunk freelists:
   Non-Class:  3.41 MB
       Class:  6.64 MB
        Both:  10.05 MB

MaxMetaspaceSize: unlimited
CompressedClassSpaceSize: 1.00 GB
Initial GC threshold: 21.00 MB
Current GC threshold: 139.50 MB
CDS: off
MetaspaceReclaimPolicy: balanced
 - commit_granule_bytes: 65536.
 - commit_granule_words: 8192.
 - virtual_space_node_default_size: 8388608.
 - enlarge_chunks_in_place: 1.
 - new_chunks_are_fully_committed: 0.
 - uncommit_free_chunks: 1.
 - use_allocation_guard: 0.
 - handle_deallocations: 1.


Internal statistics:

num_allocs_failed_limit: 6.
num_arena_births: 452.
num_arena_deaths: 0.
num_vsnodes_births: 3.
num_vsnodes_deaths: 0.
num_space_committed: 1358.
num_space_uncommitted: 0.
num_chunks_returned_to_freelist: 6.
num_chunks_taken_from_freelist: 3276.
num_chunk_merges: 6.
num_chunk_splits: 2657.
num_chunks_enlarged: 2307.
num_inconsistent_stats: 0.

CodeHeap 'non-profiled nmethods': size=120000Kb used=6241Kb max_used=6400Kb free=113758Kb
 bounds [0x000002bad81f0000, 0x000002bad8840000, 0x000002badf720000]
CodeHeap 'profiled nmethods': size=120000Kb used=40215Kb max_used=40215Kb free=79784Kb
 bounds [0x000002bad0720000, 0x000002bad2e70000, 0x000002bad7c50000]
CodeHeap 'non-nmethods': size=5760Kb used=1413Kb max_used=1497Kb free=4346Kb
 bounds [0x000002bad7c50000, 0x000002bad7ec0000, 0x000002bad81f0000]
 total_blobs=13983 nmethods=13240 adapters=650
 compilation: enabled
              stopped_count=0, restarted_count=0
 full_count=0

Compilation events (20 events):
Event: 30.465 Thread 0x000002baeb022380 15681       4       org.jetbrains.kotlin.codegen.optimization.temporaryVals.TemporaryValsAnalyzer::analyze (1271 bytes)
Event: 30.465 Thread 0x000002baeb084c60 nmethod 15725 0x000002bad832c610 code [0x000002bad832c7a0, 0x000002bad832c878]
Event: 30.465 Thread 0x000002baeb084c60 15726       1       org.jetbrains.kotlin.codegen.inline.SourcePosition::component1 (5 bytes)
Event: 30.466 Thread 0x000002baeb084c60 nmethod 15726 0x000002bad832c310 code [0x000002bad832c4a0, 0x000002bad832c578]
Event: 30.466 Thread 0x000002baeb084c60 15727       1       org.jetbrains.kotlin.codegen.inline.SourcePosition::component2 (5 bytes)
Event: 30.466 Thread 0x000002baeb084c60 nmethod 15727 0x000002bad832c010 code [0x000002bad832c1a0, 0x000002bad832c278]
Event: 30.466 Thread 0x000002baeb084c60 15728       1       org.jetbrains.kotlin.codegen.inline.SourcePosition::component3 (5 bytes)
Event: 30.466 Thread 0x000002baeb084c60 nmethod 15728 0x000002bad832bd10 code [0x000002bad832bea0, 0x000002bad832bf78]
Event: 30.466 Thread 0x000002baeb084c60 15720       2       org.jetbrains.kotlin.metadata.jvm.JvmProtoBuf$JvmMethodSignature$Builder::setDesc (17 bytes)
Event: 30.466 Thread 0x000002baeb084c60 nmethod 15720 0x000002bad2e63290 code [0x000002bad2e63420, 0x000002bad2e63538]
Event: 30.466 Thread 0x000002baeb084c60 15729       1       org.jetbrains.kotlin.backend.jvm.JvmBackendContext::isEnclosedInConstructor (5 bytes)
Event: 30.466 Thread 0x000002baeb084c60 nmethod 15729 0x000002bad832ba10 code [0x000002bad832bba0, 0x000002bad832bc78]
Event: 30.470 Thread 0x000002baeb084c60 15731       2       kotlin.collections.CollectionsKt__CollectionsKt::arrayListOf (41 bytes)
Event: 30.471 Thread 0x000002baeb084c60 nmethod 15731 0x000002bad2e63610 code [0x000002bad2e63860, 0x000002bad2e63ea8]
Event: 30.475 Thread 0x000002baeb084c60 15732       2       org.jetbrains.kotlin.codegen.optimization.common.FastMethodAnalyzer::<init> (128 bytes)
Event: 30.477 Thread 0x000002baeb084c60 nmethod 15732 0x000002bad2e64290 code [0x000002bad2e64540, 0x000002bad2e65158]
Event: 30.477 Thread 0x000002baeb084c60 15734       2       org.jetbrains.org.objectweb.asm.SymbolTable::addConstantIntegerOrFloat (100 bytes)
Event: 30.478 Thread 0x000002baeb084c60 nmethod 15734 0x000002bad2e65690 code [0x000002bad2e65860, 0x000002bad2e65bb8]
Event: 30.478 Thread 0x000002baeb084c60 15733       2       org.jetbrains.kotlin.codegen.optimization.LabelNormalizationMethodTransformer$TransformerForMethod::<init> (38 bytes)
Event: 30.479 Thread 0x000002baeb084c60 nmethod 15733 0x000002bad2e65e10 code [0x000002bad2e66000, 0x000002bad2e66468]

GC Heap History (20 events):
Event: 11.278 GC heap after
{Heap after GC invocations=16 (full 0):
 garbage-first heap   total 120832K, used 44395K [0x0000000089a00000, 0x0000000100000000)
  region size 1024K, 8 young (8192K), 8 survivors (8192K)
 Metaspace       used 56274K, committed 56512K, reserved 1114112K
  class space    used 6604K, committed 6720K, reserved 1048576K
}
Event: 12.693 GC heap before
{Heap before GC invocations=16 (full 0):
 garbage-first heap   total 120832K, used 71019K [0x0000000089a00000, 0x0000000100000000)
  region size 1024K, 35 young (35840K), 8 survivors (8192K)
 Metaspace       used 58394K, committed 58688K, reserved 1114112K
  class space    used 6810K, committed 6976K, reserved 1048576K
}
Event: 12.718 GC heap after
{Heap after GC invocations=17 (full 0):
 garbage-first heap   total 120832K, used 48585K [0x0000000089a00000, 0x0000000100000000)
  region size 1024K, 4 young (4096K), 4 survivors (4096K)
 Metaspace       used 58394K, committed 58688K, reserved 1114112K
  class space    used 6810K, committed 6976K, reserved 1048576K
}
Event: 15.354 GC heap before
{Heap before GC invocations=18 (full 0):
 garbage-first heap   total 120832K, used 90569K [0x0000000089a00000, 0x0000000100000000)
  region size 1024K, 45 young (46080K), 4 survivors (4096K)
 Metaspace       used 60191K, committed 60480K, reserved 1114112K
  class space    used 6885K, committed 7040K, reserved 1048576K
}
Event: 15.387 GC heap after
{Heap after GC invocations=19 (full 0):
 garbage-first heap   total 120832K, used 53045K [0x0000000089a00000, 0x0000000100000000)
  region size 1024K, 5 young (5120K), 5 survivors (5120K)
 Metaspace       used 60191K, committed 60480K, reserved 1114112K
  class space    used 6885K, committed 7040K, reserved 1048576K
}
Event: 15.408 GC heap before
{Heap before GC invocations=19 (full 0):
 garbage-first heap   total 120832K, used 54069K [0x0000000089a00000, 0x0000000100000000)
  region size 1024K, 6 young (6144K), 5 survivors (5120K)
 Metaspace       used 60193K, committed 60480K, reserved 1114112K
  class space    used 6885K, committed 7040K, reserved 1048576K
}
Event: 15.430 GC heap after
{Heap after GC invocations=20 (full 0):
 garbage-first heap   total 145408K, used 53065K [0x0000000089a00000, 0x0000000100000000)
  region size 1024K, 1 young (1024K), 1 survivors (1024K)
 Metaspace       used 60193K, committed 60480K, reserved 1114112K
  class space    used 6885K, committed 7040K, reserved 1048576K
}
Event: 18.208 GC heap before
{Heap before GC invocations=20 (full 0):
 garbage-first heap   total 145408K, used 111433K [0x0000000089a00000, 0x0000000100000000)
  region size 1024K, 58 young (59392K), 1 survivors (1024K)
 Metaspace       used 66757K, committed 67072K, reserved 1114112K
  class space    used 7504K, committed 7680K, reserved 1048576K
}
Event: 18.225 GC heap after
{Heap after GC invocations=21 (full 0):
 garbage-first heap   total 145408K, used 57630K [0x0000000089a00000, 0x0000000100000000)
  region size 1024K, 6 young (6144K), 6 survivors (6144K)
 Metaspace       used 66757K, committed 67072K, reserved 1114112K
  class space    used 7504K, committed 7680K, reserved 1048576K
}
Event: 21.757 GC heap before
{Heap before GC invocations=21 (full 0):
 garbage-first heap   total 145408K, used 111902K [0x0000000089a00000, 0x0000000100000000)
  region size 1024K, 59 young (60416K), 6 survivors (6144K)
 Metaspace       used 70655K, committed 70976K, reserved 1114112K
  class space    used 7926K, committed 8064K, reserved 1048576K
}
Event: 21.794 GC heap after
{Heap after GC invocations=22 (full 0):
 garbage-first heap   total 145408K, used 66735K [0x0000000089a00000, 0x0000000100000000)
  region size 1024K, 8 young (8192K), 8 survivors (8192K)
 Metaspace       used 70655K, committed 70976K, reserved 1114112K
  class space    used 7926K, committed 8064K, reserved 1048576K
}
Event: 24.041 GC heap before
{Heap before GC invocations=22 (full 0):
 garbage-first heap   total 145408K, used 111791K [0x0000000089a00000, 0x0000000100000000)
  region size 1024K, 52 young (53248K), 8 survivors (8192K)
 Metaspace       used 78782K, committed 79168K, reserved 1179648K
  class space    used 8803K, committed 8960K, reserved 1048576K
}
Event: 24.068 GC heap after
{Heap after GC invocations=23 (full 0):
 garbage-first heap   total 145408K, used 71270K [0x0000000089a00000, 0x0000000100000000)
  region size 1024K, 4 young (4096K), 4 survivors (4096K)
 Metaspace       used 78782K, committed 79168K, reserved 1179648K
  class space    used 8803K, committed 8960K, reserved 1048576K
}
Event: 27.735 GC heap before
{Heap before GC invocations=23 (full 0):
 garbage-first heap   total 145408K, used 114278K [0x0000000089a00000, 0x0000000100000000)
  region size 1024K, 46 young (47104K), 4 survivors (4096K)
 Metaspace       used 84043K, committed 84416K, reserved 1179648K
  class space    used 9223K, committed 9408K, reserved 1048576K
}
Event: 27.765 GC heap after
{Heap after GC invocations=24 (full 0):
 garbage-first heap   total 145408K, used 75317K [0x0000000089a00000, 0x0000000100000000)
  region size 1024K, 4 young (4096K), 4 survivors (4096K)
 Metaspace       used 84043K, committed 84416K, reserved 1179648K
  class space    used 9223K, committed 9408K, reserved 1048576K
}
Event: 29.426 GC heap before
{Heap before GC invocations=25 (full 0):
 garbage-first heap   total 145408K, used 116277K [0x0000000089a00000, 0x0000000100000000)
  region size 1024K, 44 young (45056K), 4 survivors (4096K)
 Metaspace       used 86146K, committed 86592K, reserved 1179648K
  class space    used 9339K, committed 9536K, reserved 1048576K
}
Event: 29.448 GC heap after
{Heap after GC invocations=26 (full 0):
 garbage-first heap   total 145408K, used 77660K [0x0000000089a00000, 0x0000000100000000)
  region size 1024K, 6 young (6144K), 6 survivors (6144K)
 Metaspace       used 86146K, committed 86592K, reserved 1179648K
  class space    used 9339K, committed 9536K, reserved 1048576K
}
Event: 29.488 GC heap before
{Heap before GC invocations=26 (full 0):
 garbage-first heap   total 145408K, used 78684K [0x0000000089a00000, 0x0000000100000000)
  region size 1024K, 7 young (7168K), 6 survivors (6144K)
 Metaspace       used 86162K, committed 86592K, reserved 1179648K
  class space    used 9339K, committed 9536K, reserved 1048576K
}
Event: 29.514 GC heap after
{Heap after GC invocations=27 (full 0):
 garbage-first heap   total 145408K, used 76969K [0x0000000089a00000, 0x0000000100000000)
  region size 1024K, 1 young (1024K), 1 survivors (1024K)
 Metaspace       used 86162K, committed 86592K, reserved 1179648K
  class space    used 9339K, committed 9536K, reserved 1048576K
}
Event: 30.480 GC heap before
{Heap before GC invocations=27 (full 0):
 garbage-first heap   total 145408K, used 116905K [0x0000000089a00000, 0x0000000100000000)
  region size 1024K, 40 young (40960K), 1 survivors (1024K)
 Metaspace       used 86644K, committed 87040K, reserved 1179648K
  class space    used 9359K, committed 9536K, reserved 1048576K
}

Dll operation events (2 events):
Event: 0.016 Loaded shared library C:\Program Files\Android\Android Studio\jbr\bin\java.dll
Event: 3.113 Loaded shared library C:\Program Files\Android\Android Studio\jbr\bin\verify.dll

Deoptimization events (20 events):
Event: 30.028 Thread 0x000002bacba82af0 DEOPT PACKING pc=0x000002bad1d24bd1 sp=0x000000e87b5facf0
Event: 30.028 Thread 0x000002bacba82af0 DEOPT UNPACKING pc=0x000002bad7ca7143 sp=0x000000e87b5fa190 mode 0
Event: 30.086 Thread 0x000002bacba82af0 DEOPT PACKING pc=0x000002bad2cc5dad sp=0x000000e87b5fd680
Event: 30.086 Thread 0x000002bacba82af0 DEOPT UNPACKING pc=0x000002bad7ca7143 sp=0x000000e87b5fcb08 mode 0
Event: 30.295 Thread 0x000002bacba82af0 Uncommon trap: trap_request=0xffffff45 fr.pc=0x000002bad85984b4 relative=0x00000000000004f4
Event: 30.295 Thread 0x000002bacba82af0 Uncommon trap: reason=unstable_if action=reinterpret pc=0x000002bad85984b4 method=org.jetbrains.kotlin.codegen.optimization.common.FastMethodAnalyzer.mergeControlFlowEdge(ILorg/jetbrains/org/objectweb/asm/tree/analysis/Frame;Z)V @ 19 c2
Event: 30.295 Thread 0x000002bacba82af0 DEOPT PACKING pc=0x000002bad85984b4 sp=0x000000e87b5f9e60
Event: 30.295 Thread 0x000002bacba82af0 DEOPT UNPACKING pc=0x000002bad7ca69a3 sp=0x000000e87b5f9df0 mode 2
Event: 30.308 Thread 0x000002bacba82af0 DEOPT PACKING pc=0x000002bad2ca580f sp=0x000000e87b5fc0d0
Event: 30.308 Thread 0x000002bacba82af0 DEOPT UNPACKING pc=0x000002bad7ca7143 sp=0x000000e87b5fb718 mode 0
Event: 30.322 Thread 0x000002bacba82af0 DEOPT PACKING pc=0x000002bad2ca580f sp=0x000000e87b5fb8a0
Event: 30.322 Thread 0x000002bacba82af0 DEOPT UNPACKING pc=0x000002bad7ca7143 sp=0x000000e87b5faee8 mode 0
Event: 30.359 Thread 0x000002bacba82af0 DEOPT PACKING pc=0x000002bad2c438ed sp=0x000000e87b5fd7f0
Event: 30.359 Thread 0x000002bacba82af0 DEOPT UNPACKING pc=0x000002bad7ca7143 sp=0x000000e87b5fcd18 mode 0
Event: 30.416 Thread 0x000002bacba82af0 DEOPT PACKING pc=0x000002bad2ca580f sp=0x000000e87b5fd640
Event: 30.416 Thread 0x000002bacba82af0 DEOPT UNPACKING pc=0x000002bad7ca7143 sp=0x000000e87b5fcc88 mode 0
Event: 30.437 Thread 0x000002bacba82af0 Uncommon trap: trap_request=0xffffffde fr.pc=0x000002bad8715744 relative=0x00000000000007c4
Event: 30.437 Thread 0x000002bacba82af0 Uncommon trap: reason=class_check action=maybe_recompile pc=0x000002bad8715744 method=org.jetbrains.kotlin.ir.util.AdditionalIrUtilsKt.hasEqualFqName(Lorg/jetbrains/kotlin/ir/declarations/IrDeclarationWithName;Lorg/jetbrains/kotlin/name/FqName;)Z @ 43 c2
Event: 30.437 Thread 0x000002bacba82af0 DEOPT PACKING pc=0x000002bad8715744 sp=0x000000e87b5fcdf0
Event: 30.437 Thread 0x000002bacba82af0 DEOPT UNPACKING pc=0x000002bad7ca69a3 sp=0x000000e87b5fcdc8 mode 2

Classes unloaded (0 events):
No events

Classes redefined (0 events):
No events

Internal exceptions (20 events):
Event: 11.064 Thread 0x000002bacba82af0 Implicit null exception at 0x000002bad830f314 to 0x000002bad830f40c
Event: 11.064 Thread 0x000002bacba82af0 Implicit null exception at 0x000002bad8267de0 to 0x000002bad8267e7a
Event: 11.704 Thread 0x000002bacba82af0 Exception <a 'java/lang/NoSuchMethodError'{0x0000000090197900}: 'java.lang.Object java.lang.invoke.DirectMethodHandle$Holder.invokeInterface(java.lang.Object, java.lang.Object, java.lang.Object)'> (0x0000000090197900) 
thrown [s\src\hotspot\share\interpreter\linkResolver.cpp, line 771]
Event: 11.705 Thread 0x000002bacba82af0 Exception <a 'java/lang/IncompatibleClassChangeError'{0x000000009019b518}: Found class java.lang.Object, but interface was expected> (0x000000009019b518) 
thrown [s\src\hotspot\share\interpreter\linkResolver.cpp, line 838]
Event: 12.479 Thread 0x000002bacba82af0 Exception <a 'java/lang/NoSuchMethodError'{0x000000008f8e9830}: 'java.lang.Object java.lang.invoke.DirectMethodHandle$Holder.newInvokeSpecial(java.lang.Object, java.lang.Object, java.lang.Object, java.lang.Object, java.lang.Object, java.lang.Object, java.lang.Object)'> (0x000000008f8e9830) 
thrown [s\src\hotspot\share\interpreter\linkResolver.cpp, line 771]
Event: 12.479 Thread 0x000002bacba82af0 Exception <a 'java/lang/NoSuchMethodError'{0x000000008f8ee3e8}: 'java.lang.Object java.lang.invoke.Invokers$Holder.linkToTargetMethod(java.lang.Object, java.lang.Object, java.lang.Object, java.lang.Object, java.lang.Object, java.lang.Object, java.lang.Object)'> (0x000000008f8ee3e8) 
thrown [s\src\hotspot\share\interpreter\linkResolver.cpp, line 771]
Event: 12.551 Thread 0x000002bacba82af0 Exception <a 'java/lang/NoSuchMethodError'{0x000000008f5b03f0}: 'java.lang.Object java.lang.invoke.DirectMethodHandle$Holder.newInvokeSpecial(java.lang.Object, int, java.lang.Object)'> (0x000000008f5b03f0) 
thrown [s\src\hotspot\share\interpreter\linkResolver.cpp, line 771]
Event: 12.553 Thread 0x000002bacba82af0 Exception <a 'java/lang/NoSuchMethodError'{0x000000008f5b6d00}: 'int java.lang.invoke.DirectMethodHandle$Holder.invokeInterface(java.lang.Object, java.lang.Object)'> (0x000000008f5b6d00) 
thrown [s\src\hotspot\share\interpreter\linkResolver.cpp, line 771]
Event: 12.978 Thread 0x000002bacba82af0 Implicit null exception at 0x000002bad84d4740 to 0x000002bad84d47c9
Event: 13.759 Thread 0x000002bacba82af0 Exception <a 'java/lang/NoSuchMethodError'{0x000000008fd19970}: 'java.lang.Object java.lang.invoke.DirectMethodHandle$Holder.invokeStatic(java.lang.Object, int, java.lang.Object)'> (0x000000008fd19970) 
thrown [s\src\hotspot\share\interpreter\linkResolver.cpp, line 771]
Event: 14.345 Thread 0x000002bacba82af0 Exception <a 'java/lang/NoSuchMethodError'{0x000000008f3edde0}: 'java.lang.Object java.lang.invoke.DirectMethodHandle$Holder.newInvokeSpecial(java.lang.Object, int, java.lang.Object, java.lang.Object)'> (0x000000008f3edde0) 
thrown [s\src\hotspot\share\interpreter\linkResolver.cpp, line 771]
Event: 16.613 Thread 0x000002bacba82af0 Implicit null exception at 0x000002bad829ec6f to 0x000002bad829ee44
Event: 17.341 Thread 0x000002bacba82af0 Exception <a 'java/lang/NoSuchMethodError'{0x00000000901fdab8}: 'java.lang.Object java.lang.invoke.DirectMethodHandle$Holder.invokeStaticInit(java.lang.Object, java.lang.Object, java.lang.Object, java.lang.Object)'> (0x00000000901fdab8) 
thrown [s\src\hotspot\share\interpreter\linkResolver.cpp, line 771]
Event: 17.786 Thread 0x000002bacba82af0 Exception <a 'java/lang/NoSuchMethodError'{0x000000008f19fd18}: 'java.lang.Object java.lang.invoke.DirectMethodHandle$Holder.newInvokeSpecial(java.lang.Object, java.lang.Object, java.lang.Object, int, int)'> (0x000000008f19fd18) 
thrown [s\src\hotspot\share\interpreter\linkResolver.cpp, line 771]
Event: 17.786 Thread 0x000002bacba82af0 Exception <a 'java/lang/NoSuchMethodError'{0x000000008f1a3b58}: 'java.lang.Object java.lang.invoke.DirectMethodHandle$Holder.invokeSpecial(java.lang.Object, java.lang.Object, java.lang.Object, java.lang.Object, int, int)'> (0x000000008f1a3b58) 
thrown [s\src\hotspot\share\interpreter\linkResolver.cpp, line 771]
Event: 18.333 Thread 0x000002bacba82af0 Exception <a 'java/lang/NoSuchMethodError'{0x00000000923658f8}: 'java.lang.Object java.lang.invoke.DirectMethodHandle$Holder.newInvokeSpecial(java.lang.Object, java.lang.Object, int, int, java.lang.Object, java.lang.Object, java.lang.Object)'> (0x00000000923658f8) 
thrown [s\src\hotspot\share\interpreter\linkResolver.cpp, line 771]
Event: 18.336 Thread 0x000002bacba82af0 Exception <a 'java/lang/NoSuchMethodError'{0x000000009236a4e0}: 'java.lang.Object java.lang.invoke.DirectMethodHandle$Holder.invokeSpecial(java.lang.Object, java.lang.Object, java.lang.Object, int, int, java.lang.Object, java.lang.Object, java.lang.Object)'> (0x000000009236a4e0) 
thrown [s\src\hotspot\share\interpreter\linkResolver.cpp, line 771]
Event: 18.373 Thread 0x000002bacba82af0 Implicit null exception at 0x000002bad825b96f to 0x000002bad825bbb4
Event: 18.879 Thread 0x000002bacba82af0 Exception <a 'java/lang/NoSuchMethodError'{0x0000000092089618}: 'java.lang.Object java.lang.invoke.DirectMethodHandle$Holder.invokeSpecial(java.lang.Object, java.lang.Object, int, int, java.lang.Object, java.lang.Object, java.lang.Object, java.lang.Object, java.lang.Object)'> (0x0000000092089618) 
thrown [s\src\hotspot\share\interpreter\linkResolver.cpp, line 771]
Event: 26.064 Thread 0x000002bacba82af0 Implicit null exception at 0x000002bad84f91a7 to 0x000002bad84f9826

VM Operations (20 events):
Event: 28.152 Executing VM operation: G1PauseRemark done
Event: 28.342 Executing VM operation: G1PauseCleanup
Event: 28.343 Executing VM operation: G1PauseCleanup done
Event: 28.948 Executing VM operation: HandshakeAllThreads
Event: 28.948 Executing VM operation: HandshakeAllThreads done
Event: 29.028 Executing VM operation: ICBufferFull
Event: 29.028 Executing VM operation: ICBufferFull done
Event: 29.426 Executing VM operation: G1CollectForAllocation
Event: 29.448 Executing VM operation: G1CollectForAllocation done
Event: 29.487 Executing VM operation: G1CollectForAllocation
Event: 29.514 Executing VM operation: G1CollectForAllocation done
Event: 29.674 Executing VM operation: HandshakeAllThreads
Event: 29.674 Executing VM operation: HandshakeAllThreads done
Event: 29.842 Executing VM operation: HandshakeAllThreads
Event: 29.842 Executing VM operation: HandshakeAllThreads done
Event: 29.844 Executing VM operation: HandshakeAllThreads
Event: 29.844 Executing VM operation: HandshakeAllThreads done
Event: 29.942 Executing VM operation: ICBufferFull
Event: 29.943 Executing VM operation: ICBufferFull done
Event: 30.480 Executing VM operation: G1CollectForAllocation

Events (20 events):
Event: 27.643 Thread 0x000002baeb028aa0 flushing nmethod 0x000002bad2760b90
Event: 27.643 Thread 0x000002baeb028aa0 flushing nmethod 0x000002bad279b510
Event: 27.644 Thread 0x000002baeb028aa0 flushing nmethod 0x000002bad27da090
Event: 27.644 Thread 0x000002baeb028aa0 flushing nmethod 0x000002bad27df310
Event: 27.644 Thread 0x000002baeb028aa0 flushing nmethod 0x000002bad27eb190
Event: 27.644 Thread 0x000002baeb028aa0 flushing nmethod 0x000002bad27ebf90
Event: 27.644 Thread 0x000002baeb028aa0 flushing nmethod 0x000002bad27ed910
Event: 27.644 Thread 0x000002baeb028aa0 flushing nmethod 0x000002bad27f0590
Event: 27.644 Thread 0x000002baeb028aa0 flushing nmethod 0x000002bad27f2e90
Event: 27.644 Thread 0x000002baeb028aa0 flushing nmethod 0x000002bad287cd10
Event: 27.644 Thread 0x000002baeb028aa0 flushing nmethod 0x000002bad289f690
Event: 27.645 Thread 0x000002baeb028aa0 flushing nmethod 0x000002bad293c010
Event: 27.645 Thread 0x000002baeb028aa0 flushing nmethod 0x000002bad2949a10
Event: 27.646 Thread 0x000002baeb028aa0 flushing nmethod 0x000002bad298c410
Event: 27.646 Thread 0x000002baeb028aa0 flushing nmethod 0x000002bad298c790
Event: 27.646 Thread 0x000002baeb028aa0 flushing nmethod 0x000002bad298cb10
Event: 27.646 Thread 0x000002baeb028aa0 flushing nmethod 0x000002bad298ce90
Event: 27.646 Thread 0x000002baeb028aa0 flushing nmethod 0x000002bad29c2810
Event: 27.646 Thread 0x000002baeb028aa0 flushing nmethod 0x000002bad29eeb10
Event: 27.646 Thread 0x000002baeb028aa0 flushing nmethod 0x000002bad2a06810


Dynamic libraries:
0x00007ff78ad50000 - 0x00007ff78ad5a000 	C:\Program Files\Android\Android Studio\jbr\bin\java.exe
0x00007ffa37750000 - 0x00007ffa37948000 	C:\Windows\SYSTEM32\ntdll.dll
0x00007ffa362c0000 - 0x00007ffa36382000 	C:\Windows\System32\KERNEL32.DLL
0x00007ffa35200000 - 0x00007ffa354ff000 	C:\Windows\System32\KERNELBASE.dll
0x00007ffa34ef0000 - 0x00007ffa34ff0000 	C:\Windows\System32\ucrtbase.dll
0x00007ff9fc210000 - 0x00007ff9fc227000 	C:\Program Files\Android\Android Studio\jbr\bin\jli.dll
0x00007ffa37560000 - 0x00007ffa376fd000 	C:\Windows\System32\USER32.dll
0x00007ffa35530000 - 0x00007ffa35552000 	C:\Windows\System32\win32u.dll
0x00007ffa37290000 - 0x00007ffa372bb000 	C:\Windows\System32\GDI32.dll
0x00007ffa312e0000 - 0x00007ffa312fb000 	C:\Program Files\Android\Android Studio\jbr\bin\VCRUNTIME140.dll
0x00007ffa23110000 - 0x00007ffa233aa000 	C:\Windows\WinSxS\amd64_microsoft.windows.common-controls_6595b64144ccf1df_6.0.19041.4355_none_60b8b9eb71f62e16\COMCTL32.dll
0x00007ffa372c0000 - 0x00007ffa3735e000 	C:\Windows\System32\msvcrt.dll
0x00007ffa35650000 - 0x00007ffa3576a000 	C:\Windows\System32\gdi32full.dll
0x00007ffa355b0000 - 0x00007ffa3564d000 	C:\Windows\System32\msvcp_win.dll
0x00007ffa363f0000 - 0x00007ffa3641f000 	C:\Windows\System32\IMM32.DLL
0x00007ffa30960000 - 0x00007ffa3096c000 	C:\Program Files\Android\Android Studio\jbr\bin\vcruntime140_1.dll
0x00007ffa0d1f0000 - 0x00007ffa0d27d000 	C:\Program Files\Android\Android Studio\jbr\bin\msvcp140.dll
0x00007ff9a2860000 - 0x00007ff9a34e3000 	C:\Program Files\Android\Android Studio\jbr\bin\server\jvm.dll
0x00007ffa36c80000 - 0x00007ffa36d2f000 	C:\Windows\System32\ADVAPI32.dll
0x00007ffa37490000 - 0x00007ffa3752f000 	C:\Windows\System32\sechost.dll
0x00007ffa37090000 - 0x00007ffa371b3000 	C:\Windows\System32\RPCRT4.dll
0x00007ffa35500000 - 0x00007ffa35527000 	C:\Windows\System32\bcrypt.dll
0x00007ffa34330000 - 0x00007ffa3437b000 	C:\Windows\SYSTEM32\POWRPROF.dll
0x00007ffa1c270000 - 0x00007ffa1c279000 	C:\Windows\SYSTEM32\WSOCK32.dll
0x00007ffa36510000 - 0x00007ffa3657b000 	C:\Windows\System32\WS2_32.dll
0x00007ffa11d00000 - 0x00007ffa11d27000 	C:\Windows\SYSTEM32\WINMM.dll
0x00007ffa2d790000 - 0x00007ffa2d79a000 	C:\Windows\SYSTEM32\VERSION.dll
0x00007ffa341f0000 - 0x00007ffa34202000 	C:\Windows\SYSTEM32\UMPDC.dll
0x00007ffa33640000 - 0x00007ffa33652000 	C:\Windows\SYSTEM32\kernel.appcore.dll
0x00007ffa0b4d0000 - 0x00007ffa0b4da000 	C:\Program Files\Android\Android Studio\jbr\bin\jimage.dll
0x00007ffa140c0000 - 0x00007ffa142a4000 	C:\Windows\SYSTEM32\DBGHELP.DLL
0x00007ffa15360000 - 0x00007ffa15394000 	C:\Windows\SYSTEM32\dbgcore.DLL
0x00007ffa34e60000 - 0x00007ffa34ee2000 	C:\Windows\System32\bcryptPrimitives.dll
0x00007ffa0b260000 - 0x00007ffa0b285000 	C:\Program Files\Android\Android Studio\jbr\bin\java.dll
0x00007ffa053c0000 - 0x00007ffa053d8000 	C:\Program Files\Android\Android Studio\jbr\bin\zip.dll
0x00007ffa357d0000 - 0x00007ffa35f3d000 	C:\Windows\System32\SHELL32.dll
0x00007ffa32e20000 - 0x00007ffa335c4000 	C:\Windows\SYSTEM32\windows.storage.dll
0x00007ffa36d30000 - 0x00007ffa37085000 	C:\Windows\System32\combase.dll
0x00007ffa34820000 - 0x00007ffa3484f000 	C:\Windows\SYSTEM32\Wldp.dll
0x00007ffa371c0000 - 0x00007ffa3728d000 	C:\Windows\System32\OLEAUT32.dll
0x00007ffa36060000 - 0x00007ffa3610d000 	C:\Windows\System32\SHCORE.dll
0x00007ffa35770000 - 0x00007ffa357c5000 	C:\Windows\System32\shlwapi.dll
0x00007ffa34d20000 - 0x00007ffa34d44000 	C:\Windows\SYSTEM32\profapi.dll
0x00007ff9fda90000 - 0x00007ff9fdaa9000 	C:\Program Files\Android\Android Studio\jbr\bin\net.dll
0x00007ffa2c4b0000 - 0x00007ffa2c5ba000 	C:\Windows\SYSTEM32\WINHTTP.dll
0x00007ffa34580000 - 0x00007ffa345ec000 	C:\Windows\system32\mswsock.dll
0x00007ff9fc290000 - 0x00007ff9fc2a6000 	C:\Program Files\Android\Android Studio\jbr\bin\nio.dll
0x00007ffa050c0000 - 0x00007ffa050d0000 	C:\Program Files\Android\Android Studio\jbr\bin\verify.dll

dbghelp: loaded successfully - version: 4.0.5 - missing functions: none
symbol engine: initialized successfully - sym options: 0x614 - pdb path: .;C:\Program Files\Android\Android Studio\jbr\bin;C:\Windows\SYSTEM32;C:\Windows\WinSxS\amd64_microsoft.windows.common-controls_6595b64144ccf1df_6.0.19041.4355_none_60b8b9eb71f62e16;C:\Program Files\Android\Android Studio\jbr\bin\server

VM Arguments:
java_command: org.jetbrains.kotlin.cli.jvm.K2JVMCompiler @C:\Users\Public\AttendanceProject\app\build\20250316_1997283955004638888.compiler.options
java_class_path (initial): C:\Users\L E N O V O\.gradle\caches\modules-2\files-2.1\org.jetbrains.kotlin\kotlin-compiler-embeddable\1.9.0\2c8c3a7402becca891f12739b3e9fd2dc2adbd7a\kotlin-compiler-embeddable-1.9.0.jar;C:\Users\L E N O V O\.gradle\caches\modules-2\files-2.1\org.jetbrains.kotlin\kotlin-stdlib\1.9.0\8ee15ef0c67dc83d874f412d84378d7f0eb50b63\kotlin-stdlib-1.9.0.jar;C:\Users\L E N O V O\.gradle\caches\modules-2\files-2.1\org.jetbrains.kotlin\kotlin-script-runtime\1.9.0\4b3102cbbb7e1b58d9d1adf89563f00069ffa7d1\kotlin-script-runtime-1.9.0.jar;C:\Users\L E N O V O\.gradle\caches\modules-2\files-2.1\org.jetbrains.kotlin\kotlin-reflect\1.6.10\1cbe9c92c12a94eea200d23c2bbaedaf3daf5132\kotlin-reflect-1.6.10.jar;C:\Users\L E N O V O\.gradle\caches\modules-2\files-2.1\org.jetbrains.kotlin\kotlin-daemon-embeddable\1.9.0\186543f5e28cf8d9a0290fecc2cf34301c40a65c\kotlin-daemon-embeddable-1.9.0.jar;C:\Users\L E N O V O\.gradle\caches\modules-2\files-2.1\org.jetbrains.intellij.deps\trove4j\1.0.20200330\3afb14d5f9ceb459d724e907a21145e8ff394f02\trove4j-1.0.20200330.jar;C:\Users\L E N O V O\.gradle\caches\modules-2\files-2.1\org.jetbrains.kotlin\kotlin-stdlib-common\1.9.0\cd65c21cfd1eec4d44ef09f9f52b6d9f8a720636\kotlin-stdlib-common-1.9.0.jar;C:\Users\L E N O V O\.gradle\caches\modules-2\files-2.1\org.jetbrains\annotations\13.0\919f0dfe192fb4e063e7dacadee7f8bb9a2672a9\annotations-13.0.jar
Launcher Type: SUN_STANDARD

[Global flags]
     intx CICompilerCount                          = 3                                         {product} {ergonomic}
     uint ConcGCThreads                            = 1                                         {product} {ergonomic}
     uint G1ConcRefinementThreads                  = 4                                         {product} {ergonomic}
   size_t G1HeapRegionSize                         = 1048576                                   {product} {ergonomic}
    uintx GCDrainStackTargetSize                   = 64                                        {product} {ergonomic}
   size_t InitialHeapSize                          = 125829120                                 {product} {ergonomic}
   size_t MarkStackSize                            = 4194304                                   {product} {ergonomic}
   size_t MaxHeapSize                              = 1986002944                                {product} {ergonomic}
   size_t MaxNewSize                               = 1191182336                                {product} {ergonomic}
   size_t MinHeapDeltaBytes                        = 1048576                                   {product} {ergonomic}
   size_t MinHeapSize                              = 8388608                                   {product} {ergonomic}
    uintx NonNMethodCodeHeapSize                   = 5832780                                {pd product} {ergonomic}
    uintx NonProfiledCodeHeapSize                  = 122912730                              {pd product} {ergonomic}
    uintx ProfiledCodeHeapSize                     = 122912730                              {pd product} {ergonomic}
    uintx ReservedCodeCacheSize                    = 251658240                              {pd product} {ergonomic}
     bool SegmentedCodeCache                       = true                                      {product} {ergonomic}
   size_t SoftMaxHeapSize                          = 1986002944                             {manageable} {ergonomic}
     bool UseCompressedClassPointers               = true                           {product lp64_product} {ergonomic}
     bool UseCompressedOops                        = true                           {product lp64_product} {ergonomic}
     bool UseG1GC                                  = true                                      {product} {ergonomic}
     bool UseLargePagesIndividualAllocation        = false                                  {pd product} {ergonomic}

Logging:
Log output configuration:
 #0: stdout all=warning uptime,level,tags
 #1: stderr all=off uptime,level,tags

Environment Variables:
PATH=C:\Windows\system32;C:\Windows;C:\Windows\System32\Wbem;C:\Windows\System32\WindowsPowerShell\v1.0\;C:\Windows\System32\OpenSSH\;C:\Program Files (x86)\Microsoft SQL Server\160\Tools\Binn\;C:\Program Files\Microsoft SQL Server\160\Tools\Binn\;C:\Program Files\Microsoft SQL Server\Client SDK\ODBC\170\Tools\Binn\;C:\Program Files\Microsoft SQL Server\160\DTS\Binn\;C:\xampp\php;C:\ProgramData\ComposerSetup\bin;C:\Program Files\Git\cmd;C:\Users\L E N O V O\AppData\Local\Microsoft\WindowsApps;C:\Users\L E N O V O\AppData\Local\Programs\Microsoft VS Code\bin;C:\Users\L E N O V O\AppData\Roaming\Composer\vendor\bin
USERNAME=L E N O V O
OS=Windows_NT
PROCESSOR_IDENTIFIER=Intel64 Family 6 Model 78 Stepping 3, GenuineIntel
TMP=C:\Users\LENOVO~1\AppData\Local\Temp
TEMP=C:\Users\LENOVO~1\AppData\Local\Temp



Periodic native trim disabled

JNI global refs:
JNI global refs: 9, weak refs: 27

JNI global refs memory usage: 843, weak refs: 841

Process memory usage:
Resident Set Size: 377508K (4% of 7753512K total physical memory with 379876K free physical memory)

OOME stack traces (most recent first):
Classloader memory used:
Loader jdk.internal.loader.ClassLoaders$AppClassLoader                                 : 9066K
Loader bootstrap                                                                       : 1466K
Loader java.net.URLClassLoader                                                         : 278K
Loader jdk.internal.reflect.DelegatingClassLoader                                      : 19549B


---------------  S Y S T E M  ---------------

OS:
 Windows 10 , 64 bit Build 19041 (10.0.19041.5438)
OS uptime: 0 days 1:28 hours

CPU: total 4 (initial active 4) (2 cores per cpu, 2 threads per core) family 6 model 78 stepping 3 microcode 0xcc, cx8, cmov, fxsr, ht, mmx, 3dnowpref, sse, sse2, sse3, ssse3, sse4.1, sse4.2, popcnt, lzcnt, tsc, tscinvbit, avx, avx2, aes, erms, clmul, bmi1, bmi2, rtm, adx, fma, vzeroupper, clflush, clflushopt
Processor Information for all 4 processors :
  Max Mhz: 2304, Current Mhz: 801, Mhz Limit: 783

Memory: 4k page, system-wide physical 7571M (370M free)
TotalPageFile size 8851M (AvailPageFile size 157M)
current process WorkingSet (physical memory assigned to process): 368M, peak: 374M
current process commit charge ("private bytes"): 395M, peak: 642M

vm_info: OpenJDK 64-Bit Server VM (17.0.11+0--11852314) for windows-amd64 JRE (17.0.11+0--11852314), built on May 16 2024 21:29:20 by "androidbuild" with MS VC++ 16.10 / 16.11 (VS2019)

END.
