#
# There is insufficient memory for the Java Runtime Environment to continue.
# Native memory allocation (mmap) failed to map 2850816 bytes. Error detail: G1 virtual space
# Possible reasons:
#   The system is out of physical RAM or swap space
#   This process is running with CompressedOops enabled, and the Java Heap may be blocking the growth of the native heap
# Possible solutions:
#   Reduce memory load on the system
#   Increase physical memory or swap space
#   Check if swap backing store is full
#   Decrease Java heap size (-Xmx/-Xms)
#   Decrease number of Java threads
#   Decrease Java thread stack sizes (-Xss)
#   Set larger code cache with -XX:ReservedCodeCacheSize=
#   JVM is running with Zero Based Compressed Oops mode in which the Java heap is
#     placed in the first 32GB address space. The Java Heap base address is the
#     maximum limit for the native heap growth. Please use -XX:HeapBaseMinAddress
#     to set the Java Heap base and to place the Java Heap above 32GB virtual address.
# This output file may be truncated or incomplete.
#
#  Out of Memory Error (os_windows.cpp:3825), pid=6064, tid=2832
#
# JRE version: OpenJDK Runtime Environment (17.0.11) (build 17.0.11+0--11852314)
# Java VM: OpenJDK 64-Bit Server VM (17.0.11+0--11852314, mixed mode, tiered, compressed oops, compressed class ptrs, g1 gc, windows-amd64)
# No core dump will be written. Minidumps are not enabled by default on client versions of Windows
#

---------------  S U M M A R Y ------------

Command Line: --add-opens=java.base/java.util=ALL-UNNAMED --add-opens=java.base/java.lang=ALL-UNNAMED --add-opens=java.base/java.lang.invoke=ALL-UNNAMED --add-opens=java.prefs/java.util.prefs=ALL-UNNAMED --add-opens=java.base/java.nio.charset=ALL-UNNAMED --add-opens=java.base/java.net=ALL-UNNAMED --add-opens=java.base/java.util.concurrent.atomic=ALL-UNNAMED -Xmx4096m -Dfile.encoding=UTF-8 -Duser.country=US -Duser.language=en -Duser.variant -javaagent:C:\Users\L E N O V O\.gradle\wrapper\dists\gradle-8.7-bin\bhs2wmbdwecv87pi65oeuq5iu\gradle-8.7\lib\agents\gradle-instrumentation-agent-8.7.jar org.gradle.launcher.daemon.bootstrap.GradleDaemon 8.7

Host: Intel(R) Core(TM) i3-6100U CPU @ 2.30GHz, 4 cores, 7G,  Windows 10 , 64 bit Build 19041 (10.0.19041.5438)
Time: Tue Mar 18 00:02:46 2025 Pakistan Standard Time elapsed time: 32.101834 seconds (0d 0h 0m 32s)

---------------  T H R E A D  ---------------

Current thread (0x000001686080c1d0):  VMThread "VM Thread" [stack: 0x0000001b35500000,0x0000001b35600000] [id=2832]

Stack: [0x0000001b35500000,0x0000001b35600000]
Native frames: (J=compiled Java code, j=interpreted, Vv=VM code, C=native code)
V  [jvm.dll+0x687bb9]
V  [jvm.dll+0x84142a]
V  [jvm.dll+0x8430ae]
V  [jvm.dll+0x843713]
V  [jvm.dll+0x24a35f]
V  [jvm.dll+0x684989]
V  [jvm.dll+0x67923a]
V  [jvm.dll+0x30af0b]
V  [jvm.dll+0x3123b6]
V  [jvm.dll+0x361e28]
V  [jvm.dll+0x36202f]
V  [jvm.dll+0x2e0d38]
V  [jvm.dll+0x2df144]
V  [jvm.dll+0x2de74c]
V  [jvm.dll+0x32305b]
V  [jvm.dll+0x847e0b]
V  [jvm.dll+0x848b42]
V  [jvm.dll+0x84905d]
V  [jvm.dll+0x849434]
V  [jvm.dll+0x849500]
V  [jvm.dll+0x7efa4a]
V  [jvm.dll+0x686a35]
C  [ucrtbase.dll+0x21bb2]
C  [KERNEL32.DLL+0x17374]
C  [ntdll.dll+0x4cc91]

VM_Operation (0x0000001b36cf9650): G1CollectForAllocation, mode: safepoint, requested by thread 0x0000016865949780


---------------  P R O C E S S  ---------------

Threads class SMR info:
_java_thread_list=0x000001686a1aaed0, length=43, elements={
0x0000016840714bf0, 0x00000168609c5670, 0x00000168609c6400, 0x0000016860878510,
0x000001686087cff0, 0x000001686087d9c0, 0x000001686087e290, 0x00000168609e5750,
0x00000168609f9b10, 0x00000168609fae40, 0x0000016860ad6910, 0x0000016860d6dc40,
0x0000016867521a20, 0x0000016867895b70, 0x000001686725f1d0, 0x000001686726c670,
0x0000016866dcf550, 0x000001686594a6b0, 0x0000016865949780, 0x0000016865949c90,
0x0000016865947e30, 0x0000016865947410, 0x0000016865948340, 0x0000016867516830,
0x0000016867518ba0, 0x0000016867519ad0, 0x0000016867516d40, 0x0000016867513590,
0x0000016867517250, 0x0000016867512660, 0x0000016867519fe0, 0x0000016867512b70,
0x0000016867516320, 0x0000016867515e10, 0x00000168675190b0, 0x0000016865948850,
0x0000016865948d60, 0x0000016865949270, 0x00000168697d2d50, 0x00000168697d46a0,
0x00000168697d2330, 0x00000168697d5ae0, 0x00000168650968c0
}

Java Threads: ( => current thread )
  0x0000016840714bf0 JavaThread "main" [_thread_blocked, id=9648, stack(0x0000001b34f00000,0x0000001b35000000)]
  0x00000168609c5670 JavaThread "Reference Handler" daemon [_thread_blocked, id=8408, stack(0x0000001b35600000,0x0000001b35700000)]
  0x00000168609c6400 JavaThread "Finalizer" daemon [_thread_blocked, id=9376, stack(0x0000001b35700000,0x0000001b35800000)]
  0x0000016860878510 JavaThread "Signal Dispatcher" daemon [_thread_blocked, id=9712, stack(0x0000001b35800000,0x0000001b35900000)]
  0x000001686087cff0 JavaThread "Attach Listener" daemon [_thread_blocked, id=8208, stack(0x0000001b35900000,0x0000001b35a00000)]
  0x000001686087d9c0 JavaThread "Service Thread" daemon [_thread_blocked, id=11560, stack(0x0000001b35a00000,0x0000001b35b00000)]
  0x000001686087e290 JavaThread "Monitor Deflation Thread" daemon [_thread_blocked, id=4412, stack(0x0000001b35b00000,0x0000001b35c00000)]
  0x00000168609e5750 JavaThread "C2 CompilerThread0" daemon [_thread_blocked, id=9620, stack(0x0000001b35c00000,0x0000001b35d00000)]
  0x00000168609f9b10 JavaThread "C1 CompilerThread0" daemon [_thread_blocked, id=11648, stack(0x0000001b35d00000,0x0000001b35e00000)]
  0x00000168609fae40 JavaThread "Sweeper thread" daemon [_thread_blocked, id=7444, stack(0x0000001b35e00000,0x0000001b35f00000)]
  0x0000016860ad6910 JavaThread "Common-Cleaner" daemon [_thread_blocked, id=8108, stack(0x0000001b35f00000,0x0000001b36000000)]
  0x0000016860d6dc40 JavaThread "Notification Thread" daemon [_thread_blocked, id=6712, stack(0x0000001b36000000,0x0000001b36100000)]
  0x0000016867521a20 JavaThread "Daemon health stats" [_thread_blocked, id=10960, stack(0x0000001b36600000,0x0000001b36700000)]
  0x0000016867895b70 JavaThread "Incoming local TCP Connector on port 50376" [_thread_in_native, id=2308, stack(0x0000001b36700000,0x0000001b36800000)]
  0x000001686725f1d0 JavaThread "Daemon periodic checks" [_thread_blocked, id=9848, stack(0x0000001b36800000,0x0000001b36900000)]
  0x000001686726c670 JavaThread "Daemon" [_thread_blocked, id=3036, stack(0x0000001b36900000,0x0000001b36a00000)]
  0x0000016866dcf550 JavaThread "Handler for socket connection from /127.0.0.1:50376 to /127.0.0.1:50377" [_thread_in_native, id=10260, stack(0x0000001b36a00000,0x0000001b36b00000)]
  0x000001686594a6b0 JavaThread "Cancel handler" [_thread_blocked, id=2836, stack(0x0000001b36b00000,0x0000001b36c00000)]
  0x0000016865949780 JavaThread "Daemon worker" [_thread_blocked, id=9688, stack(0x0000001b36c00000,0x0000001b36d00000)]
  0x0000016865949c90 JavaThread "Asynchronous log dispatcher for DefaultDaemonConnection: socket connection from /127.0.0.1:50376 to /127.0.0.1:50377" [_thread_blocked, id=1488, stack(0x0000001b36d00000,0x0000001b36e00000)]
  0x0000016865947e30 JavaThread "Stdin handler" [_thread_blocked, id=1392, stack(0x0000001b36e00000,0x0000001b36f00000)]
  0x0000016865947410 JavaThread "Daemon client event forwarder" [_thread_blocked, id=8388, stack(0x0000001b36f00000,0x0000001b37000000)]
  0x0000016865948340 JavaThread "Cache worker for journal cache (C:\Users\L E N O V O\.gradle\caches\journal-1)" [_thread_blocked, id=1292, stack(0x0000001b36200000,0x0000001b36300000)]
  0x0000016867516830 JavaThread "File lock request listener" [_thread_in_native, id=5300, stack(0x0000001b37000000,0x0000001b37100000)]
  0x0000016867518ba0 JavaThread "Cache worker for file hash cache (C:\Users\L E N O V O\.gradle\caches\8.7\fileHashes)" [_thread_blocked, id=9696, stack(0x0000001b37100000,0x0000001b37200000)]
  0x0000016867519ad0 JavaThread "Cache worker for file hash cache (C:\Users\Public\AttendanceProject\.gradle\8.7\fileHashes)" [_thread_blocked, id=1332, stack(0x0000001b37300000,0x0000001b37400000)]
  0x0000016867516d40 JavaThread "File watcher server" daemon [_thread_blocked, id=2680, stack(0x0000001b37400000,0x0000001b37500000)]
  0x0000016867513590 JavaThread "File watcher consumer" daemon [_thread_blocked, id=3824, stack(0x0000001b37500000,0x0000001b37600000)]
  0x0000016867517250 JavaThread "Cache worker for checksums cache (C:\Users\Public\AttendanceProject\.gradle\8.7\checksums)" [_thread_blocked, id=2580, stack(0x0000001b37600000,0x0000001b37700000)]
  0x0000016867512660 JavaThread "Cache worker for cache directory md-supplier (C:\Users\L E N O V O\.gradle\caches\8.7\md-supplier)" [_thread_blocked, id=4512, stack(0x0000001b37700000,0x0000001b37800000)]
  0x0000016867519fe0 JavaThread "Cache worker for cache directory md-rule (C:\Users\L E N O V O\.gradle\caches\8.7\md-rule)" [_thread_blocked, id=4460, stack(0x0000001b37800000,0x0000001b37900000)]
  0x0000016867512b70 JavaThread "Cache worker for file content cache (C:\Users\L E N O V O\.gradle\caches\8.7\fileContent)" [_thread_blocked, id=1800, stack(0x0000001b37900000,0x0000001b37a00000)]
  0x0000016867516320 JavaThread "Cache worker for Build Output Cleanup Cache (C:\Users\Public\AttendanceProject\.gradle\buildOutputCleanup)" [_thread_blocked, id=11384, stack(0x0000001b37a00000,0x0000001b37b00000)]
  0x0000016867515e10 JavaThread "Unconstrained build operations" [_thread_blocked, id=7684, stack(0x0000001b37c00000,0x0000001b37d00000)]
  0x00000168675190b0 JavaThread "Unconstrained build operations Thread 2" [_thread_blocked, id=9320, stack(0x0000001b37d00000,0x0000001b37e00000)]
  0x0000016865948850 JavaThread "Unconstrained build operations Thread 3" [_thread_blocked, id=7488, stack(0x0000001b37e00000,0x0000001b37f00000)]
  0x0000016865948d60 JavaThread "Unconstrained build operations Thread 4" [_thread_blocked, id=9664, stack(0x0000001b37f00000,0x0000001b38000000)]
  0x0000016865949270 JavaThread "Unconstrained build operations Thread 5" [_thread_blocked, id=6292, stack(0x0000001b38000000,0x0000001b38100000)]
  0x00000168697d2d50 JavaThread "Unconstrained build operations Thread 6" [_thread_blocked, id=4952, stack(0x0000001b38100000,0x0000001b38200000)]
  0x00000168697d46a0 JavaThread "build event listener" [_thread_blocked, id=10808, stack(0x0000001b38200000,0x0000001b38300000)]
  0x00000168697d2330 JavaThread "Memory manager" [_thread_blocked, id=648, stack(0x0000001b38300000,0x0000001b38400000)]
  0x00000168697d5ae0 JavaThread "build event listener" [_thread_blocked, id=12020, stack(0x0000001b38400000,0x0000001b38500000)]
  0x00000168650968c0 JavaThread "C2 CompilerThread1" daemon [_thread_blocked, id=2508, stack(0x0000001b37200000,0x0000001b37300000)]

Other Threads:
=>0x000001686080c1d0 VMThread "VM Thread" [stack: 0x0000001b35500000,0x0000001b35600000] [id=2832]
  0x0000016840715ac0 WatcherThread [stack: 0x0000001b36100000,0x0000001b36200000] [id=10624]
  0x000001684077f630 GCTaskThread "GC Thread#0" [stack: 0x0000001b35000000,0x0000001b35100000] [id=12048]
  0x00000168651e2a00 GCTaskThread "GC Thread#1" [stack: 0x0000001b36300000,0x0000001b36400000] [id=4196]
  0x0000016865207740 GCTaskThread "GC Thread#2" [stack: 0x0000001b36400000,0x0000001b36500000] [id=9020]
  0x000001686602dc60 GCTaskThread "GC Thread#3" [stack: 0x0000001b36500000,0x0000001b36600000] [id=9380]
  0x000001684063df80 ConcurrentGCThread "G1 Main Marker" [stack: 0x0000001b35100000,0x0000001b35200000] [id=10600]
  0x000001684063e8b0 ConcurrentGCThread "G1 Conc#0" [stack: 0x0000001b35200000,0x0000001b35300000] [id=7788]
  0x00000168606a0090 ConcurrentGCThread "G1 Refine#0" [stack: 0x0000001b35300000,0x0000001b35400000] [id=6892]
  0x00000168606a09d0 ConcurrentGCThread "G1 Service" [stack: 0x0000001b35400000,0x0000001b35500000] [id=11968]

Threads with active compile tasks:
C2 CompilerThread0    32170 10686       4       org.objectweb.asm.MethodWriter::visitLdcInsn (215 bytes)
C1 CompilerThread0    32170 10696       3       org.gradle.internal.instantiation.generator.AsmBackedClassGenerator$ClassBuilderImpl$23::<init> (275 bytes)

VM state: at safepoint (normal execution)

VM Mutex/Monitor currently owned by a thread:  ([mutex/lock_event])
[0x0000016840710920] Threads_lock - owner thread: 0x000001686080c1d0
[0x0000016840711970] Heap_lock - owner thread: 0x0000016865949780

Heap address: 0x0000000700000000, size: 4096 MB, Compressed Oops mode: Zero based, Oop shift amount: 3

CDS archive(s) not mapped
Compressed class space mapped at: 0x0000000800000000-0x0000000840000000, reserved size: 1073741824
Narrow klass base: 0x0000000800000000, Narrow klass shift: 0, Narrow klass range: 0x40000000

GC Precious Log:
 CPUs: 4 total, 4 available
 Memory: 7571M
 Large Page Support: Disabled
 NUMA Support: Disabled
 Compressed Oops: Enabled (Zero based)
 Heap Region Size: 2M
 Heap Min Capacity: 8M
 Heap Initial Capacity: 120M
 Heap Max Capacity: 4G
 Pre-touch: Disabled
 Parallel Workers: 4
 Concurrent Workers: 1
 Concurrent Refinement Workers: 4
 Periodic GC: Disabled

Heap:
 garbage-first heap   total 176128K, used 98709K [0x0000000700000000, 0x0000000800000000)
  region size 2048K, 3 young (6144K), 3 survivors (6144K)
 Metaspace       used 103460K, committed 104192K, reserved 1179648K
  class space    used 14325K, committed 14656K, reserved 1048576K

Heap Regions: E=young(eden), S=young(survivor), O=old, HS=humongous(starts), HC=humongous(continues), CS=collection set, F=free, OA=open archive, CA=closed archive, TAMS=top-at-mark-start (previous, next)
|   0|0x0000000700000000, 0x0000000700200000, 0x0000000700200000|100%|HS|  |TAMS 0x0000000700200000, 0x0000000700000000| Complete 
|   1|0x0000000700200000, 0x0000000700400000, 0x0000000700400000|100%|HC|  |TAMS 0x0000000700400000, 0x0000000700200000| Complete 
|   2|0x0000000700400000, 0x0000000700600000, 0x0000000700600000|100%| O|  |TAMS 0x0000000700600000, 0x0000000700400000| Untracked 
|   3|0x0000000700600000, 0x0000000700800000, 0x0000000700800000|100%| O|  |TAMS 0x0000000700800000, 0x0000000700600000| Untracked 
|   4|0x0000000700800000, 0x0000000700a00000, 0x0000000700a00000|100%| O|  |TAMS 0x0000000700a00000, 0x0000000700800000| Untracked 
|   5|0x0000000700a00000, 0x0000000700c00000, 0x0000000700c00000|100%| O|  |TAMS 0x0000000700c00000, 0x0000000700a00000| Untracked 
|   6|0x0000000700c00000, 0x0000000700e00000, 0x0000000700e00000|100%| O|  |TAMS 0x0000000700e00000, 0x0000000700c00000| Untracked 
|   7|0x0000000700e00000, 0x0000000701000000, 0x0000000701000000|100%| O|  |TAMS 0x0000000701000000, 0x0000000700e00000| Untracked 
|   8|0x0000000701000000, 0x0000000701200000, 0x0000000701200000|100%| O|  |TAMS 0x0000000701200000, 0x0000000701000000| Untracked 
|   9|0x0000000701200000, 0x0000000701400000, 0x0000000701400000|100%| O|  |TAMS 0x0000000701400000, 0x0000000701200000| Untracked 
|  10|0x0000000701400000, 0x0000000701600000, 0x0000000701600000|100%| O|  |TAMS 0x0000000701600000, 0x0000000701400000| Untracked 
|  11|0x0000000701600000, 0x0000000701800000, 0x0000000701800000|100%| O|  |TAMS 0x0000000701800000, 0x0000000701600000| Untracked 
|  12|0x0000000701800000, 0x0000000701a00000, 0x0000000701a00000|100%| O|  |TAMS 0x0000000701a00000, 0x0000000701800000| Untracked 
|  13|0x0000000701a00000, 0x0000000701c00000, 0x0000000701c00000|100%| O|  |TAMS 0x0000000701c00000, 0x0000000701a00000| Untracked 
|  14|0x0000000701c00000, 0x0000000701e00000, 0x0000000701e00000|100%| O|  |TAMS 0x0000000701e00000, 0x0000000701c00000| Untracked 
|  15|0x0000000701e00000, 0x0000000702000000, 0x0000000702000000|100%| O|  |TAMS 0x0000000702000000, 0x0000000701e00000| Untracked 
|  16|0x0000000702000000, 0x0000000702200000, 0x0000000702200000|100%| O|  |TAMS 0x0000000702200000, 0x0000000702000000| Untracked 
|  17|0x0000000702200000, 0x0000000702400000, 0x0000000702400000|100%| O|  |TAMS 0x0000000702200000, 0x0000000702200000| Untracked 
|  18|0x0000000702400000, 0x0000000702600000, 0x0000000702600000|100%|HS|  |TAMS 0x0000000702600000, 0x0000000702400000| Complete 
|  19|0x0000000702600000, 0x0000000702800000, 0x0000000702800000|100%|HS|  |TAMS 0x0000000702800000, 0x0000000702600000| Complete 
|  20|0x0000000702800000, 0x0000000702a00000, 0x0000000702a00000|100%|HS|  |TAMS 0x0000000702a00000, 0x0000000702800000| Complete 
|  21|0x0000000702a00000, 0x0000000702c00000, 0x0000000702c00000|100%|HC|  |TAMS 0x0000000702c00000, 0x0000000702a00000| Complete 
|  22|0x0000000702c00000, 0x0000000702e00000, 0x0000000702e00000|100%| O|  |TAMS 0x0000000702e00000, 0x0000000702c00000| Untracked 
|  23|0x0000000702e00000, 0x0000000703000000, 0x0000000703000000|100%| O|  |TAMS 0x0000000703000000, 0x0000000702e00000| Untracked 
|  24|0x0000000703000000, 0x0000000703200000, 0x0000000703200000|100%| O|  |TAMS 0x0000000703200000, 0x0000000703000000| Untracked 
|  25|0x0000000703200000, 0x0000000703400000, 0x0000000703400000|100%| O|  |TAMS 0x0000000703400000, 0x0000000703200000| Untracked 
|  26|0x0000000703400000, 0x0000000703600000, 0x0000000703600000|100%| O|  |TAMS 0x0000000703600000, 0x0000000703400000| Untracked 
|  27|0x0000000703600000, 0x0000000703800000, 0x0000000703800000|100%| O|  |TAMS 0x0000000703800000, 0x0000000703600000| Untracked 
|  28|0x0000000703800000, 0x0000000703a00000, 0x0000000703a00000|100%| O|  |TAMS 0x0000000703a00000, 0x0000000703800000| Untracked 
|  29|0x0000000703a00000, 0x0000000703c00000, 0x0000000703c00000|100%| O|  |TAMS 0x0000000703c00000, 0x0000000703a00000| Untracked 
|  30|0x0000000703c00000, 0x0000000703e00000, 0x0000000703e00000|100%| O|  |TAMS 0x0000000703e00000, 0x0000000703c00000| Untracked 
|  31|0x0000000703e00000, 0x0000000704000000, 0x0000000704000000|100%| O|  |TAMS 0x0000000703e00000, 0x0000000703e00000| Untracked 
|  32|0x0000000704000000, 0x0000000704200000, 0x0000000704200000|100%| O|  |TAMS 0x0000000704200000, 0x0000000704000000| Untracked 
|  33|0x0000000704200000, 0x0000000704400000, 0x0000000704400000|100%| O|  |TAMS 0x0000000704400000, 0x0000000704200000| Untracked 
|  34|0x0000000704400000, 0x0000000704600000, 0x0000000704600000|100%| O|  |TAMS 0x0000000704600000, 0x0000000704400000| Untracked 
|  35|0x0000000704600000, 0x0000000704800000, 0x0000000704800000|100%| O|  |TAMS 0x0000000704800000, 0x0000000704600000| Untracked 
|  36|0x0000000704800000, 0x0000000704a00000, 0x0000000704a00000|100%|HS|  |TAMS 0x0000000704a00000, 0x0000000704800000| Complete 
|  37|0x0000000704a00000, 0x0000000704c00000, 0x0000000704c00000|100%|HC|  |TAMS 0x0000000704c00000, 0x0000000704a00000| Complete 
|  38|0x0000000704c00000, 0x0000000704e00000, 0x0000000704e00000|100%| O|  |TAMS 0x0000000704e00000, 0x0000000704c00000| Untracked 
|  39|0x0000000704e00000, 0x0000000705000000, 0x0000000705000000|100%| O|  |TAMS 0x0000000704ee2400, 0x0000000704e00000| Untracked 
|  40|0x0000000705000000, 0x0000000705200000, 0x0000000705200000|100%| O|  |TAMS 0x0000000705000000, 0x0000000705000000| Untracked 
|  41|0x0000000705200000, 0x0000000705400000, 0x0000000705400000|100%| O|  |TAMS 0x0000000705200000, 0x0000000705200000| Untracked 
|  42|0x0000000705400000, 0x0000000705600000, 0x0000000705600000|100%| O|  |TAMS 0x0000000705400000, 0x0000000705400000| Untracked 
|  43|0x0000000705600000, 0x0000000705713200, 0x0000000705800000| 53%| O|  |TAMS 0x0000000705600000, 0x0000000705600000| Untracked 
|  44|0x0000000705800000, 0x0000000705800000, 0x0000000705a00000|  0%| F|  |TAMS 0x0000000705800000, 0x0000000705800000| Untracked 
|  45|0x0000000705a00000, 0x0000000705a00000, 0x0000000705c00000|  0%| F|  |TAMS 0x0000000705a00000, 0x0000000705a00000| Untracked 
|  46|0x0000000705c00000, 0x0000000705c00000, 0x0000000705e00000|  0%| F|  |TAMS 0x0000000705c00000, 0x0000000705c00000| Untracked 
|  47|0x0000000705e00000, 0x0000000705e00000, 0x0000000706000000|  0%| F|  |TAMS 0x0000000705e00000, 0x0000000705e00000| Untracked 
|  48|0x0000000706000000, 0x0000000706000000, 0x0000000706200000|  0%| F|  |TAMS 0x0000000706000000, 0x0000000706000000| Untracked 
|  49|0x0000000706200000, 0x0000000706200000, 0x0000000706400000|  0%| F|  |TAMS 0x0000000706200000, 0x0000000706200000| Untracked 
|  50|0x0000000706400000, 0x0000000706400000, 0x0000000706600000|  0%| F|  |TAMS 0x0000000706400000, 0x0000000706400000| Untracked 
|  51|0x0000000706600000, 0x0000000706600000, 0x0000000706800000|  0%| F|  |TAMS 0x0000000706600000, 0x0000000706600000| Untracked 
|  52|0x0000000706800000, 0x0000000706800000, 0x0000000706a00000|  0%| F|  |TAMS 0x0000000706800000, 0x0000000706800000| Untracked 
|  53|0x0000000706a00000, 0x0000000706a00000, 0x0000000706c00000|  0%| F|  |TAMS 0x0000000706a00000, 0x0000000706a00000| Untracked 
|  54|0x0000000706c00000, 0x0000000706c00000, 0x0000000706e00000|  0%| F|  |TAMS 0x0000000706c00000, 0x0000000706c00000| Untracked 
|  55|0x0000000706e00000, 0x0000000706f524f0, 0x0000000707000000| 66%| S|CS|TAMS 0x0000000706e00000, 0x0000000706e00000| Complete 
|  56|0x0000000707000000, 0x0000000707000000, 0x0000000707200000|  0%| F|  |TAMS 0x0000000707000000, 0x0000000707000000| Untracked 
|  57|0x0000000707200000, 0x0000000707400000, 0x0000000707400000|100%| S|CS|TAMS 0x0000000707200000, 0x0000000707200000| Complete 
|  58|0x0000000707400000, 0x0000000707400000, 0x0000000707600000|  0%| F|  |TAMS 0x0000000707400000, 0x0000000707400000| Untracked 
|  59|0x0000000707600000, 0x0000000707800000, 0x0000000707800000|100%| S|CS|TAMS 0x0000000707600000, 0x0000000707600000| Complete 
|  60|0x0000000707800000, 0x0000000707800000, 0x0000000707a00000|  0%| F|  |TAMS 0x0000000707800000, 0x0000000707800000| Untracked 
|  61|0x0000000707a00000, 0x0000000707a00000, 0x0000000707c00000|  0%| F|  |TAMS 0x0000000707a00000, 0x0000000707a00000| Untracked 
|  62|0x0000000707c00000, 0x0000000707c00000, 0x0000000707e00000|  0%| F|  |TAMS 0x0000000707c00000, 0x0000000707c00000| Untracked 
|  63|0x0000000707e00000, 0x0000000707e00000, 0x0000000708000000|  0%| F|  |TAMS 0x0000000707e00000, 0x0000000707e00000| Untracked 
|  64|0x0000000708000000, 0x0000000708000000, 0x0000000708200000|  0%| F|  |TAMS 0x0000000708000000, 0x0000000708000000| Untracked 
|  65|0x0000000708200000, 0x0000000708200000, 0x0000000708400000|  0%| F|  |TAMS 0x0000000708200000, 0x0000000708200000| Untracked 
|  66|0x0000000708400000, 0x0000000708400000, 0x0000000708600000|  0%| F|  |TAMS 0x0000000708400000, 0x0000000708400000| Untracked 
|  67|0x0000000708600000, 0x0000000708600000, 0x0000000708800000|  0%| F|  |TAMS 0x0000000708600000, 0x0000000708600000| Untracked 
|  68|0x0000000708800000, 0x0000000708800000, 0x0000000708a00000|  0%| F|  |TAMS 0x0000000708800000, 0x0000000708800000| Untracked 
|  69|0x0000000708a00000, 0x0000000708a00000, 0x0000000708c00000|  0%| F|  |TAMS 0x0000000708a00000, 0x0000000708a00000| Untracked 
|  70|0x0000000708c00000, 0x0000000708c00000, 0x0000000708e00000|  0%| F|  |TAMS 0x0000000708c00000, 0x0000000708c00000| Untracked 
|  71|0x0000000708e00000, 0x0000000708e00000, 0x0000000709000000|  0%| F|  |TAMS 0x0000000708e00000, 0x0000000708e00000| Untracked 
|  72|0x0000000709000000, 0x0000000709000000, 0x0000000709200000|  0%| F|  |TAMS 0x0000000709000000, 0x0000000709000000| Untracked 
|  73|0x0000000709200000, 0x0000000709200000, 0x0000000709400000|  0%| F|  |TAMS 0x0000000709200000, 0x0000000709200000| Untracked 
|  74|0x0000000709400000, 0x0000000709400000, 0x0000000709600000|  0%| F|  |TAMS 0x0000000709400000, 0x0000000709400000| Untracked 
|  75|0x0000000709600000, 0x0000000709600000, 0x0000000709800000|  0%| F|  |TAMS 0x0000000709600000, 0x0000000709600000| Untracked 
|  76|0x0000000709800000, 0x0000000709800000, 0x0000000709a00000|  0%| F|  |TAMS 0x0000000709800000, 0x0000000709800000| Untracked 
|  77|0x0000000709a00000, 0x0000000709a00000, 0x0000000709c00000|  0%| F|  |TAMS 0x0000000709a00000, 0x0000000709a00000| Untracked 
|  78|0x0000000709c00000, 0x0000000709c00000, 0x0000000709e00000|  0%| F|  |TAMS 0x0000000709c00000, 0x0000000709c00000| Untracked 
|  79|0x0000000709e00000, 0x0000000709e00000, 0x000000070a000000|  0%| F|  |TAMS 0x0000000709e00000, 0x0000000709e00000| Untracked 
|  80|0x000000070a000000, 0x000000070a000000, 0x000000070a200000|  0%| F|  |TAMS 0x000000070a000000, 0x000000070a000000| Untracked 
|  81|0x000000070a200000, 0x000000070a200000, 0x000000070a400000|  0%| F|  |TAMS 0x000000070a200000, 0x000000070a200000| Untracked 
|  82|0x000000070a400000, 0x000000070a400000, 0x000000070a600000|  0%| F|  |TAMS 0x000000070a400000, 0x000000070a400000| Untracked 
|  83|0x000000070a600000, 0x000000070a600000, 0x000000070a800000|  0%| F|  |TAMS 0x000000070a600000, 0x000000070a600000| Untracked 
|2046|0x00000007ffc00000, 0x00000007ffe00000, 0x00000007ffe00000|100%| O|  |TAMS 0x00000007ffe00000, 0x00000007ffc00000| Untracked 
|2047|0x00000007ffe00000, 0x0000000800000000, 0x0000000800000000|100%| O|  |TAMS 0x0000000800000000, 0x00000007ffe00000| Untracked 

Card table byte_map: [0x00000168551f0000,0x00000168559f0000] _byte_map_base: 0x00000168519f0000

Marking Bits (Prev, Next): (CMBitMap*) 0x000001684077fb60, (CMBitMap*) 0x000001684077fba0
 Prev Bits: [0x00000168561f0000, 0x000001685a1f0000)
 Next Bits: [0x000001685a1f0000, 0x000001685e1f0000)

Polling page: 0x00000168407d0000

Metaspace:

Usage:
  Non-class:     87.05 MB used.
      Class:     13.99 MB used.
       Both:    101.04 MB used.

Virtual space:
  Non-class space:      128.00 MB reserved,      87.44 MB ( 68%) committed,  2 nodes.
      Class space:        1.00 GB reserved,      14.31 MB (  1%) committed,  1 nodes.
             Both:        1.12 GB reserved,     101.75 MB (  9%) committed. 

Chunk freelists:
   Non-Class:  7.91 MB
       Class:  1.67 MB
        Both:  9.58 MB

MaxMetaspaceSize: unlimited
CompressedClassSpaceSize: 1.00 GB
Initial GC threshold: 21.00 MB
Current GC threshold: 141.06 MB
CDS: off
MetaspaceReclaimPolicy: balanced
 - commit_granule_bytes: 65536.
 - commit_granule_words: 8192.
 - virtual_space_node_default_size: 8388608.
 - enlarge_chunks_in_place: 1.
 - new_chunks_are_fully_committed: 0.
 - uncommit_free_chunks: 1.
 - use_allocation_guard: 0.
 - handle_deallocations: 1.


Internal statistics:

num_allocs_failed_limit: 12.
num_arena_births: 1072.
num_arena_deaths: 0.
num_vsnodes_births: 3.
num_vsnodes_deaths: 0.
num_space_committed: 1628.
num_space_uncommitted: 0.
num_chunks_returned_to_freelist: 12.
num_chunks_taken_from_freelist: 4846.
num_chunk_merges: 6.
num_chunk_splits: 3192.
num_chunks_enlarged: 2119.
num_inconsistent_stats: 0.

CodeHeap 'non-profiled nmethods': size=120000Kb used=5303Kb max_used=5713Kb free=114696Kb
 bounds [0x000001684ce90000, 0x000001684d440000, 0x00000168543c0000]
CodeHeap 'profiled nmethods': size=120000Kb used=17127Kb max_used=18933Kb free=102872Kb
 bounds [0x00000168453c0000, 0x0000016846640000, 0x000001684c8f0000]
CodeHeap 'non-nmethods': size=5760Kb used=1751Kb max_used=1840Kb free=4009Kb
 bounds [0x000001684c8f0000, 0x000001684cb60000, 0x000001684ce90000]
 total_blobs=9845 nmethods=8999 adapters=756
 compilation: enabled
              stopped_count=0, restarted_count=0
 full_count=0

Compilation events (20 events):
Event: 32.071 Thread 0x00000168609f9b10 10687       3       org.gradle.internal.instantiation.generator.AsmBackedClassGenerator::access$4500 (6 bytes)
Event: 32.071 Thread 0x00000168609f9b10 nmethod 10687 0x0000016845896210 code [0x00000168458963a0, 0x00000168458964a8]
Event: 32.071 Thread 0x00000168609f9b10 10688       3       org.gradle.internal.instantiation.generator.AsmBackedClassGenerator::rawTypeParam (88 bytes)
Event: 32.073 Thread 0x00000168609f9b10 nmethod 10688 0x00000168454d2310 code [0x00000168454d26a0, 0x00000168454d4108]
Event: 32.073 Thread 0x00000168609f9b10 10691       3       org.gradle.internal.instantiation.generator.AbstractClassGenerator$PropertyMetadata::addSetMethod (12 bytes)
Event: 32.073 Thread 0x00000168609f9b10 nmethod 10691 0x00000168457df510 code [0x00000168457df6c0, 0x00000168457df8a8]
Event: 32.073 Thread 0x00000168609f9b10 10689       3       org.gradle.invocation.DefaultGradle_Decorated::getIdentityPath (39 bytes)
Event: 32.075 Thread 0x00000168609f9b10 nmethod 10689 0x0000016845a72f10 code [0x0000016845a731e0, 0x0000016845a74378]
Event: 32.075 Thread 0x00000168609f9b10 10690       3       org.gradle.invocation.DefaultGradle::getIdentityPath (35 bytes)
Event: 32.075 Thread 0x00000168650968c0 nmethod 10684 0x000001684d2deb90 code [0x000001684d2ded40, 0x000001684d2df448]
Event: 32.075 Thread 0x00000168609f9b10 nmethod 10690 0x0000016845b7fb90 code [0x0000016845b7fda0, 0x0000016845b80548]
Event: 32.075 Thread 0x00000168650968c0 10685       4       org.gradle.model.internal.asm.MethodVisitorScope::_INVOKEINTERFACE (12 bytes)
Event: 32.075 Thread 0x00000168609f9b10 10694       3       org.gradle.internal.instantiation.generator.AsmBackedClassGenerator$ClassBuilderImpl$$Lambda$583/0x00000008005dcd28::emit (21 bytes)
Event: 32.076 Thread 0x00000168609f9b10 nmethod 10694 0x0000016845aa8290 code [0x0000016845aa8440, 0x0000016845aa85a8]
Event: 32.076 Thread 0x00000168609f9b10 10695       3       org.gradle.internal.instantiation.generator.AsmBackedClassGenerator$ClassBuilderImpl::lambda$applyReadOnlyManagedStateToGetter$22 (15 bytes)
Event: 32.076 Thread 0x00000168609f9b10 nmethod 10695 0x0000016845900d90 code [0x0000016845900f40, 0x0000016845901108]
Event: 32.076 Thread 0x00000168609f9b10 10696       3       org.gradle.internal.instantiation.generator.AsmBackedClassGenerator$ClassBuilderImpl$23::<init> (275 bytes)
Event: 32.077 Thread 0x00000168650968c0 nmethod 10685 0x000001684d013690 code [0x000001684d013820, 0x000001684d013968]
Event: 32.077 Thread 0x00000168650968c0 10692       4       org.gradle.internal.instantiation.generator.AbstractClassGenerator$ClassGenerationHandler::hasFields (1 bytes)
Event: 32.077 Thread 0x00000168650968c0 nmethod 10692 0x000001684d013290 code [0x000001684d013400, 0x000001684d013478]

GC Heap History (20 events):
Event: 21.807 GC heap after
{Heap after GC invocations=26 (full 0):
 garbage-first heap   total 141312K, used 75204K [0x0000000700000000, 0x0000000800000000)
  region size 2048K, 1 young (2048K), 1 survivors (2048K)
 Metaspace       used 74396K, committed 75008K, reserved 1114112K
  class space    used 10056K, committed 10304K, reserved 1048576K
}
Event: 22.553 GC heap before
{Heap before GC invocations=26 (full 0):
 garbage-first heap   total 141312K, used 110020K [0x0000000700000000, 0x0000000800000000)
  region size 2048K, 18 young (36864K), 1 survivors (2048K)
 Metaspace       used 76832K, committed 77440K, reserved 1179648K
  class space    used 10363K, committed 10624K, reserved 1048576K
}
Event: 22.558 GC heap after
{Heap after GC invocations=27 (full 0):
 garbage-first heap   total 141312K, used 76869K [0x0000000700000000, 0x0000000800000000)
  region size 2048K, 1 young (2048K), 1 survivors (2048K)
 Metaspace       used 76832K, committed 77440K, reserved 1179648K
  class space    used 10363K, committed 10624K, reserved 1048576K
}
Event: 23.604 GC heap before
{Heap before GC invocations=28 (full 0):
 garbage-first heap   total 143360K, used 117829K [0x0000000700000000, 0x0000000800000000)
  region size 2048K, 19 young (38912K), 1 survivors (2048K)
 Metaspace       used 80459K, committed 81024K, reserved 1179648K
  class space    used 10893K, committed 11136K, reserved 1048576K
}
Event: 23.612 GC heap after
{Heap after GC invocations=29 (full 0):
 garbage-first heap   total 143360K, used 83534K [0x0000000700000000, 0x0000000800000000)
  region size 2048K, 3 young (6144K), 3 survivors (6144K)
 Metaspace       used 80459K, committed 81024K, reserved 1179648K
  class space    used 10893K, committed 11136K, reserved 1048576K
}
Event: 23.652 GC heap before
{Heap before GC invocations=29 (full 0):
 garbage-first heap   total 143360K, used 85582K [0x0000000700000000, 0x0000000800000000)
  region size 2048K, 4 young (8192K), 3 survivors (6144K)
 Metaspace       used 80663K, committed 81216K, reserved 1179648K
  class space    used 10919K, committed 11200K, reserved 1048576K
}
Event: 23.662 GC heap after
{Heap after GC invocations=30 (full 0):
 garbage-first heap   total 176128K, used 83489K [0x0000000700000000, 0x0000000800000000)
  region size 2048K, 1 young (2048K), 1 survivors (2048K)
 Metaspace       used 80663K, committed 81216K, reserved 1179648K
  class space    used 10919K, committed 11200K, reserved 1048576K
}
Event: 25.277 GC heap before
{Heap before GC invocations=30 (full 0):
 garbage-first heap   total 176128K, used 140833K [0x0000000700000000, 0x0000000800000000)
  region size 2048K, 29 young (59392K), 1 survivors (2048K)
 Metaspace       used 85740K, committed 86400K, reserved 1179648K
  class space    used 11611K, committed 11904K, reserved 1048576K
}
Event: 25.285 GC heap after
{Heap after GC invocations=31 (full 0):
 garbage-first heap   total 176128K, used 85650K [0x0000000700000000, 0x0000000800000000)
  region size 2048K, 2 young (4096K), 2 survivors (4096K)
 Metaspace       used 85740K, committed 86400K, reserved 1179648K
  class space    used 11611K, committed 11904K, reserved 1048576K
}
Event: 26.535 GC heap before
{Heap before GC invocations=32 (full 0):
 garbage-first heap   total 176128K, used 142994K [0x0000000700000000, 0x0000000800000000)
  region size 2048K, 30 young (61440K), 2 survivors (4096K)
 Metaspace       used 87793K, committed 88384K, reserved 1179648K
  class space    used 11888K, committed 12160K, reserved 1048576K
}
Event: 26.549 GC heap after
{Heap after GC invocations=33 (full 0):
 garbage-first heap   total 176128K, used 89869K [0x0000000700000000, 0x0000000800000000)
  region size 2048K, 4 young (8192K), 4 survivors (8192K)
 Metaspace       used 87793K, committed 88384K, reserved 1179648K
  class space    used 11888K, committed 12160K, reserved 1048576K
}
Event: 26.604 GC heap before
{Heap before GC invocations=33 (full 0):
 garbage-first heap   total 176128K, used 91917K [0x0000000700000000, 0x0000000800000000)
  region size 2048K, 5 young (10240K), 4 survivors (8192K)
 Metaspace       used 87950K, committed 88512K, reserved 1179648K
  class space    used 11913K, committed 12160K, reserved 1048576K
}
Event: 26.625 GC heap after
{Heap after GC invocations=34 (full 0):
 garbage-first heap   total 176128K, used 89891K [0x0000000700000000, 0x0000000800000000)
  region size 2048K, 1 young (2048K), 1 survivors (2048K)
 Metaspace       used 87950K, committed 88512K, reserved 1179648K
  class space    used 11913K, committed 12160K, reserved 1048576K
}
Event: 28.050 GC heap before
{Heap before GC invocations=34 (full 0):
 garbage-first heap   total 176128K, used 141091K [0x0000000700000000, 0x0000000800000000)
  region size 2048K, 27 young (55296K), 1 survivors (2048K)
 Metaspace       used 91651K, committed 92288K, reserved 1179648K
  class space    used 12601K, committed 12864K, reserved 1048576K
}
Event: 28.056 GC heap after
{Heap after GC invocations=35 (full 0):
 garbage-first heap   total 176128K, used 91078K [0x0000000700000000, 0x0000000800000000)
  region size 2048K, 1 young (2048K), 1 survivors (2048K)
 Metaspace       used 91651K, committed 92288K, reserved 1179648K
  class space    used 12601K, committed 12864K, reserved 1048576K
}
Event: 29.293 GC heap before
{Heap before GC invocations=35 (full 0):
 garbage-first heap   total 176128K, used 142278K [0x0000000700000000, 0x0000000800000000)
  region size 2048K, 27 young (55296K), 1 survivors (2048K)
 Metaspace       used 95248K, committed 95872K, reserved 1179648K
  class space    used 13148K, committed 13440K, reserved 1048576K
}
Event: 29.304 GC heap after
{Heap after GC invocations=36 (full 0):
 garbage-first heap   total 176128K, used 93374K [0x0000000700000000, 0x0000000800000000)
  region size 2048K, 3 young (6144K), 3 survivors (6144K)
 Metaspace       used 95248K, committed 95872K, reserved 1179648K
  class space    used 13148K, committed 13440K, reserved 1048576K
}
Event: 30.700 GC heap before
{Heap before GC invocations=36 (full 0):
 garbage-first heap   total 176128K, used 144574K [0x0000000700000000, 0x0000000800000000)
  region size 2048K, 28 young (57344K), 3 survivors (6144K)
 Metaspace       used 99066K, committed 99776K, reserved 1179648K
  class space    used 13718K, committed 14080K, reserved 1048576K
}
Event: 30.715 GC heap after
{Heap after GC invocations=37 (full 0):
 garbage-first heap   total 176128K, used 96185K [0x0000000700000000, 0x0000000800000000)
  region size 2048K, 3 young (6144K), 3 survivors (6144K)
 Metaspace       used 99066K, committed 99776K, reserved 1179648K
  class space    used 13718K, committed 14080K, reserved 1048576K
}
Event: 32.078 GC heap before
{Heap before GC invocations=37 (full 0):
 garbage-first heap   total 176128K, used 143289K [0x0000000700000000, 0x0000000800000000)
  region size 2048K, 27 young (55296K), 3 survivors (6144K)
 Metaspace       used 103460K, committed 104192K, reserved 1179648K
  class space    used 14325K, committed 14656K, reserved 1048576K
}

Dll operation events (3 events):
Event: 0.024 Loaded shared library C:\Program Files\Android\Android Studio\jbr\bin\java.dll
Event: 0.263 Loaded shared library C:\Program Files\Android\Android Studio\jbr\bin\zip.dll
Event: 0.807 Loaded shared library C:\Program Files\Android\Android Studio\jbr\bin\verify.dll

Deoptimization events (20 events):
Event: 31.504 Thread 0x0000016865949780 Uncommon trap: trap_request=0xffffffbe fr.pc=0x000001684d3ff9e8 relative=0x00000000000001c8
Event: 31.504 Thread 0x0000016865949780 Uncommon trap: reason=profile_predicate action=maybe_recompile pc=0x000001684d3ff9e8 method=java.util.LinkedHashMap.keysToArray([Ljava/lang/Object;)[Ljava/lang/Object; @ 12 c2
Event: 31.504 Thread 0x0000016865949780 DEOPT PACKING pc=0x000001684d3ff9e8 sp=0x0000001b36cf86d0
Event: 31.504 Thread 0x0000016865949780 DEOPT UNPACKING pc=0x000001684c9469a3 sp=0x0000001b36cf8688 mode 2
Event: 31.590 Thread 0x0000016865949780 DEOPT PACKING pc=0x00000168458ee0d3 sp=0x0000001b36cf9420
Event: 31.590 Thread 0x0000016865949780 DEOPT UNPACKING pc=0x000001684c947143 sp=0x0000001b36cf88d0 mode 0
Event: 31.592 Thread 0x0000016865949780 DEOPT PACKING pc=0x00000168458ee0d3 sp=0x0000001b36cf9420
Event: 31.592 Thread 0x0000016865949780 DEOPT UNPACKING pc=0x000001684c947143 sp=0x0000001b36cf88d0 mode 0
Event: 31.612 Thread 0x0000016865949780 Uncommon trap: trap_request=0xffffff45 fr.pc=0x000001684cf95e70 relative=0x00000000000002b0
Event: 31.612 Thread 0x0000016865949780 Uncommon trap: reason=unstable_if action=reinterpret pc=0x000001684cf95e70 method=java.lang.CharacterDataLatin1.digit(II)I @ 12 c2
Event: 31.612 Thread 0x0000016865949780 DEOPT PACKING pc=0x000001684cf95e70 sp=0x0000001b36cf92e0
Event: 31.612 Thread 0x0000016865949780 DEOPT UNPACKING pc=0x000001684c9469a3 sp=0x0000001b36cf9100 mode 2
Event: 31.630 Thread 0x0000016865949780 DEOPT PACKING pc=0x00000168466262f0 sp=0x0000001b36cf9780
Event: 31.630 Thread 0x0000016865949780 DEOPT UNPACKING pc=0x000001684c947143 sp=0x0000001b36cf8c88 mode 0
Event: 31.824 Thread 0x0000016865949780 Uncommon trap: trap_request=0xffffff45 fr.pc=0x000001684d21b190 relative=0x0000000000000a30
Event: 31.824 Thread 0x0000016865949780 Uncommon trap: reason=unstable_if action=reinterpret pc=0x000001684d21b190 method=java.lang.ThreadLocal$ThreadLocalMap.set(Ljava/lang/ThreadLocal;Ljava/lang/Object;)V @ 125 c2
Event: 31.824 Thread 0x0000016865949780 DEOPT PACKING pc=0x000001684d21b190 sp=0x0000001b36cf8b40
Event: 31.824 Thread 0x0000016865949780 DEOPT UNPACKING pc=0x000001684c9469a3 sp=0x0000001b36cf8a08 mode 2
Event: 31.839 Thread 0x0000016865949780 DEOPT PACKING pc=0x00000168466262f0 sp=0x0000001b36cf7b60
Event: 31.839 Thread 0x0000016865949780 DEOPT UNPACKING pc=0x000001684c947143 sp=0x0000001b36cf7068 mode 0

Classes unloaded (0 events):
No events

Classes redefined (0 events):
No events

Internal exceptions (20 events):
Event: 29.002 Thread 0x0000016865949780 Exception <a 'java/lang/ClassNotFoundException'{0x0000000707ca1f90}: com/android/build/gradle/internal/api/ReadOnlyBuildTypeBeanInfo> (0x0000000707ca1f90) 
thrown [s\src\hotspot\share\classfile\systemDictionary.cpp, line 256]
Event: 29.003 Thread 0x0000016865949780 Exception <a 'java/lang/ClassNotFoundException'{0x0000000707cb10a0}: com/android/build/gradle/internal/api/ReadOnlyBaseConfigBeanInfo> (0x0000000707cb10a0) 
thrown [s\src\hotspot\share\classfile\systemDictionary.cpp, line 256]
Event: 29.005 Thread 0x0000016865949780 Exception <a 'java/lang/ClassNotFoundException'{0x0000000707cc01e0}: com/android/build/gradle/internal/api/ReadOnlyBaseConfigCustomizer> (0x0000000707cc01e0) 
thrown [s\src\hotspot\share\classfile\systemDictionary.cpp, line 256]
Event: 29.007 Thread 0x0000016865949780 Exception <a 'java/lang/ClassNotFoundException'{0x0000000707cdfec8}: com/android/build/gradle/internal/api/ReadOnlyBuildTypeCustomizer> (0x0000000707cdfec8) 
thrown [s\src\hotspot\share\classfile\systemDictionary.cpp, line 256]
Event: 29.544 Thread 0x0000016865949780 Implicit null exception at 0x000001684d389300 to 0x000001684d389c70
Event: 29.544 Thread 0x0000016865949780 Implicit null exception at 0x000001684d388a64 to 0x000001684d388af8
Event: 29.545 Thread 0x0000016865949780 Implicit null exception at 0x000001684d389300 to 0x000001684d389c70
Event: 29.545 Thread 0x0000016865949780 Implicit null exception at 0x000001684d389300 to 0x000001684d389c70
Event: 29.547 Thread 0x0000016865949780 Implicit null exception at 0x000001684d389300 to 0x000001684d389c70
Event: 29.935 Thread 0x0000016865949780 Exception <a 'java/lang/NoSuchMethodError'{0x00000007093c43f8}: 'java.lang.Object java.lang.invoke.DirectMethodHandle$Holder.newInvokeSpecial(java.lang.Object, java.lang.Object, java.lang.Object, java.lang.Object, java.lang.Object, java.lang.Object, int)'> (0x00000007093c43f8) 
thrown [s\src\hotspot\share\interpreter\linkResolver.cpp, line 771]
Event: 29.935 Thread 0x0000016865949780 Exception <a 'java/lang/NoSuchMethodError'{0x00000007093c9be8}: 'java.lang.Object java.lang.invoke.DirectMethodHandle$Holder.invokeSpecial(java.lang.Object, java.lang.Object, java.lang.Object, java.lang.Object, java.lang.Object, java.lang.Object, java.lang.Object, int)'> (0x00000007093c9be8) 
thrown [s\src\hotspot\share\interpreter\linkResolver.cpp, line 771]
Event: 29.936 Thread 0x0000016865949780 Exception <a 'java/lang/NoSuchMethodError'{0x00000007093cefc0}: 'java.lang.Object java.lang.invoke.Invokers$Holder.linkToTargetMethod(java.lang.Object, java.lang.Object, java.lang.Object, java.lang.Object, java.lang.Object, int, java.lang.Object)'> (0x00000007093cefc0) 
thrown [s\src\hotspot\share\interpreter\linkResolver.cpp, line 771]
Event: 30.090 Thread 0x0000016865949780 Implicit null exception at 0x000001684cf57a13 to 0x000001684cf57b94
Event: 30.414 Thread 0x0000016865949780 Exception <a 'sun/nio/fs/WindowsException'{0x00000007081cff48}> (0x00000007081cff48) 
thrown [s\src\hotspot\share\prims\jni.cpp, line 531]
Event: 30.503 Thread 0x0000016865949780 Exception <a 'sun/nio/fs/WindowsException'{0x0000000707d1e618}> (0x0000000707d1e618) 
thrown [s\src\hotspot\share\prims\jni.cpp, line 531]
Event: 30.504 Thread 0x0000016865949780 Exception <a 'sun/nio/fs/WindowsException'{0x0000000707d1f920}> (0x0000000707d1f920) 
thrown [s\src\hotspot\share\prims\jni.cpp, line 531]
Event: 30.504 Thread 0x0000016865949780 Exception <a 'sun/nio/fs/WindowsException'{0x0000000707d20c78}> (0x0000000707d20c78) 
thrown [s\src\hotspot\share\prims\jni.cpp, line 531]
Event: 30.504 Thread 0x0000016865949780 Exception <a 'sun/nio/fs/WindowsException'{0x0000000707d21fd0}> (0x0000000707d21fd0) 
thrown [s\src\hotspot\share\prims\jni.cpp, line 531]
Event: 30.861 Thread 0x0000016865949780 Exception <a 'java/lang/NullPointerException'{0x000000070a33daa8}> (0x000000070a33daa8) 
thrown [s\src\hotspot\share\interpreter\linkResolver.cpp, line 1447]
Event: 31.104 Thread 0x0000016865949780 Implicit null exception at 0x000001684d35f4b0 to 0x000001684d361ab4

VM Operations (20 events):
Event: 29.725 Executing VM operation: HandshakeAllThreads done
Event: 29.885 Executing VM operation: ICBufferFull
Event: 29.886 Executing VM operation: ICBufferFull done
Event: 30.700 Executing VM operation: G1CollectForAllocation
Event: 30.715 Executing VM operation: G1CollectForAllocation done
Event: 30.730 Executing VM operation: HandshakeAllThreads
Event: 30.730 Executing VM operation: HandshakeAllThreads done
Event: 30.730 Executing VM operation: HandshakeAllThreads
Event: 30.730 Executing VM operation: HandshakeAllThreads done
Event: 30.939 Executing VM operation: HandshakeAllThreads
Event: 30.939 Executing VM operation: HandshakeAllThreads done
Event: 30.982 Executing VM operation: HandshakeAllThreads
Event: 30.982 Executing VM operation: HandshakeAllThreads done
Event: 31.542 Executing VM operation: HandshakeAllThreads
Event: 31.542 Executing VM operation: HandshakeAllThreads done
Event: 31.622 Executing VM operation: HandshakeAllThreads
Event: 31.622 Executing VM operation: HandshakeAllThreads done
Event: 31.948 Executing VM operation: ICBufferFull
Event: 31.949 Executing VM operation: ICBufferFull done
Event: 32.078 Executing VM operation: G1CollectForAllocation

Events (20 events):
Event: 31.586 loading class com/sun/org/apache/xerces/internal/impl/Constants$ArrayEnumeration
Event: 31.586 loading class com/sun/org/apache/xerces/internal/impl/Constants$ArrayEnumeration done
Event: 31.587 loading class org/xml/sax/helpers/AttributesImpl
Event: 31.588 loading class org/xml/sax/helpers/AttributesImpl done
Event: 31.589 loading class java/util/regex/Pattern$Behind
Event: 31.589 loading class java/util/regex/Pattern$Behind done
Event: 31.589 loading class java/util/regex/Pattern$Neg
Event: 31.589 loading class java/util/regex/Pattern$Neg done
Event: 31.610 loading class javax/xml/datatype/DatatypeConfigurationException
Event: 31.610 loading class javax/xml/datatype/DatatypeConfigurationException done
Event: 31.613 loading class jdk/internal/reflect/UnsafeBooleanFieldAccessorImpl
Event: 31.613 loading class jdk/internal/reflect/UnsafeBooleanFieldAccessorImpl done
Event: 31.614 loading class jdk/internal/reflect/UnsafeIntegerFieldAccessorImpl
Event: 31.614 loading class jdk/internal/reflect/UnsafeIntegerFieldAccessorImpl done
Event: 31.617 loading class com/sun/org/apache/xerces/internal/impl/io/MalformedByteSequenceException
Event: 31.617 loading class java/io/CharConversionException
Event: 31.617 loading class java/io/CharConversionException done
Event: 31.617 loading class com/sun/org/apache/xerces/internal/impl/io/MalformedByteSequenceException done
Event: 31.756 loading class java/net/InetAddress$CachedLocalHost
Event: 31.756 loading class java/net/InetAddress$CachedLocalHost done


Dynamic libraries:
0x00007ff7f3240000 - 0x00007ff7f324a000 	C:\Program Files\Android\Android Studio\jbr\bin\java.exe
0x00007ffc5f690000 - 0x00007ffc5f888000 	C:\Windows\SYSTEM32\ntdll.dll
0x00007ffc5de90000 - 0x00007ffc5df52000 	C:\Windows\System32\KERNEL32.DLL
0x00007ffc5d310000 - 0x00007ffc5d60f000 	C:\Windows\System32\KERNELBASE.dll
0x00007ffc5d060000 - 0x00007ffc5d160000 	C:\Windows\System32\ucrtbase.dll
0x00007ffc53f70000 - 0x00007ffc53f87000 	C:\Program Files\Android\Android Studio\jbr\bin\jli.dll
0x00007ffc59760000 - 0x00007ffc5977b000 	C:\Program Files\Android\Android Studio\jbr\bin\VCRUNTIME140.dll
0x00007ffc5d6b0000 - 0x00007ffc5d84d000 	C:\Windows\System32\USER32.dll
0x00007ffc5cd30000 - 0x00007ffc5cd52000 	C:\Windows\System32\win32u.dll
0x00007ffc4a840000 - 0x00007ffc4aada000 	C:\Windows\WinSxS\amd64_microsoft.windows.common-controls_6595b64144ccf1df_6.0.19041.4355_none_60b8b9eb71f62e16\COMCTL32.dll
0x00007ffc5f620000 - 0x00007ffc5f64b000 	C:\Windows\System32\GDI32.dll
0x00007ffc5d850000 - 0x00007ffc5d8ee000 	C:\Windows\System32\msvcrt.dll
0x00007ffc5cf40000 - 0x00007ffc5d05a000 	C:\Windows\System32\gdi32full.dll
0x00007ffc5d610000 - 0x00007ffc5d6ad000 	C:\Windows\System32\msvcp_win.dll
0x00007ffc5daa0000 - 0x00007ffc5dacf000 	C:\Windows\System32\IMM32.DLL
0x00007ffc59740000 - 0x00007ffc5974c000 	C:\Program Files\Android\Android Studio\jbr\bin\vcruntime140_1.dll
0x00007ffc58180000 - 0x00007ffc5820d000 	C:\Program Files\Android\Android Studio\jbr\bin\msvcp140.dll
0x00007ffbde9e0000 - 0x00007ffbdf663000 	C:\Program Files\Android\Android Studio\jbr\bin\server\jvm.dll
0x00007ffc5dad0000 - 0x00007ffc5db7f000 	C:\Windows\System32\ADVAPI32.dll
0x00007ffc5f3e0000 - 0x00007ffc5f47f000 	C:\Windows\System32\sechost.dll
0x00007ffc5edc0000 - 0x00007ffc5eee3000 	C:\Windows\System32\RPCRT4.dll
0x00007ffc5cf10000 - 0x00007ffc5cf37000 	C:\Windows\System32\bcrypt.dll
0x00007ffc5c2c0000 - 0x00007ffc5c30b000 	C:\Windows\SYSTEM32\POWRPROF.dll
0x00007ffc42e80000 - 0x00007ffc42e89000 	C:\Windows\SYSTEM32\WSOCK32.dll
0x00007ffc5df60000 - 0x00007ffc5dfcb000 	C:\Windows\System32\WS2_32.dll
0x00007ffc39af0000 - 0x00007ffc39b17000 	C:\Windows\SYSTEM32\WINMM.dll
0x00007ffc55090000 - 0x00007ffc5509a000 	C:\Windows\SYSTEM32\VERSION.dll
0x00007ffc5c130000 - 0x00007ffc5c142000 	C:\Windows\SYSTEM32\UMPDC.dll
0x00007ffc5b5a0000 - 0x00007ffc5b5b2000 	C:\Windows\SYSTEM32\kernel.appcore.dll
0x00007ffc499a0000 - 0x00007ffc499aa000 	C:\Program Files\Android\Android Studio\jbr\bin\jimage.dll
0x00007ffc55830000 - 0x00007ffc55a14000 	C:\Windows\SYSTEM32\DBGHELP.DLL
0x00007ffc55b00000 - 0x00007ffc55b34000 	C:\Windows\SYSTEM32\dbgcore.DLL
0x00007ffc5ce80000 - 0x00007ffc5cf02000 	C:\Windows\System32\bcryptPrimitives.dll
0x00007ffc53f90000 - 0x00007ffc53f9e000 	C:\Program Files\Android\Android Studio\jbr\bin\instrument.dll
0x00007ffbea7b0000 - 0x00007ffbea7d5000 	C:\Program Files\Android\Android Studio\jbr\bin\java.dll
0x00007ffbea790000 - 0x00007ffbea7a8000 	C:\Program Files\Android\Android Studio\jbr\bin\zip.dll
0x00007ffc5e4e0000 - 0x00007ffc5ec4d000 	C:\Windows\System32\SHELL32.dll
0x00007ffc5ad60000 - 0x00007ffc5b504000 	C:\Windows\SYSTEM32\windows.storage.dll
0x00007ffc5ef50000 - 0x00007ffc5f2a5000 	C:\Windows\System32\combase.dll
0x00007ffc5c760000 - 0x00007ffc5c78f000 	C:\Windows\SYSTEM32\Wldp.dll
0x00007ffc5d8f0000 - 0x00007ffc5d9bd000 	C:\Windows\System32\OLEAUT32.dll
0x00007ffc5ed10000 - 0x00007ffc5edbd000 	C:\Windows\System32\SHCORE.dll
0x00007ffc5dc40000 - 0x00007ffc5dc95000 	C:\Windows\System32\shlwapi.dll
0x00007ffc5cc60000 - 0x00007ffc5cc84000 	C:\Windows\SYSTEM32\profapi.dll
0x00007ffbe06c0000 - 0x00007ffbe06d9000 	C:\Program Files\Android\Android Studio\jbr\bin\net.dll
0x00007ffc545d0000 - 0x00007ffc546da000 	C:\Windows\SYSTEM32\WINHTTP.dll
0x00007ffc5c4c0000 - 0x00007ffc5c52c000 	C:\Windows\system32\mswsock.dll
0x00007ffbe06a0000 - 0x00007ffbe06b6000 	C:\Program Files\Android\Android Studio\jbr\bin\nio.dll
0x00007ffc5a040000 - 0x00007ffc5a050000 	C:\Program Files\Android\Android Studio\jbr\bin\verify.dll
0x00007ffc59360000 - 0x00007ffc59387000 	C:\Users\L E N O V O\.gradle\native\c067742578af261105cb4f569cf0c3c89f3d7b1fecec35dd04571415982c5e48\windows-amd64\native-platform.dll
0x00007ffc37a30000 - 0x00007ffc37b74000 	C:\Users\L E N O V O\.gradle\native\38dada09dfb8b06ba9b0570ebf7e218e3eb74d4ef43ca46872605cf95ebc2f47\windows-amd64\native-platform-file-events.dll
0x00007ffc5a060000 - 0x00007ffc5a069000 	C:\Program Files\Android\Android Studio\jbr\bin\management.dll
0x00007ffc5a050000 - 0x00007ffc5a05b000 	C:\Program Files\Android\Android Studio\jbr\bin\management_ext.dll
0x00007ffc5dcb0000 - 0x00007ffc5dcb8000 	C:\Windows\System32\PSAPI.DLL
0x00007ffc5c6c0000 - 0x00007ffc5c6d8000 	C:\Windows\SYSTEM32\CRYPTSP.dll
0x00007ffc5bd70000 - 0x00007ffc5bda4000 	C:\Windows\system32\rsaenh.dll
0x00007ffc5cc20000 - 0x00007ffc5cc4e000 	C:\Windows\SYSTEM32\USERENV.dll
0x00007ffc5c6b0000 - 0x00007ffc5c6bc000 	C:\Windows\SYSTEM32\CRYPTBASE.dll
0x00007ffc5c150000 - 0x00007ffc5c18b000 	C:\Windows\SYSTEM32\IPHLPAPI.DLL
0x00007ffc5dca0000 - 0x00007ffc5dca8000 	C:\Windows\System32\NSI.dll
0x00007ffc55a70000 - 0x00007ffc55a87000 	C:\Windows\SYSTEM32\dhcpcsvc6.DLL
0x00007ffc56350000 - 0x00007ffc5636d000 	C:\Windows\SYSTEM32\dhcpcsvc.DLL
0x00007ffc5c1a0000 - 0x00007ffc5c26a000 	C:\Windows\SYSTEM32\DNSAPI.dll
0x00007ffc5a070000 - 0x00007ffc5a079000 	C:\Program Files\Android\Android Studio\jbr\bin\extnet.dll
0x00007ffc5a080000 - 0x00007ffc5a087000 	C:\Windows\system32\wshunix.dll
0x00007ffc4bbd0000 - 0x00007ffc4bbda000 	C:\Windows\System32\rasadhlp.dll
0x00007ffc4c470000 - 0x00007ffc4c4f0000 	C:\Windows\System32\fwpuclnt.dll
0x00007ffbebc20000 - 0x00007ffbebc37000 	C:\Windows\system32\napinsp.dll
0x00007ffbebc00000 - 0x00007ffbebc1b000 	C:\Windows\system32\pnrpnsp.dll
0x00007ffc39ac0000 - 0x00007ffc39ad5000 	C:\Windows\system32\wshbth.dll
0x00007ffc58c20000 - 0x00007ffc58c3d000 	C:\Windows\system32\NLAapi.dll
0x00007ffbebbe0000 - 0x00007ffbebbf2000 	C:\Windows\System32\winrnr.dll

dbghelp: loaded successfully - version: 4.0.5 - missing functions: none
symbol engine: initialized successfully - sym options: 0x614 - pdb path: .;C:\Program Files\Android\Android Studio\jbr\bin;C:\Windows\SYSTEM32;C:\Windows\WinSxS\amd64_microsoft.windows.common-controls_6595b64144ccf1df_6.0.19041.4355_none_60b8b9eb71f62e16;C:\Program Files\Android\Android Studio\jbr\bin\server;C:\Users\L E N O V O\.gradle\native\c067742578af261105cb4f569cf0c3c89f3d7b1fecec35dd04571415982c5e48\windows-amd64;C:\Users\L E N O V O\.gradle\native\38dada09dfb8b06ba9b0570ebf7e218e3eb74d4ef43ca46872605cf95ebc2f47\windows-amd64

VM Arguments:
jvm_args: --add-opens=java.base/java.util=ALL-UNNAMED --add-opens=java.base/java.lang=ALL-UNNAMED --add-opens=java.base/java.lang.invoke=ALL-UNNAMED --add-opens=java.prefs/java.util.prefs=ALL-UNNAMED --add-opens=java.base/java.nio.charset=ALL-UNNAMED --add-opens=java.base/java.net=ALL-UNNAMED --add-opens=java.base/java.util.concurrent.atomic=ALL-UNNAMED -Xmx4096m -Dfile.encoding=UTF-8 -Duser.country=US -Duser.language=en -Duser.variant -javaagent:C:\Users\L E N O V O\.gradle\wrapper\dists\gradle-8.7-bin\bhs2wmbdwecv87pi65oeuq5iu\gradle-8.7\lib\agents\gradle-instrumentation-agent-8.7.jar 
java_command: org.gradle.launcher.daemon.bootstrap.GradleDaemon 8.7
java_class_path (initial): C:\Users\L E N O V O\.gradle\wrapper\dists\gradle-8.7-bin\bhs2wmbdwecv87pi65oeuq5iu\gradle-8.7\lib\gradle-launcher-8.7.jar
Launcher Type: SUN_STANDARD

[Global flags]
     intx CICompilerCount                          = 3                                         {product} {ergonomic}
     uint ConcGCThreads                            = 1                                         {product} {ergonomic}
     uint G1ConcRefinementThreads                  = 4                                         {product} {ergonomic}
   size_t G1HeapRegionSize                         = 2097152                                   {product} {ergonomic}
    uintx GCDrainStackTargetSize                   = 64                                        {product} {ergonomic}
   size_t InitialHeapSize                          = 125829120                                 {product} {ergonomic}
   size_t MarkStackSize                            = 4194304                                   {product} {ergonomic}
   size_t MaxHeapSize                              = 4294967296                                {product} {command line}
   size_t MaxNewSize                               = 2575302656                                {product} {ergonomic}
   size_t MinHeapDeltaBytes                        = 2097152                                   {product} {ergonomic}
   size_t MinHeapSize                              = 8388608                                   {product} {ergonomic}
    uintx NonNMethodCodeHeapSize                   = 5832780                                {pd product} {ergonomic}
    uintx NonProfiledCodeHeapSize                  = 122912730                              {pd product} {ergonomic}
    uintx ProfiledCodeHeapSize                     = 122912730                              {pd product} {ergonomic}
    uintx ReservedCodeCacheSize                    = 251658240                              {pd product} {ergonomic}
     bool SegmentedCodeCache                       = true                                      {product} {ergonomic}
   size_t SoftMaxHeapSize                          = 4294967296                             {manageable} {ergonomic}
     bool UseCompressedClassPointers               = true                           {product lp64_product} {ergonomic}
     bool UseCompressedOops                        = true                           {product lp64_product} {ergonomic}
     bool UseG1GC                                  = true                                      {product} {ergonomic}
     bool UseLargePagesIndividualAllocation        = false                                  {pd product} {ergonomic}

Logging:
Log output configuration:
 #0: stdout all=warning uptime,level,tags
 #1: stderr all=off uptime,level,tags

Environment Variables:
PATH=C:\Windows\system32;C:\Windows;C:\Windows\System32\Wbem;C:\Windows\System32\WindowsPowerShell\v1.0\;C:\Windows\System32\OpenSSH\;C:\Program Files (x86)\Microsoft SQL Server\160\Tools\Binn\;C:\Program Files\Microsoft SQL Server\160\Tools\Binn\;C:\Program Files\Microsoft SQL Server\Client SDK\ODBC\170\Tools\Binn\;C:\Program Files\Microsoft SQL Server\160\DTS\Binn\;C:\xampp\php;C:\ProgramData\ComposerSetup\bin;C:\Program Files\Git\cmd;C:\Users\L E N O V O\AppData\Local\Microsoft\WindowsApps;C:\Users\L E N O V O\AppData\Local\Programs\Microsoft VS Code\bin;C:\Users\L E N O V O\AppData\Roaming\Composer\vendor\bin
USERNAME=L E N O V O
OS=Windows_NT
PROCESSOR_IDENTIFIER=Intel64 Family 6 Model 78 Stepping 3, GenuineIntel
TMP=C:\Users\LENOVO~1\AppData\Local\Temp
TEMP=C:\Users\LENOVO~1\AppData\Local\Temp



Periodic native trim disabled

JNI global refs:
JNI global refs: 28, weak refs: 2

JNI global refs memory usage: 843, weak refs: 841

Process memory usage:
Resident Set Size: 449384K (5% of 7753512K total physical memory with 388968K free physical memory)

OOME stack traces (most recent first):
Classloader memory used:
Loader org.gradle.internal.classloader.VisitableURLClassLoader                         : 4535K
Loader bootstrap                                                                       : 3531K
Loader org.gradle.internal.classloader.VisitableURLClassLoader$InstrumentingVisitableURLClassLoader: 3141K
Loader org.gradle.initialization.MixInLegacyTypesClassLoader                           : 1499K
Loader jdk.internal.loader.ClassLoaders$PlatformClassLoader                            : 101483B
Loader jdk.internal.reflect.DelegatingClassLoader                                      : 70036B
Loader org.gradle.internal.classloader.VisitableURLClassLoader                         : 29070B
Loader jdk.internal.loader.ClassLoaders$AppClassLoader                                 : 28721B
Loader sun.reflect.misc.MethodUtil                                                     : 373B

Classes loaded by more than one classloader:
Class Program                                                                         : loaded 5 times (x 70B)
Class Build_gradle$1                                                                  : loaded 3 times (x 72B)
Class Build_gradle                                                                    : loaded 3 times (x 128B)
Class [Lcom.google.common.collect.AbstractMapEntry;                                   : loaded 2 times (x 67B)
Class com.google.common.collect.SingletonImmutableList                                : loaded 2 times (x 167B)
Class com.google.common.cache.CacheLoader$SupplierToCacheLoader                       : loaded 2 times (x 73B)
Class org.gradle.internal.classpath.ClassPath                                         : loaded 2 times (x 68B)
Class com.google.common.cache.RemovalListener                                         : loaded 2 times (x 68B)
Class org.gradle.api.internal.classpath.DefaultModuleRegistry                         : loaded 2 times (x 84B)
Class Settings_gradle$1$1                                                             : loaded 2 times (x 72B)
Class com.google.common.collect.ImmutableEnumSet                                      : loaded 2 times (x 144B)
Class com.google.common.collect.ListMultimap                                          : loaded 2 times (x 68B)
Class com.google.common.base.CharMatcher$JavaDigit                                    : loaded 2 times (x 109B)
Class com.google.common.base.CharMatcher$Digit                                        : loaded 2 times (x 110B)
Class com.google.common.collect.AbstractMultimap                                      : loaded 2 times (x 121B)
Class com.google.common.cache.CacheBuilder$OneWeigher                                 : loaded 2 times (x 80B)
Class org.gradle.api.Action                                                           : loaded 2 times (x 68B)
Class com.google.common.collect.ImmutableEntry                                        : loaded 2 times (x 80B)
Class com.google.common.collect.Lists$StringAsImmutableList                           : loaded 2 times (x 167B)
Class com.google.common.cache.LocalCache$StrongEntry                                  : loaded 2 times (x 106B)
Class org.objectweb.asm.FieldWriter                                                   : loaded 2 times (x 76B)
Class com.google.common.base.CharMatcher                                              : loaded 2 times (x 109B)
Class com.google.common.base.CharMatcher$IsNot                                        : loaded 2 times (x 109B)
Class com.google.common.base.Splitter                                                 : loaded 2 times (x 70B)
Class [Lcom.google.common.cache.Weigher;                                              : loaded 2 times (x 67B)
Class com.google.common.collect.Iterators$ArrayItr                                    : loaded 2 times (x 95B)
Class com.google.common.cache.LocalCache$Segment                                      : loaded 2 times (x 152B)
Class org.gradle.api.internal.DefaultClassPathProvider                                : loaded 2 times (x 74B)
Class org.gradle.internal.installation.GradleInstallation$1                           : loaded 2 times (x 73B)
Class com.google.common.cache.LocalCache$AbstractReferenceEntry                       : loaded 2 times (x 105B)
Class org.objectweb.asm.Type                                                          : loaded 2 times (x 70B)
Class com.google.common.util.concurrent.AbstractFuture$Failure                        : loaded 2 times (x 70B)
Class com.google.common.base.CharMatcher$BitSetMatcher                                : loaded 2 times (x 110B)
Class com.google.common.collect.ImmutableMap$IteratorBasedImmutableMap                : loaded 2 times (x 123B)
Class com.google.common.collect.ImmutableMap                                          : loaded 2 times (x 118B)
Class com.google.common.base.Converter                                                : loaded 2 times (x 88B)
Class com.google.common.collect.ImmutableSet$EmptySetBuilderImpl                      : loaded 2 times (x 74B)
Class com.google.common.base.Equivalence                                              : loaded 2 times (x 80B)
Class com.google.common.primitives.Ints                                               : loaded 2 times (x 69B)
Class com.google.common.cache.LocalCache$EntryFactory$1                               : loaded 2 times (x 81B)
Class com.google.common.cache.LocalCache$EntryFactory$2                               : loaded 2 times (x 81B)
Class com.google.common.cache.LocalCache$EntryFactory$3                               : loaded 2 times (x 81B)
Class com.google.common.cache.LocalCache$EntryFactory$4                               : loaded 2 times (x 81B)
Class com.google.common.cache.LocalCache$EntryFactory$5                               : loaded 2 times (x 81B)
Class com.google.common.cache.LocalCache$EntryFactory$6                               : loaded 2 times (x 81B)
Class com.google.common.cache.LocalCache$EntryFactory$7                               : loaded 2 times (x 81B)
Class com.google.common.cache.LocalCache$EntryFactory$8                               : loaded 2 times (x 81B)
Class com.google.common.base.Predicate                                                : loaded 2 times (x 68B)
Class com.google.common.cache.LocalCache$StrongValueReference                         : loaded 2 times (x 88B)
Class org.gradle.internal.classloader.FilteringClassLoader                            : loaded 2 times (x 103B)
Class com.google.common.collect.RegularImmutableSet                                   : loaded 2 times (x 146B)
Class [Lcom.google.common.cache.LocalCache$Strength;                                  : loaded 2 times (x 67B)
Class org.gradle.internal.classpath.DefaultClassPath$ImmutableUniqueList$Builder      : loaded 2 times (x 73B)
Class com.google.common.collect.Maps$8                                                : loaded 2 times (x 80B)
Class [Lcom.google.common.cache.CacheBuilder$NullListener;                            : loaded 2 times (x 67B)
Class com.google.common.base.PatternCompiler                                          : loaded 2 times (x 68B)
Class com.google.common.base.CharMatcher$InRange                                      : loaded 2 times (x 109B)
Class com.google.common.collect.Maps$KeySet                                           : loaded 2 times (x 135B)
Class com.google.common.collect.Sets$SetView                                          : loaded 2 times (x 136B)
Class com.google.common.collect.BiMap                                                 : loaded 2 times (x 68B)
Class com.google.common.collect.Lists                                                 : loaded 2 times (x 69B)
Class org.objectweb.asm.AnnotationWriter                                              : loaded 2 times (x 77B)
Class com.google.common.math.IntMath$1                                                : loaded 2 times (x 69B)
Class org.gradle.internal.classloader.ClassLoaderVisitor                              : loaded 2 times (x 74B)
Class org.objectweb.asm.Label                                                         : loaded 2 times (x 71B)
Class com.google.common.cache.CacheBuilder$NullListener                               : loaded 2 times (x 80B)
Class com.google.common.math.MathPreconditions                                        : loaded 2 times (x 69B)
Class org.gradle.internal.service.DefaultServiceLocator                               : loaded 2 times (x 81B)
Class org.gradle.internal.service.UnknownServiceException                             : loaded 2 times (x 81B)
Class com.google.common.util.concurrent.AbstractFuture$SynchronizedHelper             : loaded 2 times (x 76B)
Class com.google.common.collect.ArrayListMultimap                                     : loaded 2 times (x 170B)
Class com.google.common.base.Strings                                                  : loaded 2 times (x 69B)
Class com.google.common.cache.CacheLoader$InvalidCacheLoadException                   : loaded 2 times (x 80B)
Class org.gradle.internal.classloader.DefaultClassLoaderFactory                       : loaded 2 times (x 80B)
Class com.google.common.collect.UnmodifiableIterator                                  : loaded 2 times (x 78B)
Class com.google.common.base.Stopwatch                                                : loaded 2 times (x 70B)
Class com.google.common.base.Platform$JdkPatternCompiler                              : loaded 2 times (x 73B)
Class com.google.common.cache.LocalCache$LoadingValueReference                        : loaded 2 times (x 94B)
Class com.google.common.base.CharMatcher$SingleWidth                                  : loaded 2 times (x 110B)
Class com.google.common.collect.Hashing                                               : loaded 2 times (x 69B)
Class com.google.common.base.JdkPattern                                               : loaded 2 times (x 73B)
Class com.google.common.collect.Multimap                                              : loaded 2 times (x 68B)
Class com.google.common.base.FunctionalEquivalence                                    : loaded 2 times (x 81B)
Class org.objectweb.asm.AnnotationVisitor                                             : loaded 2 times (x 76B)
Class org.objectweb.asm.RecordComponentWriter                                         : loaded 2 times (x 76B)
Class com.google.common.cache.LocalCache$1                                            : loaded 2 times (x 87B)
Class com.google.common.cache.LocalCache$2                                            : loaded 2 times (x 140B)
Class com.google.common.collect.RegularImmutableBiMap                                 : loaded 2 times (x 146B)
Class org.gradle.internal.classloader.VisitableURLClassLoader$Spec                    : loaded 2 times (x 72B)
Class org.gradle.api.GradleException                                                  : loaded 2 times (x 80B)
Class com.google.common.base.CharMatcher$JavaLetterOrDigit                            : loaded 2 times (x 109B)
Class org.gradle.api.internal.classpath.ModuleRegistry                                : loaded 2 times (x 68B)
Class com.google.common.cache.CacheBuilder                                            : loaded 2 times (x 70B)
Class org.objectweb.asm.ByteVector                                                    : loaded 2 times (x 77B)
Class com.google.common.collect.ImmutableCollection                                   : loaded 2 times (x 123B)
Class com.google.common.base.PairwiseEquivalence                                      : loaded 2 times (x 81B)
Class com.google.common.base.Ticker                                                   : loaded 2 times (x 70B)
Class org.gradle.api.internal.ClassPathProvider                                       : loaded 2 times (x 68B)
Class com.google.common.base.Ascii                                                    : loaded 2 times (x 69B)
Class com.google.common.collect.RegularImmutableMap$Values                            : loaded 2 times (x 167B)
Class org.objectweb.asm.ModuleVisitor                                                 : loaded 2 times (x 79B)
Class org.gradle.internal.classloader.ClasspathUtil$1                                 : loaded 2 times (x 74B)
Class com.google.common.collect.ImmutableEnumMap                                      : loaded 2 times (x 123B)
Class com.google.common.collect.ImmutableList$ReverseImmutableList                    : loaded 2 times (x 168B)
Class com.google.common.cache.AbstractCache$StatsCounter                              : loaded 2 times (x 68B)
Class org.objectweb.asm.FieldVisitor                                                  : loaded 2 times (x 75B)
Class org.objectweb.asm.Symbol                                                        : loaded 2 times (x 71B)
Class com.google.common.cache.LocalCache$Strength$1                                   : loaded 2 times (x 79B)
Class com.google.common.cache.LocalCache$Strength$2                                   : loaded 2 times (x 79B)
Class com.google.common.cache.LocalCache$Strength$3                                   : loaded 2 times (x 79B)
Class org.gradle.internal.classloader.ClassLoaderFactory                              : loaded 2 times (x 68B)
Class com.google.common.collect.ObjectArrays                                          : loaded 2 times (x 69B)
Class com.google.common.util.concurrent.AbstractFuture$Waiter                         : loaded 2 times (x 70B)
Class com.google.common.util.concurrent.Uninterruptibles                              : loaded 2 times (x 69B)
Class com.google.common.collect.Iterators$10                                          : loaded 2 times (x 79B)
Class com.google.common.collect.ImmutableList                                         : loaded 2 times (x 166B)
Class org.gradle.api.internal.classpath.ManifestUtil                                  : loaded 2 times (x 69B)
Class org.gradle.api.specs.Spec                                                       : loaded 2 times (x 68B)
Class com.google.common.cache.CacheLoader$UnsupportedLoadingOperationException        : loaded 2 times (x 80B)
Class com.google.common.base.CharMatcher$Whitespace                                   : loaded 2 times (x 110B)
Class com.google.common.util.concurrent.ListenableFuture                              : loaded 2 times (x 68B)
Class com.google.common.collect.Iterators$1                                           : loaded 2 times (x 79B)
Class com.google.common.collect.Iterators$4                                           : loaded 2 times (x 80B)
Class com.google.common.collect.RegularImmutableMap$BucketOverflowException           : loaded 2 times (x 80B)
Class com.google.common.collect.Iterators$5                                           : loaded 2 times (x 80B)
Class com.google.common.util.concurrent.AbstractFuture$UnsafeAtomicHelper             : loaded 2 times (x 76B)
Class com.google.common.base.Joiner                                                   : loaded 2 times (x 77B)
Class com.google.common.base.Equivalence$Equals                                       : loaded 2 times (x 80B)
Class com.google.common.base.Preconditions                                            : loaded 2 times (x 69B)
Class com.google.common.base.Function                                                 : loaded 2 times (x 68B)
Class com.google.common.collect.Iterators$9                                           : loaded 2 times (x 79B)
Class org.gradle.internal.IoActions                                                   : loaded 2 times (x 69B)
Class com.google.common.cache.ReferenceEntry                                          : loaded 2 times (x 68B)
Class com.google.common.collect.RegularImmutableMap$KeySet                            : loaded 2 times (x 148B)
Class com.google.common.collect.CollectPreconditions                                  : loaded 2 times (x 69B)
Class com.google.common.primitives.IntsMethodsForWeb                                  : loaded 2 times (x 69B)
Class com.google.common.collect.Maps                                                  : loaded 2 times (x 69B)
Class com.google.common.collect.RegularImmutableMap                                   : loaded 2 times (x 119B)
Class com.google.common.collect.AbstractIndexedListIterator                           : loaded 2 times (x 94B)
Class com.google.common.base.CharMatcher$None                                         : loaded 2 times (x 110B)
Class org.gradle.api.internal.classpath.EffectiveClassPath                            : loaded 2 times (x 88B)
Class com.google.common.collect.UnmodifiableListIterator                              : loaded 2 times (x 93B)
Class com.google.common.cache.CacheLoader$FunctionToCacheLoader                       : loaded 2 times (x 73B)
Class com.google.common.cache.CacheBuilder$1                                          : loaded 2 times (x 83B)
Class com.google.common.cache.CacheBuilder$2                                          : loaded 2 times (x 70B)
Class com.google.common.collect.ImmutableList$1                                       : loaded 2 times (x 95B)
Class com.google.common.base.Splitter$Strategy                                        : loaded 2 times (x 68B)
Class com.google.common.collect.ImmutableMapEntrySet$RegularEntrySet                  : loaded 2 times (x 149B)
Class [Lcom.google.common.cache.RemovalListener;                                      : loaded 2 times (x 67B)
Class [Lcom.google.common.collect.ImmutableMapEntry;                                  : loaded 2 times (x 67B)
Class org.gradle.internal.installation.CurrentGradleInstallation                      : loaded 2 times (x 71B)
Class org.gradle.internal.agents.InstrumentingClassLoader                             : loaded 2 times (x 68B)
Class org.gradle.internal.installation.CurrentGradleInstallationLocator               : loaded 2 times (x 69B)
Class [Lcom.google.common.cache.LocalCache$Segment;                                   : loaded 2 times (x 67B)
Class org.gradle.api.internal.classpath.Module                                        : loaded 2 times (x 68B)
Class com.google.common.base.Splitter$1$1                                             : loaded 2 times (x 84B)
Class com.google.common.collect.ImmutableSet$JdkBackedSetBuilderImpl                  : loaded 2 times (x 74B)
Class com.google.common.collect.ImmutableSet$RegularSetBuilderImpl                    : loaded 2 times (x 75B)
Class [Lorg.objectweb.asm.AnnotationWriter;                                           : loaded 2 times (x 67B)
Class org.gradle.internal.service.CachingServiceLocator                               : loaded 2 times (x 80B)
Class [Lcom.google.common.collect.ImmutableEntry;                                     : loaded 2 times (x 67B)
Class com.google.common.collect.Sets$ImprovedAbstractSet                              : loaded 2 times (x 133B)
Class org.gradle.internal.classpath.DefaultClassPath                                  : loaded 2 times (x 88B)
Class com.google.common.util.concurrent.AbstractFuture$SetFuture                      : loaded 2 times (x 73B)
Class com.google.common.base.Splitter$SplittingIterator                               : loaded 2 times (x 82B)
Class com.google.common.cache.LocalCache$LocalManualCache$1                           : loaded 2 times (x 73B)
Class com.google.common.collect.Iterators$MergingIterator                             : loaded 2 times (x 79B)
Class org.objectweb.asm.SymbolTable$Entry                                             : loaded 2 times (x 72B)
Class [Lcom.google.common.cache.LocalCache$EntryFactory;                              : loaded 2 times (x 67B)
Class com.google.common.base.CharMatcher$Is                                           : loaded 2 times (x 109B)
Class com.google.common.base.Platform                                                 : loaded 2 times (x 69B)
Class com.google.common.collect.RegularImmutableAsList                                : loaded 2 times (x 176B)
Class com.google.common.collect.PeekingIterator                                       : loaded 2 times (x 68B)
Class com.google.common.collect.ImmutableMapEntrySet                                  : loaded 2 times (x 149B)
Class com.google.common.cache.CacheLoader                                             : loaded 2 times (x 72B)
Class com.google.common.collect.ImmutableBiMapFauxverideShim                          : loaded 2 times (x 118B)
Class org.objectweb.asm.MethodTooLargeException                                       : loaded 2 times (x 81B)
Class com.google.common.cache.Cache                                                   : loaded 2 times (x 68B)
Class org.gradle.internal.classloader.SystemClassLoaderSpec                           : loaded 2 times (x 69B)
Class com.google.common.util.concurrent.internal.InternalFutureFailureAccess          : loaded 2 times (x 70B)
Class com.google.common.base.Charsets                                                 : loaded 2 times (x 69B)
Class com.google.common.primitives.Ints$IntConverter                                  : loaded 2 times (x 88B)
Class com.google.common.collect.SingletonImmutableSet                                 : loaded 2 times (x 144B)
Class [Lcom.google.common.base.AbstractIterator$State;                                : loaded 2 times (x 67B)
Class com.google.common.collect.ImmutableMap$Builder                                  : loaded 2 times (x 80B)
Class com.google.common.base.AbstractIterator                                         : loaded 2 times (x 78B)
Class org.objectweb.asm.ClassWriter                                                   : loaded 2 times (x 104B)
Class com.google.common.base.AbstractIterator$1                                       : loaded 2 times (x 69B)
Class [Lcom.google.common.cache.CacheBuilder$OneWeigher;                              : loaded 2 times (x 67B)
Class com.google.common.collect.Iterators                                             : loaded 2 times (x 69B)
Class com.google.common.base.CharMatcher$1                                            : loaded 2 times (x 111B)
Class com.google.common.base.CharMatcher$Ascii                                        : loaded 2 times (x 110B)
Class com.google.common.cache.LocalCache$ComputingValueReference                      : loaded 2 times (x 94B)
Class org.gradle.api.UncheckedIOException                                             : loaded 2 times (x 80B)
Class com.google.common.base.CharMatcher$And                                          : loaded 2 times (x 110B)
Class com.google.common.collect.IndexedImmutableSet                                   : loaded 2 times (x 148B)
Class com.google.common.base.ExtraObjectsMethodsForWeb                                : loaded 2 times (x 69B)
Class com.google.common.collect.AbstractListMultimap                                  : loaded 2 times (x 170B)
Class com.google.common.base.CharMatcher$Any                                          : loaded 2 times (x 110B)
Class org.objectweb.asm.ModuleWriter                                                  : loaded 2 times (x 80B)
Class com.google.common.cache.LocalCache$Strength                                     : loaded 2 times (x 79B)
Class com.google.common.collect.AbstractMapBasedMultimap$KeySet                       : loaded 2 times (x 135B)
Class com.google.common.collect.ArrayListMultimapGwtSerializationDependencies         : loaded 2 times (x 170B)
Class com.google.common.base.CharMatcher$RangesMatcher                                : loaded 2 times (x 110B)
Class org.objectweb.asm.Handler                                                       : loaded 2 times (x 70B)
Class com.google.common.collect.ImmutableList$SubList                                 : loaded 2 times (x 168B)
Class com.google.common.cache.LocalCache$ValueReference                               : loaded 2 times (x 68B)
Class org.gradle.internal.classloader.ClasspathUtil                                   : loaded 2 times (x 69B)
Class org.objectweb.asm.CurrentFrame                                                  : loaded 2 times (x 71B)
Class com.google.common.util.concurrent.AbstractFuture                                : loaded 2 times (x 93B)
Class com.google.common.base.Splitter$1                                               : loaded 2 times (x 75B)
Class com.google.common.base.Ticker$1                                                 : loaded 2 times (x 70B)
Class com.google.common.collect.Maps$BiMapConverter                                   : loaded 2 times (x 88B)
Class org.gradle.api.internal.DefaultClassPathRegistry                                : loaded 2 times (x 74B)
Class com.google.common.util.concurrent.AbstractFuture$Cancellation                   : loaded 2 times (x 70B)
Class [Lorg.objectweb.asm.Symbol;                                                     : loaded 2 times (x 67B)
Class com.google.common.collect.ImmutableSet$SetBuilderImpl                           : loaded 2 times (x 74B)
Class org.gradle.api.internal.classpath.DefaultModuleRegistry$DefaultModule           : loaded 2 times (x 84B)
Class com.google.common.base.CharMatcher$JavaIsoControl                               : loaded 2 times (x 110B)
Class com.google.common.collect.ImmutableMap$1                                        : loaded 2 times (x 79B)
Class com.google.common.base.CharMatcher$Or                                           : loaded 2 times (x 110B)
Class org.gradle.kotlin.dsl.VersionCatalogAccessorsKt                                 : loaded 2 times (x 69B)
Class com.google.common.base.Suppliers$SupplierOfInstance                             : loaded 2 times (x 77B)
Class org.objectweb.asm.RecordComponentVisitor                                        : loaded 2 times (x 75B)
Class com.google.common.collect.Iterables                                             : loaded 2 times (x 69B)
Class com.google.common.base.CharMatcher$JavaLowerCase                                : loaded 2 times (x 109B)
Class org.objectweb.asm.ClassTooLargeException                                        : loaded 2 times (x 81B)
Class org.gradle.api.internal.classpath.UnknownModuleException                        : loaded 2 times (x 80B)
Class com.google.common.util.concurrent.AbstractFuture$Listener                       : loaded 2 times (x 70B)
Class org.objectweb.asm.Edge                                                          : loaded 2 times (x 70B)
Class com.google.common.collect.Maps$EntryTransformer                                 : loaded 2 times (x 68B)
Class com.google.common.collect.ImmutableCollection$Builder                           : loaded 2 times (x 74B)
Class [Lorg.objectweb.asm.SymbolTable$Entry;                                          : loaded 2 times (x 67B)
Class com.google.common.collect.SingletonImmutableBiMap                               : loaded 2 times (x 141B)
Class com.google.common.base.CommonPattern                                            : loaded 2 times (x 72B)
Class com.google.common.base.Suppliers                                                : loaded 2 times (x 69B)
Class org.objectweb.asm.ClassVisitor                                                  : loaded 2 times (x 86B)
Class com.google.common.cache.LoadingCache                                            : loaded 2 times (x 68B)
Class org.gradle.internal.service.ServiceLookupException                              : loaded 2 times (x 80B)
Class org.gradle.cache.GlobalCache                                                    : loaded 2 times (x 68B)
Class com.google.common.base.CharMatcher$NegatedFastMatcher                           : loaded 2 times (x 111B)
Class [Lorg.gradle.api.internal.ClassPathProvider;                                    : loaded 2 times (x 67B)
Class com.google.common.util.concurrent.AbstractFuture$SafeAtomicHelper               : loaded 2 times (x 77B)
Class org.gradle.util.internal.GUtil                                                  : loaded 2 times (x 69B)
Class com.google.common.math.IntMath                                                  : loaded 2 times (x 69B)
Class com.google.common.collect.AbstractIterator                                      : loaded 2 times (x 80B)
Class org.gradle.internal.classloader.ClassLoaderSpec                                 : loaded 2 times (x 69B)
Class com.google.common.base.NullnessCasts                                            : loaded 2 times (x 69B)
Class org.objectweb.asm.Frame                                                         : loaded 2 times (x 71B)
Class com.google.common.cache.LocalCache$LocalManualCache                             : loaded 2 times (x 97B)
Class com.google.common.collect.AbstractMapEntry                                      : loaded 2 times (x 79B)
Class com.google.common.collect.ImmutableList$Builder                                 : loaded 2 times (x 75B)
Class com.google.common.base.CharMatcher$Negated                                      : loaded 2 times (x 111B)
Class com.google.common.cache.CacheLoader$1                                           : loaded 2 times (x 73B)
Class com.google.common.util.concurrent.AbstractFuture$TrustedFuture                  : loaded 2 times (x 95B)
Class com.google.common.collect.Sets                                                  : loaded 2 times (x 69B)
Class com.google.common.collect.ImmutableSet$Builder                                  : loaded 2 times (x 83B)
Class com.google.common.base.CharMatcher$ForPredicate                                 : loaded 2 times (x 110B)
Class com.google.common.collect.ImmutableMap$MapViewOfValuesAsSingletonSets           : loaded 2 times (x 123B)
Class com.google.common.base.MoreObjects                                              : loaded 2 times (x 69B)
Class com.google.common.collect.SortedMapDifference                                   : loaded 2 times (x 68B)
Class org.objectweb.asm.SymbolTable                                                   : loaded 2 times (x 70B)
Class [Lorg.objectweb.asm.AnnotationVisitor;                                          : loaded 2 times (x 67B)
Class com.google.common.cache.CacheStats                                              : loaded 2 times (x 69B)
Class org.objectweb.asm.Attribute                                                     : loaded 2 times (x 75B)
Class org.gradle.internal.classloader.VisitableURLClassLoader                         : loaded 2 times (x 115B)
Class com.google.common.cache.LocalCache$LocalLoadingCache                            : loaded 2 times (x 132B)
Class com.google.common.base.Supplier                                                 : loaded 2 times (x 68B)
Class com.google.common.base.Objects                                                  : loaded 2 times (x 69B)
Class com.google.common.util.concurrent.AbstractFuture$AtomicHelper                   : loaded 2 times (x 76B)
Class com.google.common.collect.ImmutableBiMap                                        : loaded 2 times (x 141B)
Class org.gradle.internal.Cast                                                        : loaded 2 times (x 69B)
Class org.gradle.internal.installation.GradleInstallation                             : loaded 2 times (x 73B)
Class org.gradle.api.internal.ClassPathRegistry                                       : loaded 2 times (x 68B)
Class com.google.common.cache.LocalCache$EntryFactory                                 : loaded 2 times (x 81B)
Class com.google.common.util.concurrent.UncheckedExecutionException                   : loaded 2 times (x 80B)
Class com.google.common.collect.ImmutableSet                                          : loaded 2 times (x 143B)
Class org.gradle.internal.classloader.VisitableURLClassLoader$InstrumentingVisitableURLClassLoader: loaded 2 times (x 121B)
Class org.gradle.internal.classloader.ClassLoaderHierarchy                            : loaded 2 times (x 68B)
Class [Lorg.objectweb.asm.Type;                                                       : loaded 2 times (x 67B)
Class com.google.common.base.AbstractIterator$State                                   : loaded 2 times (x 77B)
Class com.google.common.cache.Weigher                                                 : loaded 2 times (x 68B)
Class com.google.common.base.CharMatcher$NamedFastMatcher                             : loaded 2 times (x 110B)
Class org.gradle.internal.InternalTransformer                                         : loaded 2 times (x 68B)
Class org.gradle.internal.service.ServiceLocator                                      : loaded 2 times (x 68B)
Class Settings_gradle$1                                                               : loaded 2 times (x 72B)
Class com.google.common.util.concurrent.SettableFuture                                : loaded 2 times (x 95B)
Class com.google.common.collect.ImmutableMapEntry                                     : loaded 2 times (x 83B)
Class com.google.common.base.CharMatcher$Invisible                                    : loaded 2 times (x 110B)
Class com.google.common.base.Joiner$1                                                 : loaded 2 times (x 78B)
Class com.google.common.base.Joiner$2                                                 : loaded 2 times (x 77B)
Class com.google.common.base.CharMatcher$FastMatcher                                  : loaded 2 times (x 109B)
Class org.gradle.internal.classpath.DefaultClassPath$ImmutableUniqueList              : loaded 2 times (x 159B)
Class com.google.common.base.CharMatcher$JavaLetter                                   : loaded 2 times (x 109B)
Class org.gradle.internal.classpath.TransformedClassPath                              : loaded 2 times (x 94B)
Class com.google.common.collect.MapDifference                                         : loaded 2 times (x 68B)
Class com.google.common.collect.Sets$1                                                : loaded 2 times (x 137B)
Class com.google.common.collect.Sets$2                                                : loaded 2 times (x 137B)
Class com.google.common.util.concurrent.AbstractFuture$Trusted                        : loaded 2 times (x 68B)
Class com.google.common.collect.Sets$3                                                : loaded 2 times (x 137B)
Class com.google.common.collect.Sets$4                                                : loaded 2 times (x 137B)
Class Settings_gradle                                                                 : loaded 2 times (x 126B)
Class org.objectweb.asm.MethodWriter                                                  : loaded 2 times (x 104B)
Class com.google.common.collect.Platform                                              : loaded 2 times (x 69B)
Class com.google.common.collect.ImmutableAsList                                       : loaded 2 times (x 169B)
Class com.google.common.util.concurrent.ExecutionError                                : loaded 2 times (x 80B)
Class com.google.common.base.Equivalence$Identity                                     : loaded 2 times (x 80B)
Class com.google.common.base.CharMatcher$AnyOf                                        : loaded 2 times (x 110B)
Class com.google.common.base.CharMatcher$IsEither                                     : loaded 2 times (x 109B)
Class com.google.common.cache.LocalCache                                              : loaded 2 times (x 185B)
Class com.google.common.collect.RegularImmutableList                                  : loaded 2 times (x 172B)
Class com.google.common.util.concurrent.AbstractFuture$UnsafeAtomicHelper$1           : loaded 2 times (x 74B)
Class com.google.common.base.CharMatcher$JavaUpperCase                                : loaded 2 times (x 109B)
Class com.google.common.collect.Multiset                                              : loaded 2 times (x 68B)
Class com.google.common.collect.ImmutableSet$CachingAsList                            : loaded 2 times (x 145B)
Class org.objectweb.asm.MethodVisitor                                                 : loaded 2 times (x 103B)
Class com.google.common.collect.AbstractMapBasedMultimap$KeySet$1                     : loaded 2 times (x 80B)
Class com.google.common.collect.ImmutableMapEntry$NonTerminalImmutableMapEntry        : loaded 2 times (x 83B)
Class com.google.common.collect.AbstractMapBasedMultimap                              : loaded 2 times (x 137B)


---------------  S Y S T E M  ---------------

OS:
 Windows 10 , 64 bit Build 19041 (10.0.19041.5438)
OS uptime: 0 days 2:42 hours

CPU: total 4 (initial active 4) (2 cores per cpu, 2 threads per core) family 6 model 78 stepping 3 microcode 0xcc, cx8, cmov, fxsr, ht, mmx, 3dnowpref, sse, sse2, sse3, ssse3, sse4.1, sse4.2, popcnt, lzcnt, tsc, tscinvbit, avx, avx2, aes, erms, clmul, bmi1, bmi2, rtm, adx, fma, vzeroupper, clflush, clflushopt
Processor Information for all 4 processors :
  Max Mhz: 2304, Current Mhz: 801, Mhz Limit: 783

Memory: 4k page, system-wide physical 7571M (379M free)
TotalPageFile size 8851M (AvailPageFile size 8M)
current process WorkingSet (physical memory assigned to process): 438M, peak: 443M
current process commit charge ("private bytes"): 639M, peak: 642M

vm_info: OpenJDK 64-Bit Server VM (17.0.11+0--11852314) for windows-amd64 JRE (17.0.11+0--11852314), built on May 16 2024 21:29:20 by "androidbuild" with MS VC++ 16.10 / 16.11 (VS2019)

END.
